{
  "/Users/umar/manufind-1/manufind/frontend/src/Components/AuthContext/AuthContext.jsx": {
    "path": "/Users/umar/manufind-1/manufind/frontend/src/Components/AuthContext/AuthContext.jsx",
    "statementMap": {
      "0": {
        "start": {
          "line": 3,
          "column": 20
        },
        "end": {
          "line": 3,
          "column": 97
        }
      },
      "1": {
        "start": {
          "line": 6,
          "column": 0
        },
        "end": {
          "line": 16,
          "column": 1
        }
      },
      "2": {
        "start": {
          "line": 7,
          "column": 2
        },
        "end": {
          "line": 11,
          "column": 3
        }
      },
      "3": {
        "start": {
          "line": 8,
          "column": 4
        },
        "end": {
          "line": 10,
          "column": 6
        }
      },
      "4": {
        "start": {
          "line": 12,
          "column": 2
        },
        "end": {
          "line": 12,
          "column": 39
        }
      },
      "5": {
        "start": {
          "line": 13,
          "column": 2
        },
        "end": {
          "line": 13,
          "column": 39
        }
      },
      "6": {
        "start": {
          "line": 14,
          "column": 2
        },
        "end": {
          "line": 14,
          "column": 140
        }
      },
      "7": {
        "start": {
          "line": 15,
          "column": 2
        },
        "end": {
          "line": 15,
          "column": 75
        }
      },
      "8": {
        "start": {
          "line": 17,
          "column": 9
        },
        "end": {
          "line": 17,
          "column": 23
        }
      },
      "9": {
        "start": {
          "line": 17,
          "column": 31
        },
        "end": {
          "line": 17,
          "column": 45
        }
      },
      "10": {
        "start": {
          "line": 19,
          "column": 20
        },
        "end": {
          "line": 19,
          "column": 35
        }
      },
      "11": {
        "start": {
          "line": 20,
          "column": 28
        },
        "end": {
          "line": 40,
          "column": 1
        }
      },
      "12": {
        "start": {
          "line": 21,
          "column": 2
        },
        "end": {
          "line": 21,
          "column": 7
        }
      },
      "13": {
        "start": {
          "line": 22,
          "column": 34
        },
        "end": {
          "line": 22,
          "column": 48
        }
      },
      "14": {
        "start": {
          "line": 23,
          "column": 2
        },
        "end": {
          "line": 26,
          "column": 9
        }
      },
      "15": {
        "start": {
          "line": 24,
          "column": 22
        },
        "end": {
          "line": 24,
          "column": 54
        }
      },
      "16": {
        "start": {
          "line": 25,
          "column": 4
        },
        "end": {
          "line": 25,
          "column": 54
        }
      },
      "17": {
        "start": {
          "line": 25,
          "column": 19
        },
        "end": {
          "line": 25,
          "column": 54
        }
      },
      "18": {
        "start": {
          "line": 27,
          "column": 16
        },
        "end": {
          "line": 30,
          "column": 3
        }
      },
      "19": {
        "start": {
          "line": 28,
          "column": 4
        },
        "end": {
          "line": 28,
          "column": 26
        }
      },
      "20": {
        "start": {
          "line": 29,
          "column": 4
        },
        "end": {
          "line": 29,
          "column": 63
        }
      },
      "21": {
        "start": {
          "line": 31,
          "column": 17
        },
        "end": {
          "line": 34,
          "column": 3
        }
      },
      "22": {
        "start": {
          "line": 32,
          "column": 4
        },
        "end": {
          "line": 32,
          "column": 22
        }
      },
      "23": {
        "start": {
          "line": 33,
          "column": 4
        },
        "end": {
          "line": 33,
          "column": 40
        }
      },
      "24": {
        "start": {
          "line": 35,
          "column": 2
        },
        "end": {
          "line": 39,
          "column": 11
        }
      },
      "25": {
        "start": {
          "line": 41,
          "column": 0
        },
        "end": {
          "line": 41,
          "column": 49
        }
      },
      "26": {
        "start": {
          "line": 42,
          "column": 0
        },
        "end": {
          "line": 42,
          "column": 18
        }
      },
      "27": {
        "start": {
          "line": 43,
          "column": 23
        },
        "end": {
          "line": 46,
          "column": 1
        }
      },
      "28": {
        "start": {
          "line": 44,
          "column": 2
        },
        "end": {
          "line": 44,
          "column": 8
        }
      },
      "29": {
        "start": {
          "line": 45,
          "column": 2
        },
        "end": {
          "line": 45,
          "column": 33
        }
      },
      "30": {
        "start": {
          "line": 47,
          "column": 0
        },
        "end": {
          "line": 47,
          "column": 45
        }
      },
      "31": {
        "start": {
          "line": 49,
          "column": 0
        },
        "end": {
          "line": 49,
          "column": 33
        }
      },
      "32": {
        "start": {
          "line": 50,
          "column": 0
        },
        "end": {
          "line": 53,
          "column": 1
        }
      },
      "33": {
        "start": {
          "line": 51,
          "column": 2
        },
        "end": {
          "line": 51,
          "column": 39
        }
      },
      "34": {
        "start": {
          "line": 52,
          "column": 2
        },
        "end": {
          "line": 52,
          "column": 39
        }
      },
      "35": {
        "start": {
          "line": 54,
          "column": 0
        },
        "end": {
          "line": 63,
          "column": 1
        }
      },
      "36": {
        "start": {
          "line": 55,
          "column": 2
        },
        "end": {
          "line": 62,
          "column": 5
        }
      },
      "37": {
        "start": {
          "line": 56,
          "column": 4
        },
        "end": {
          "line": 56,
          "column": 153
        }
      },
      "38": {
        "start": {
          "line": 57,
          "column": 4
        },
        "end": {
          "line": 61,
          "column": 7
        }
      },
      "39": {
        "start": {
          "line": 58,
          "column": 6
        },
        "end": {
          "line": 58,
          "column": 31
        }
      },
      "40": {
        "start": {
          "line": 58,
          "column": 24
        },
        "end": {
          "line": 58,
          "column": 31
        }
      },
      "41": {
        "start": {
          "line": 59,
          "column": 32
        },
        "end": {
          "line": 59,
          "column": 202
        }
      },
      "42": {
        "start": {
          "line": 60,
          "column": 6
        },
        "end": {
          "line": 60,
          "column": 75
        }
      },
      "43": {
        "start": {
          "line": 60,
          "column": 29
        },
        "end": {
          "line": 60,
          "column": 75
        }
      }
    },
    "fnMap": {
      "0": {
        "name": "(anonymous_0)",
        "decl": {
          "start": {
            "line": 20,
            "column": 28
          },
          "end": {
            "line": 20,
            "column": 29
          }
        },
        "loc": {
          "start": {
            "line": 20,
            "column": 46
          },
          "end": {
            "line": 40,
            "column": 1
          }
        },
        "line": 20
      },
      "1": {
        "name": "(anonymous_1)",
        "decl": {
          "start": {
            "line": 23,
            "column": 12
          },
          "end": {
            "line": 23,
            "column": 13
          }
        },
        "loc": {
          "start": {
            "line": 23,
            "column": 18
          },
          "end": {
            "line": 26,
            "column": 3
          }
        },
        "line": 23
      },
      "2": {
        "name": "(anonymous_2)",
        "decl": {
          "start": {
            "line": 27,
            "column": 16
          },
          "end": {
            "line": 27,
            "column": 17
          }
        },
        "loc": {
          "start": {
            "line": 27,
            "column": 30
          },
          "end": {
            "line": 30,
            "column": 3
          }
        },
        "line": 27
      },
      "3": {
        "name": "(anonymous_3)",
        "decl": {
          "start": {
            "line": 31,
            "column": 17
          },
          "end": {
            "line": 31,
            "column": 18
          }
        },
        "loc": {
          "start": {
            "line": 31,
            "column": 23
          },
          "end": {
            "line": 34,
            "column": 3
          }
        },
        "line": 31
      },
      "4": {
        "name": "(anonymous_4)",
        "decl": {
          "start": {
            "line": 43,
            "column": 23
          },
          "end": {
            "line": 43,
            "column": 24
          }
        },
        "loc": {
          "start": {
            "line": 43,
            "column": 29
          },
          "end": {
            "line": 46,
            "column": 1
          }
        },
        "line": 43
      },
      "5": {
        "name": "(anonymous_5)",
        "decl": {
          "start": {
            "line": 55,
            "column": 52
          },
          "end": {
            "line": 55,
            "column": 53
          }
        },
        "loc": {
          "start": {
            "line": 55,
            "column": 72
          },
          "end": {
            "line": 62,
            "column": 3
          }
        },
        "line": 55
      },
      "6": {
        "name": "(anonymous_6)",
        "decl": {
          "start": {
            "line": 57,
            "column": 27
          },
          "end": {
            "line": 57,
            "column": 28
          }
        },
        "loc": {
          "start": {
            "line": 57,
            "column": 44
          },
          "end": {
            "line": 61,
            "column": 5
          }
        },
        "line": 57
      }
    },
    "branchMap": {
      "0": {
        "loc": {
          "start": {
            "line": 3,
            "column": 20
          },
          "end": {
            "line": 3,
            "column": 97
          }
        },
        "type": "binary-expr",
        "locations": [
          {
            "start": {
              "line": 3,
              "column": 20
            },
            "end": {
              "line": 3,
              "column": 60
            }
          },
          {
            "start": {
              "line": 3,
              "column": 64
            },
            "end": {
              "line": 3,
              "column": 97
            }
          }
        ],
        "line": 3
      },
      "1": {
        "loc": {
          "start": {
            "line": 6,
            "column": 0
          },
          "end": {
            "line": 16,
            "column": 1
          }
        },
        "type": "if",
        "locations": [
          {
            "start": {
              "line": 6,
              "column": 0
            },
            "end": {
              "line": 16,
              "column": 1
            }
          },
          {
            "start": {},
            "end": {}
          }
        ],
        "line": 6
      },
      "2": {
        "loc": {
          "start": {
            "line": 6,
            "column": 4
          },
          "end": {
            "line": 6,
            "column": 35
          }
        },
        "type": "binary-expr",
        "locations": [
          {
            "start": {
              "line": 6,
              "column": 4
            },
            "end": {
              "line": 6,
              "column": 19
            }
          },
          {
            "start": {
              "line": 6,
              "column": 23
            },
            "end": {
              "line": 6,
              "column": 35
            }
          }
        ],
        "line": 6
      },
      "3": {
        "loc": {
          "start": {
            "line": 7,
            "column": 2
          },
          "end": {
            "line": 11,
            "column": 3
          }
        },
        "type": "if",
        "locations": [
          {
            "start": {
              "line": 7,
              "column": 2
            },
            "end": {
              "line": 11,
              "column": 3
            }
          },
          {
            "start": {},
            "end": {}
          }
        ],
        "line": 7
      },
      "4": {
        "loc": {
          "start": {
            "line": 25,
            "column": 4
          },
          "end": {
            "line": 25,
            "column": 54
          }
        },
        "type": "if",
        "locations": [
          {
            "start": {
              "line": 25,
              "column": 4
            },
            "end": {
              "line": 25,
              "column": 54
            }
          },
          {
            "start": {},
            "end": {}
          }
        ],
        "line": 25
      },
      "5": {
        "loc": {
          "start": {
            "line": 50,
            "column": 0
          },
          "end": {
            "line": 53,
            "column": 1
          }
        },
        "type": "if",
        "locations": [
          {
            "start": {
              "line": 50,
              "column": 0
            },
            "end": {
              "line": 53,
              "column": 1
            }
          },
          {
            "start": {},
            "end": {}
          }
        ],
        "line": 50
      },
      "6": {
        "loc": {
          "start": {
            "line": 50,
            "column": 4
          },
          "end": {
            "line": 50,
            "column": 35
          }
        },
        "type": "binary-expr",
        "locations": [
          {
            "start": {
              "line": 50,
              "column": 4
            },
            "end": {
              "line": 50,
              "column": 19
            }
          },
          {
            "start": {
              "line": 50,
              "column": 23
            },
            "end": {
              "line": 50,
              "column": 35
            }
          }
        ],
        "line": 50
      },
      "7": {
        "loc": {
          "start": {
            "line": 54,
            "column": 0
          },
          "end": {
            "line": 63,
            "column": 1
          }
        },
        "type": "if",
        "locations": [
          {
            "start": {
              "line": 54,
              "column": 0
            },
            "end": {
              "line": 63,
              "column": 1
            }
          },
          {
            "start": {},
            "end": {}
          }
        ],
        "line": 54
      },
      "8": {
        "loc": {
          "start": {
            "line": 54,
            "column": 4
          },
          "end": {
            "line": 54,
            "column": 35
          }
        },
        "type": "binary-expr",
        "locations": [
          {
            "start": {
              "line": 54,
              "column": 4
            },
            "end": {
              "line": 54,
              "column": 19
            }
          },
          {
            "start": {
              "line": 54,
              "column": 23
            },
            "end": {
              "line": 54,
              "column": 35
            }
          }
        ],
        "line": 54
      },
      "9": {
        "loc": {
          "start": {
            "line": 58,
            "column": 6
          },
          "end": {
            "line": 58,
            "column": 31
          }
        },
        "type": "if",
        "locations": [
          {
            "start": {
              "line": 58,
              "column": 6
            },
            "end": {
              "line": 58,
              "column": 31
            }
          },
          {
            "start": {},
            "end": {}
          }
        ],
        "line": 58
      },
      "10": {
        "loc": {
          "start": {
            "line": 60,
            "column": 6
          },
          "end": {
            "line": 60,
            "column": 75
          }
        },
        "type": "if",
        "locations": [
          {
            "start": {
              "line": 60,
              "column": 6
            },
            "end": {
              "line": 60,
              "column": 75
            }
          },
          {
            "start": {},
            "end": {}
          }
        ],
        "line": 60
      }
    },
    "s": {
      "0": 2,
      "1": 2,
      "2": 2,
      "3": 0,
      "4": 2,
      "5": 2,
      "6": 2,
      "7": 2,
      "8": 2,
      "9": 2,
      "10": 2,
      "11": 2,
      "12": 4,
      "13": 4,
      "14": 4,
      "15": 4,
      "16": 4,
      "17": 0,
      "18": 4,
      "19": 0,
      "20": 0,
      "21": 4,
      "22": 0,
      "23": 0,
      "24": 4,
      "25": 2,
      "26": 2,
      "27": 2,
      "28": 8,
      "29": 8,
      "30": 2,
      "31": 2,
      "32": 2,
      "33": 2,
      "34": 2,
      "35": 2,
      "36": 2,
      "37": 2,
      "38": 2,
      "39": 0,
      "40": 0,
      "41": 0,
      "42": 0,
      "43": 0
    },
    "f": {
      "0": 4,
      "1": 4,
      "2": 0,
      "3": 0,
      "4": 8,
      "5": 2,
      "6": 0
    },
    "b": {
      "0": [
        2,
        0
      ],
      "1": [
        2,
        0
      ],
      "2": [
        2,
        2
      ],
      "3": [
        0,
        2
      ],
      "4": [
        0,
        4
      ],
      "5": [
        2,
        0
      ],
      "6": [
        2,
        2
      ],
      "7": [
        2,
        0
      ],
      "8": [
        2,
        2
      ],
      "9": [
        0,
        0
      ],
      "10": [
        0,
        0
      ]
    },
    "inputSourceMap": {
      "version": 3,
      "mappings": "AAuBI;;;;;;;;;;;;;;;;;AAvBJ,OAAOA,SAASC,eAAeC,YAAYC,UAAUC,iBAAiB;AAEtE,MAAMC,cAAcJ,cAAc;AAE3B,aAAMK,eAAeA,CAAC,EAAEC,SAAS,MAAM;AAAAC,KAAA;AAC5C,QAAM,CAACC,UAAUC,WAAW,IAAIP,SAAS,IAAI;AAE7CC,YAAU,MAAM;AACd,UAAMO,YAAYC,aAAaC,QAAQ,UAAU;AACjD,QAAIF,UAAWD,aAAYI,KAAKC,MAAMJ,SAAS,CAAC;AAAA,EAClD,GAAG,EAAE;AAEL,QAAMK,QAAQA,CAACC,aAAa;AAC1BP,gBAAYO,QAAQ;AACpBL,iBAAaM,QAAQ,YAAYJ,KAAKK,UAAUF,QAAQ,CAAC;AAAA,EAC3D;AAEA,QAAMG,SAASA,MAAM;AACnBV,gBAAY,IAAI;AAChBE,iBAAaS,WAAW,UAAU;AAAA,EACpC;AAEA,SACE,uBAAC,YAAY,UAAZ,EAAqB,OAAO,EAAEZ,UAAUO,OAAOI,OAAO,GACpDb,YADH;AAAA;AAAA;AAAA;AAAA,SAEA;AAEJ;AAAEC,GAvBWF,cAAY;AAAAgB,KAAZhB;AAyBN,aAAMiB,UAAUA,MAAA;AAAAC,MAAA;AAAA,SAAMtB,WAAWG,WAAW;AAAC;AAACmB,IAAxCD,SAAO;AAAA,IAAAD;AAAAG,aAAAH,IAAA",
      "names": [
        "React",
        "createContext",
        "useContext",
        "useState",
        "useEffect",
        "AuthContext",
        "AuthProvider",
        "children",
        "_s",
        "authData",
        "setAuthData",
        "savedUser",
        "localStorage",
        "getItem",
        "JSON",
        "parse",
        "login",
        "userData",
        "setItem",
        "stringify",
        "logout",
        "removeItem",
        "_c",
        "useAuth",
        "_s2",
        "$RefreshReg$"
      ],
      "ignoreList": [],
      "sources": [
        "/Users/umar/manufind-1/manufind/frontend/src/Components/AuthContext/AuthContext.jsx"
      ],
      "file": "/Users/umar/manufind-1/manufind/frontend/src/Components/AuthContext/AuthContext.jsx"
    },
    "_coverageSchema": "1a1c01bbd47fc00a2c39e90264f33305004495a9",
    "hash": "5093da9a408f6bb6dcfc8d94ccb41a041189c788"
  },
  "/Users/umar/manufind-1/manufind/frontend/src/Components/Header/Header.jsx": {
    "path": "/Users/umar/manufind-1/manufind/frontend/src/Components/Header/Header.jsx",
    "statementMap": {
      "0": {
        "start": {
          "line": 3,
          "column": 20
        },
        "end": {
          "line": 3,
          "column": 97
        }
      },
      "1": {
        "start": {
          "line": 6,
          "column": 0
        },
        "end": {
          "line": 16,
          "column": 1
        }
      },
      "2": {
        "start": {
          "line": 7,
          "column": 2
        },
        "end": {
          "line": 11,
          "column": 3
        }
      },
      "3": {
        "start": {
          "line": 8,
          "column": 4
        },
        "end": {
          "line": 10,
          "column": 6
        }
      },
      "4": {
        "start": {
          "line": 12,
          "column": 2
        },
        "end": {
          "line": 12,
          "column": 39
        }
      },
      "5": {
        "start": {
          "line": 13,
          "column": 2
        },
        "end": {
          "line": 13,
          "column": 39
        }
      },
      "6": {
        "start": {
          "line": 14,
          "column": 2
        },
        "end": {
          "line": 14,
          "column": 130
        }
      },
      "7": {
        "start": {
          "line": 15,
          "column": 2
        },
        "end": {
          "line": 15,
          "column": 75
        }
      },
      "8": {
        "start": {
          "line": 17,
          "column": 9
        },
        "end": {
          "line": 17,
          "column": 23
        }
      },
      "9": {
        "start": {
          "line": 23,
          "column": 15
        },
        "end": {
          "line": 242,
          "column": 1
        }
      },
      "10": {
        "start": {
          "line": 24,
          "column": 2
        },
        "end": {
          "line": 24,
          "column": 7
        }
      },
      "11": {
        "start": {
          "line": 25,
          "column": 31
        },
        "end": {
          "line": 25,
          "column": 40
        }
      },
      "12": {
        "start": {
          "line": 26,
          "column": 19
        },
        "end": {
          "line": 26,
          "column": 32
        }
      },
      "13": {
        "start": {
          "line": 27,
          "column": 34
        },
        "end": {
          "line": 27,
          "column": 49
        }
      },
      "14": {
        "start": {
          "line": 28,
          "column": 23
        },
        "end": {
          "line": 31,
          "column": 3
        }
      },
      "15": {
        "start": {
          "line": 29,
          "column": 4
        },
        "end": {
          "line": 29,
          "column": 13
        }
      },
      "16": {
        "start": {
          "line": 30,
          "column": 4
        },
        "end": {
          "line": 30,
          "column": 18
        }
      },
      "17": {
        "start": {
          "line": 32,
          "column": 27
        },
        "end": {
          "line": 36,
          "column": 3
        }
      },
      "18": {
        "start": {
          "line": 33,
          "column": 4
        },
        "end": {
          "line": 33,
          "column": 13
        }
      },
      "19": {
        "start": {
          "line": 34,
          "column": 4
        },
        "end": {
          "line": 34,
          "column": 18
        }
      },
      "20": {
        "start": {
          "line": 35,
          "column": 4
        },
        "end": {
          "line": 35,
          "column": 23
        }
      },
      "21": {
        "start": {
          "line": 37,
          "column": 15
        },
        "end": {
          "line": 37,
          "column": 29
        }
      },
      "22": {
        "start": {
          "line": 38,
          "column": 2
        },
        "end": {
          "line": 241,
          "column": 11
        }
      },
      "23": {
        "start": {
          "line": 56,
          "column": 100
        },
        "end": {
          "line": 56,
          "column": 122
        }
      },
      "24": {
        "start": {
          "line": 154,
          "column": 64
        },
        "end": {
          "line": 154,
          "column": 82
        }
      },
      "25": {
        "start": {
          "line": 166,
          "column": 72
        },
        "end": {
          "line": 166,
          "column": 90
        }
      },
      "26": {
        "start": {
          "line": 171,
          "column": 69
        },
        "end": {
          "line": 171,
          "column": 87
        }
      },
      "27": {
        "start": {
          "line": 177,
          "column": 95
        },
        "end": {
          "line": 177,
          "column": 113
        }
      },
      "28": {
        "start": {
          "line": 182,
          "column": 100
        },
        "end": {
          "line": 182,
          "column": 118
        }
      },
      "29": {
        "start": {
          "line": 187,
          "column": 102
        },
        "end": {
          "line": 187,
          "column": 120
        }
      },
      "30": {
        "start": {
          "line": 192,
          "column": 102
        },
        "end": {
          "line": 192,
          "column": 120
        }
      },
      "31": {
        "start": {
          "line": 212,
          "column": 71
        },
        "end": {
          "line": 212,
          "column": 89
        }
      },
      "32": {
        "start": {
          "line": 217,
          "column": 72
        },
        "end": {
          "line": 217,
          "column": 90
        }
      },
      "33": {
        "start": {
          "line": 232,
          "column": 85
        },
        "end": {
          "line": 232,
          "column": 103
        }
      },
      "34": {
        "start": {
          "line": 243,
          "column": 0
        },
        "end": {
          "line": 245,
          "column": 3
        }
      },
      "35": {
        "start": {
          "line": 244,
          "column": 2
        },
        "end": {
          "line": 244,
          "column": 32
        }
      },
      "36": {
        "start": {
          "line": 246,
          "column": 0
        },
        "end": {
          "line": 246,
          "column": 12
        }
      },
      "37": {
        "start": {
          "line": 249,
          "column": 0
        },
        "end": {
          "line": 249,
          "column": 27
        }
      },
      "38": {
        "start": {
          "line": 250,
          "column": 0
        },
        "end": {
          "line": 253,
          "column": 1
        }
      },
      "39": {
        "start": {
          "line": 251,
          "column": 2
        },
        "end": {
          "line": 251,
          "column": 39
        }
      },
      "40": {
        "start": {
          "line": 252,
          "column": 2
        },
        "end": {
          "line": 252,
          "column": 39
        }
      },
      "41": {
        "start": {
          "line": 254,
          "column": 0
        },
        "end": {
          "line": 263,
          "column": 1
        }
      },
      "42": {
        "start": {
          "line": 255,
          "column": 2
        },
        "end": {
          "line": 262,
          "column": 5
        }
      },
      "43": {
        "start": {
          "line": 256,
          "column": 4
        },
        "end": {
          "line": 256,
          "column": 143
        }
      },
      "44": {
        "start": {
          "line": 257,
          "column": 4
        },
        "end": {
          "line": 261,
          "column": 7
        }
      },
      "45": {
        "start": {
          "line": 258,
          "column": 6
        },
        "end": {
          "line": 258,
          "column": 31
        }
      },
      "46": {
        "start": {
          "line": 258,
          "column": 24
        },
        "end": {
          "line": 258,
          "column": 31
        }
      },
      "47": {
        "start": {
          "line": 259,
          "column": 32
        },
        "end": {
          "line": 259,
          "column": 192
        }
      },
      "48": {
        "start": {
          "line": 260,
          "column": 6
        },
        "end": {
          "line": 260,
          "column": 75
        }
      },
      "49": {
        "start": {
          "line": 260,
          "column": 29
        },
        "end": {
          "line": 260,
          "column": 75
        }
      }
    },
    "fnMap": {
      "0": {
        "name": "(anonymous_0)",
        "decl": {
          "start": {
            "line": 23,
            "column": 15
          },
          "end": {
            "line": 23,
            "column": 16
          }
        },
        "loc": {
          "start": {
            "line": 23,
            "column": 21
          },
          "end": {
            "line": 242,
            "column": 1
          }
        },
        "line": 23
      },
      "1": {
        "name": "(anonymous_1)",
        "decl": {
          "start": {
            "line": 28,
            "column": 23
          },
          "end": {
            "line": 28,
            "column": 24
          }
        },
        "loc": {
          "start": {
            "line": 28,
            "column": 29
          },
          "end": {
            "line": 31,
            "column": 3
          }
        },
        "line": 28
      },
      "2": {
        "name": "(anonymous_2)",
        "decl": {
          "start": {
            "line": 32,
            "column": 27
          },
          "end": {
            "line": 32,
            "column": 28
          }
        },
        "loc": {
          "start": {
            "line": 32,
            "column": 33
          },
          "end": {
            "line": 36,
            "column": 3
          }
        },
        "line": 32
      },
      "3": {
        "name": "(anonymous_3)",
        "decl": {
          "start": {
            "line": 56,
            "column": 94
          },
          "end": {
            "line": 56,
            "column": 95
          }
        },
        "loc": {
          "start": {
            "line": 56,
            "column": 100
          },
          "end": {
            "line": 56,
            "column": 122
          }
        },
        "line": 56
      },
      "4": {
        "name": "(anonymous_4)",
        "decl": {
          "start": {
            "line": 154,
            "column": 58
          },
          "end": {
            "line": 154,
            "column": 59
          }
        },
        "loc": {
          "start": {
            "line": 154,
            "column": 64
          },
          "end": {
            "line": 154,
            "column": 82
          }
        },
        "line": 154
      },
      "5": {
        "name": "(anonymous_5)",
        "decl": {
          "start": {
            "line": 166,
            "column": 66
          },
          "end": {
            "line": 166,
            "column": 67
          }
        },
        "loc": {
          "start": {
            "line": 166,
            "column": 72
          },
          "end": {
            "line": 166,
            "column": 90
          }
        },
        "line": 166
      },
      "6": {
        "name": "(anonymous_6)",
        "decl": {
          "start": {
            "line": 171,
            "column": 63
          },
          "end": {
            "line": 171,
            "column": 64
          }
        },
        "loc": {
          "start": {
            "line": 171,
            "column": 69
          },
          "end": {
            "line": 171,
            "column": 87
          }
        },
        "line": 171
      },
      "7": {
        "name": "(anonymous_7)",
        "decl": {
          "start": {
            "line": 177,
            "column": 89
          },
          "end": {
            "line": 177,
            "column": 90
          }
        },
        "loc": {
          "start": {
            "line": 177,
            "column": 95
          },
          "end": {
            "line": 177,
            "column": 113
          }
        },
        "line": 177
      },
      "8": {
        "name": "(anonymous_8)",
        "decl": {
          "start": {
            "line": 182,
            "column": 94
          },
          "end": {
            "line": 182,
            "column": 95
          }
        },
        "loc": {
          "start": {
            "line": 182,
            "column": 100
          },
          "end": {
            "line": 182,
            "column": 118
          }
        },
        "line": 182
      },
      "9": {
        "name": "(anonymous_9)",
        "decl": {
          "start": {
            "line": 187,
            "column": 96
          },
          "end": {
            "line": 187,
            "column": 97
          }
        },
        "loc": {
          "start": {
            "line": 187,
            "column": 102
          },
          "end": {
            "line": 187,
            "column": 120
          }
        },
        "line": 187
      },
      "10": {
        "name": "(anonymous_10)",
        "decl": {
          "start": {
            "line": 192,
            "column": 96
          },
          "end": {
            "line": 192,
            "column": 97
          }
        },
        "loc": {
          "start": {
            "line": 192,
            "column": 102
          },
          "end": {
            "line": 192,
            "column": 120
          }
        },
        "line": 192
      },
      "11": {
        "name": "(anonymous_11)",
        "decl": {
          "start": {
            "line": 212,
            "column": 65
          },
          "end": {
            "line": 212,
            "column": 66
          }
        },
        "loc": {
          "start": {
            "line": 212,
            "column": 71
          },
          "end": {
            "line": 212,
            "column": 89
          }
        },
        "line": 212
      },
      "12": {
        "name": "(anonymous_12)",
        "decl": {
          "start": {
            "line": 217,
            "column": 66
          },
          "end": {
            "line": 217,
            "column": 67
          }
        },
        "loc": {
          "start": {
            "line": 217,
            "column": 72
          },
          "end": {
            "line": 217,
            "column": 90
          }
        },
        "line": 217
      },
      "13": {
        "name": "(anonymous_13)",
        "decl": {
          "start": {
            "line": 232,
            "column": 79
          },
          "end": {
            "line": 232,
            "column": 80
          }
        },
        "loc": {
          "start": {
            "line": 232,
            "column": 85
          },
          "end": {
            "line": 232,
            "column": 103
          }
        },
        "line": 232
      },
      "14": {
        "name": "(anonymous_14)",
        "decl": {
          "start": {
            "line": 243,
            "column": 50
          },
          "end": {
            "line": 243,
            "column": 51
          }
        },
        "loc": {
          "start": {
            "line": 243,
            "column": 61
          },
          "end": {
            "line": 245,
            "column": 1
          }
        },
        "line": 243
      },
      "15": {
        "name": "(anonymous_15)",
        "decl": {
          "start": {
            "line": 255,
            "column": 52
          },
          "end": {
            "line": 255,
            "column": 53
          }
        },
        "loc": {
          "start": {
            "line": 255,
            "column": 72
          },
          "end": {
            "line": 262,
            "column": 3
          }
        },
        "line": 255
      },
      "16": {
        "name": "(anonymous_16)",
        "decl": {
          "start": {
            "line": 257,
            "column": 27
          },
          "end": {
            "line": 257,
            "column": 28
          }
        },
        "loc": {
          "start": {
            "line": 257,
            "column": 44
          },
          "end": {
            "line": 261,
            "column": 5
          }
        },
        "line": 257
      }
    },
    "branchMap": {
      "0": {
        "loc": {
          "start": {
            "line": 3,
            "column": 20
          },
          "end": {
            "line": 3,
            "column": 97
          }
        },
        "type": "binary-expr",
        "locations": [
          {
            "start": {
              "line": 3,
              "column": 20
            },
            "end": {
              "line": 3,
              "column": 60
            }
          },
          {
            "start": {
              "line": 3,
              "column": 64
            },
            "end": {
              "line": 3,
              "column": 97
            }
          }
        ],
        "line": 3
      },
      "1": {
        "loc": {
          "start": {
            "line": 6,
            "column": 0
          },
          "end": {
            "line": 16,
            "column": 1
          }
        },
        "type": "if",
        "locations": [
          {
            "start": {
              "line": 6,
              "column": 0
            },
            "end": {
              "line": 16,
              "column": 1
            }
          },
          {
            "start": {},
            "end": {}
          }
        ],
        "line": 6
      },
      "2": {
        "loc": {
          "start": {
            "line": 6,
            "column": 4
          },
          "end": {
            "line": 6,
            "column": 35
          }
        },
        "type": "binary-expr",
        "locations": [
          {
            "start": {
              "line": 6,
              "column": 4
            },
            "end": {
              "line": 6,
              "column": 19
            }
          },
          {
            "start": {
              "line": 6,
              "column": 23
            },
            "end": {
              "line": 6,
              "column": 35
            }
          }
        ],
        "line": 6
      },
      "3": {
        "loc": {
          "start": {
            "line": 7,
            "column": 2
          },
          "end": {
            "line": 11,
            "column": 3
          }
        },
        "type": "if",
        "locations": [
          {
            "start": {
              "line": 7,
              "column": 2
            },
            "end": {
              "line": 11,
              "column": 3
            }
          },
          {
            "start": {},
            "end": {}
          }
        ],
        "line": 7
      },
      "4": {
        "loc": {
          "start": {
            "line": 56,
            "column": 59
          },
          "end": {
            "line": 56,
            "column": 81
          }
        },
        "type": "cond-expr",
        "locations": [
          {
            "start": {
              "line": 56,
              "column": 70
            },
            "end": {
              "line": 56,
              "column": 76
            }
          },
          {
            "start": {
              "line": 56,
              "column": 79
            },
            "end": {
              "line": 56,
              "column": 81
            }
          }
        ],
        "line": 56
      },
      "5": {
        "loc": {
          "start": {
            "line": 88,
            "column": 8
          },
          "end": {
            "line": 92,
            "column": 16
          }
        },
        "type": "binary-expr",
        "locations": [
          {
            "start": {
              "line": 88,
              "column": 8
            },
            "end": {
              "line": 88,
              "column": 30
            }
          },
          {
            "start": {
              "line": 88,
              "column": 50
            },
            "end": {
              "line": 92,
              "column": 16
            }
          }
        ],
        "line": 88
      },
      "6": {
        "loc": {
          "start": {
            "line": 93,
            "column": 8
          },
          "end": {
            "line": 97,
            "column": 16
          }
        },
        "type": "binary-expr",
        "locations": [
          {
            "start": {
              "line": 93,
              "column": 8
            },
            "end": {
              "line": 93,
              "column": 30
            }
          },
          {
            "start": {
              "line": 93,
              "column": 50
            },
            "end": {
              "line": 97,
              "column": 16
            }
          }
        ],
        "line": 93
      },
      "7": {
        "loc": {
          "start": {
            "line": 98,
            "column": 8
          },
          "end": {
            "line": 102,
            "column": 16
          }
        },
        "type": "binary-expr",
        "locations": [
          {
            "start": {
              "line": 98,
              "column": 8
            },
            "end": {
              "line": 98,
              "column": 25
            }
          },
          {
            "start": {
              "line": 98,
              "column": 45
            },
            "end": {
              "line": 102,
              "column": 16
            }
          }
        ],
        "line": 98
      },
      "8": {
        "loc": {
          "start": {
            "line": 103,
            "column": 8
          },
          "end": {
            "line": 107,
            "column": 16
          }
        },
        "type": "binary-expr",
        "locations": [
          {
            "start": {
              "line": 103,
              "column": 8
            },
            "end": {
              "line": 103,
              "column": 25
            }
          },
          {
            "start": {
              "line": 103,
              "column": 45
            },
            "end": {
              "line": 107,
              "column": 16
            }
          }
        ],
        "line": 103
      },
      "9": {
        "loc": {
          "start": {
            "line": 113,
            "column": 84
          },
          "end": {
            "line": 143,
            "column": 14
          }
        },
        "type": "cond-expr",
        "locations": [
          {
            "start": {
              "line": 113,
              "column": 111
            },
            "end": {
              "line": 128,
              "column": 14
            }
          },
          {
            "start": {
              "line": 128,
              "column": 33
            },
            "end": {
              "line": 143,
              "column": 14
            }
          }
        ],
        "line": 113
      },
      "10": {
        "loc": {
          "start": {
            "line": 114,
            "column": 46
          },
          "end": {
            "line": 114,
            "column": 101
          }
        },
        "type": "cond-expr",
        "locations": [
          {
            "start": {
              "line": 114,
              "column": 66
            },
            "end": {
              "line": 114,
              "column": 83
            }
          },
          {
            "start": {
              "line": 114,
              "column": 86
            },
            "end": {
              "line": 114,
              "column": 101
            }
          }
        ],
        "line": 114
      },
      "11": {
        "loc": {
          "start": {
            "line": 153,
            "column": 58
          },
          "end": {
            "line": 153,
            "column": 80
          }
        },
        "type": "cond-expr",
        "locations": [
          {
            "start": {
              "line": 153,
              "column": 69
            },
            "end": {
              "line": 153,
              "column": 75
            }
          },
          {
            "start": {
              "line": 153,
              "column": 78
            },
            "end": {
              "line": 153,
              "column": 80
            }
          }
        ],
        "line": 153
      },
      "12": {
        "loc": {
          "start": {
            "line": 176,
            "column": 6
          },
          "end": {
            "line": 226,
            "column": 14
          }
        },
        "type": "cond-expr",
        "locations": [
          {
            "start": {
              "line": 176,
              "column": 33
            },
            "end": {
              "line": 211,
              "column": 14
            }
          },
          {
            "start": {
              "line": 211,
              "column": 33
            },
            "end": {
              "line": 226,
              "column": 14
            }
          }
        ],
        "line": 176
      },
      "13": {
        "loc": {
          "start": {
            "line": 177,
            "column": 8
          },
          "end": {
            "line": 181,
            "column": 16
          }
        },
        "type": "binary-expr",
        "locations": [
          {
            "start": {
              "line": 177,
              "column": 8
            },
            "end": {
              "line": 177,
              "column": 30
            }
          },
          {
            "start": {
              "line": 177,
              "column": 50
            },
            "end": {
              "line": 181,
              "column": 16
            }
          }
        ],
        "line": 177
      },
      "14": {
        "loc": {
          "start": {
            "line": 182,
            "column": 8
          },
          "end": {
            "line": 186,
            "column": 16
          }
        },
        "type": "binary-expr",
        "locations": [
          {
            "start": {
              "line": 182,
              "column": 8
            },
            "end": {
              "line": 182,
              "column": 30
            }
          },
          {
            "start": {
              "line": 182,
              "column": 50
            },
            "end": {
              "line": 186,
              "column": 16
            }
          }
        ],
        "line": 182
      },
      "15": {
        "loc": {
          "start": {
            "line": 187,
            "column": 8
          },
          "end": {
            "line": 191,
            "column": 16
          }
        },
        "type": "binary-expr",
        "locations": [
          {
            "start": {
              "line": 187,
              "column": 8
            },
            "end": {
              "line": 187,
              "column": 25
            }
          },
          {
            "start": {
              "line": 187,
              "column": 45
            },
            "end": {
              "line": 191,
              "column": 16
            }
          }
        ],
        "line": 187
      },
      "16": {
        "loc": {
          "start": {
            "line": 192,
            "column": 8
          },
          "end": {
            "line": 196,
            "column": 16
          }
        },
        "type": "binary-expr",
        "locations": [
          {
            "start": {
              "line": 192,
              "column": 8
            },
            "end": {
              "line": 192,
              "column": 25
            }
          },
          {
            "start": {
              "line": 192,
              "column": 45
            },
            "end": {
              "line": 196,
              "column": 16
            }
          }
        ],
        "line": 192
      },
      "17": {
        "loc": {
          "start": {
            "line": 197,
            "column": 46
          },
          "end": {
            "line": 197,
            "column": 101
          }
        },
        "type": "cond-expr",
        "locations": [
          {
            "start": {
              "line": 197,
              "column": 66
            },
            "end": {
              "line": 197,
              "column": 83
            }
          },
          {
            "start": {
              "line": 197,
              "column": 86
            },
            "end": {
              "line": 197,
              "column": 101
            }
          }
        ],
        "line": 197
      },
      "18": {
        "loc": {
          "start": {
            "line": 232,
            "column": 4
          },
          "end": {
            "line": 236,
            "column": 12
          }
        },
        "type": "binary-expr",
        "locations": [
          {
            "start": {
              "line": 232,
              "column": 4
            },
            "end": {
              "line": 232,
              "column": 12
            }
          },
          {
            "start": {
              "line": 232,
              "column": 32
            },
            "end": {
              "line": 236,
              "column": 12
            }
          }
        ],
        "line": 232
      },
      "19": {
        "loc": {
          "start": {
            "line": 250,
            "column": 0
          },
          "end": {
            "line": 253,
            "column": 1
          }
        },
        "type": "if",
        "locations": [
          {
            "start": {
              "line": 250,
              "column": 0
            },
            "end": {
              "line": 253,
              "column": 1
            }
          },
          {
            "start": {},
            "end": {}
          }
        ],
        "line": 250
      },
      "20": {
        "loc": {
          "start": {
            "line": 250,
            "column": 4
          },
          "end": {
            "line": 250,
            "column": 35
          }
        },
        "type": "binary-expr",
        "locations": [
          {
            "start": {
              "line": 250,
              "column": 4
            },
            "end": {
              "line": 250,
              "column": 19
            }
          },
          {
            "start": {
              "line": 250,
              "column": 23
            },
            "end": {
              "line": 250,
              "column": 35
            }
          }
        ],
        "line": 250
      },
      "21": {
        "loc": {
          "start": {
            "line": 254,
            "column": 0
          },
          "end": {
            "line": 263,
            "column": 1
          }
        },
        "type": "if",
        "locations": [
          {
            "start": {
              "line": 254,
              "column": 0
            },
            "end": {
              "line": 263,
              "column": 1
            }
          },
          {
            "start": {},
            "end": {}
          }
        ],
        "line": 254
      },
      "22": {
        "loc": {
          "start": {
            "line": 254,
            "column": 4
          },
          "end": {
            "line": 254,
            "column": 35
          }
        },
        "type": "binary-expr",
        "locations": [
          {
            "start": {
              "line": 254,
              "column": 4
            },
            "end": {
              "line": 254,
              "column": 19
            }
          },
          {
            "start": {
              "line": 254,
              "column": 23
            },
            "end": {
              "line": 254,
              "column": 35
            }
          }
        ],
        "line": 254
      },
      "23": {
        "loc": {
          "start": {
            "line": 258,
            "column": 6
          },
          "end": {
            "line": 258,
            "column": 31
          }
        },
        "type": "if",
        "locations": [
          {
            "start": {
              "line": 258,
              "column": 6
            },
            "end": {
              "line": 258,
              "column": 31
            }
          },
          {
            "start": {},
            "end": {}
          }
        ],
        "line": 258
      },
      "24": {
        "loc": {
          "start": {
            "line": 260,
            "column": 6
          },
          "end": {
            "line": 260,
            "column": 75
          }
        },
        "type": "if",
        "locations": [
          {
            "start": {
              "line": 260,
              "column": 6
            },
            "end": {
              "line": 260,
              "column": 75
            }
          },
          {
            "start": {},
            "end": {}
          }
        ],
        "line": 260
      }
    },
    "s": {
      "0": 2,
      "1": 2,
      "2": 2,
      "3": 0,
      "4": 2,
      "5": 2,
      "6": 2,
      "7": 2,
      "8": 2,
      "9": 2,
      "10": 6,
      "11": 6,
      "12": 6,
      "13": 6,
      "14": 6,
      "15": 0,
      "16": 0,
      "17": 6,
      "18": 0,
      "19": 0,
      "20": 0,
      "21": 6,
      "22": 6,
      "23": 0,
      "24": 0,
      "25": 0,
      "26": 0,
      "27": 0,
      "28": 0,
      "29": 0,
      "30": 0,
      "31": 0,
      "32": 0,
      "33": 0,
      "34": 2,
      "35": 2,
      "36": 2,
      "37": 2,
      "38": 2,
      "39": 2,
      "40": 2,
      "41": 2,
      "42": 2,
      "43": 2,
      "44": 2,
      "45": 0,
      "46": 0,
      "47": 0,
      "48": 0,
      "49": 0
    },
    "f": {
      "0": 6,
      "1": 0,
      "2": 0,
      "3": 0,
      "4": 0,
      "5": 0,
      "6": 0,
      "7": 0,
      "8": 0,
      "9": 0,
      "10": 0,
      "11": 0,
      "12": 0,
      "13": 0,
      "14": 2,
      "15": 2,
      "16": 0
    },
    "b": {
      "0": [
        2,
        0
      ],
      "1": [
        2,
        0
      ],
      "2": [
        2,
        2
      ],
      "3": [
        0,
        2
      ],
      "4": [
        0,
        6
      ],
      "5": [
        6,
        0
      ],
      "6": [
        6,
        0
      ],
      "7": [
        6,
        0
      ],
      "8": [
        6,
        0
      ],
      "9": [
        0,
        6
      ],
      "10": [
        0,
        0
      ],
      "11": [
        0,
        6
      ],
      "12": [
        0,
        6
      ],
      "13": [
        0,
        0
      ],
      "14": [
        0,
        0
      ],
      "15": [
        0,
        0
      ],
      "16": [
        0,
        0
      ],
      "17": [
        0,
        0
      ],
      "18": [
        6,
        0
      ],
      "19": [
        2,
        0
      ],
      "20": [
        2,
        2
      ],
      "21": [
        2,
        0
      ],
      "22": [
        2,
        2
      ],
      "23": [
        0,
        0
      ],
      "24": [
        0,
        0
      ]
    },
    "inputSourceMap": {
      "version": 3,
      "mappings": "AA2BU,SAsBE,UAtBF;;;;;;;;;;;;;;;;;AA3BV,OAAO;AACP,SAASA,SAASC,mBAAmB;AACrC,OAAOC,UAAU;AACjB,SAASC,eAAe;AACxB,SAASC,gBAAgB;AAEzB,MAAMC,SAASA,MAAM;AAAAC,KAAA;AACnB,QAAM,EAAEC,UAAUC,OAAO,IAAIL,QAAQ;AACrC,QAAMM,WAAWR,YAAY;AAC7B,QAAM,CAACS,UAAUC,WAAW,IAAIP,SAAS,KAAK;AAE9C,QAAMQ,eAAeA,MAAM;AACzBJ,WAAO;AACPC,aAAS,GAAG;AAAA,EACd;AACA,QAAMI,mBAAmBA,MAAM;AAC7BL,WAAO;AACPC,aAAS,GAAG;AACZE,gBAAY,KAAK;AAAA,EACnB;AAEA,QAAMG,OAAOP,UAAUO;AAEvB,SACE,mCACE;AAAA,2BAAC,SAAI,WAAU,UACb;AAAA,6BAAC,SAAI,WAAU,SACb;AAAA,+BAAC,SAAI,KAAKZ,MAAM,KAAI,iBAAgB,WAAU,iBAA9C;AAAA;AAAA;AAAA;AAAA,eAA2D;AAAA,QAC3D,uBAAC,WAAQ,IAAI,KAAK,wBAAlB;AAAA;AAAA;AAAA;AAAA,eAA0B;AAAA,WAF5B;AAAA;AAAA;AAAA;AAAA,aAGA;AAAA,MAEA,uBAAC,SAAI,WAAW,UAAUQ,WAAW,SAAS,EAAE,IAAI,SAAS,MAAMC,YAAY,CAACD,QAAQ,GAC9F;AAAA,+BAAC,WAAD;AAAA;AAAA;AAAA;AAAA,eAAK;AAAA,QACL,uBAAC,WAAD;AAAA;AAAA;AAAA;AAAA,eAAK;AAAA,QACL,uBAAC,WAAD;AAAA;AAAA;AAAA;AAAA,eAAK;AAAA,WAHC;AAAA;AAAA;AAAA;AAAA,aAIR;AAAA,MAGQ,uBAAC,SAAI,WAAU,qBACb;AAAA,+BAAC,WAAQ,IAAI,aAAa,wBAA1B;AAAA;AAAA;AAAA;AAAA,eAAkC;AAAA,QAClC,uBAAC,WAAQ,IAAI,UAAU,qBAAvB;AAAA;AAAA;AAAA;AAAA,eAA4B;AAAA,QAC3BI,SAAS,iBAAiB,uBAAC,WAAQ,IAAI,QAAQ,mBAArB;AAAA;AAAA;AAAA;AAAA,eAAwB;AAAA,QAClDA,SAAS,iBAAiB,uBAAC,WAAQ,IAAI,aAAa,wBAA1B;AAAA;AAAA;AAAA;AAAA,eAAkC;AAAA,QAC5DA,SAAS,YAAY,uBAAC,WAAQ,IAAI,oBAAoB,uBAAjC;AAAA;AAAA;AAAA;AAAA,eAAwC;AAAA,QAC7DA,SAAS,YAAY,uBAAC,WAAQ,IAAI,oBAAoB,wBAAjC;AAAA;AAAA;AAAA;AAAA,eAAyC;AAAA,WANjE;AAAA;AAAA;AAAA;AAAA,aAOA;AAAA,MAEA,uBAAC,SAAI,WAAU,yBACZP,qBACC,mCACE;AAAA,+BAAC,WAAQ,IAAIO,SAAS,WAAW,oBAAoB,iBAAgB,sBAArE;AAAA;AAAA;AAAA;AAAA,eAEA;AAAA,QACA,uBAAC,YAAO,SAASF,cAAc,WAAU,cAAY,2BAArD;AAAA;AAAA;AAAA;AAAA,eAEA;AAAA,WANF;AAAA;AAAA;AAAA;AAAA,aAOA,IAEA,mCACE;AAAA,+BAAC,WAAQ,IAAI,UAAU,yBAAvB;AAAA;AAAA;AAAA;AAAA,eAAgC;AAAA,QAChC,uBAAC,WAAQ,IAAI,WAAW,2BAAxB;AAAA;AAAA;AAAA;AAAA,eAAmC;AAAA,WAFrC;AAAA;AAAA;AAAA;AAAA,aAGA,KAdJ;AAAA;AAAA;AAAA;AAAA,aAgBA;AAAA,SAtCF;AAAA;AAAA;AAAA;AAAA,WAuCA;AAAA,IAEA,uBAAC,SAAI,WAAW,WAAWF,WAAW,SAAS,EAAE,IAC/C;AAAA,6BAAC,WAAQ,IAAI,KAAK,SAAS,MAAMC,YAAY,KAAK,GAAG;AAAA;AAAA,QAAC,uBAAC,QAAG,wBAAJ;AAAA;AAAA;AAAA;AAAA,eAAY;AAAA,WAAlE;AAAA;AAAA;AAAA;AAAA,aAAuE;AAAA,MACvE,uBAAC,WAAQ,IAAI,aAAa,SAAS,MAAMA,YAAY,KAAK,GAAG,wBAA7D;AAAA;AAAA;AAAA;AAAA,aAAqE;AAAA,MACnE,uBAAC,WAAQ,IAAI,UAAS,SAAS,MAAMA,YAAY,KAAK,GAAG,qBAAzD;AAAA;AAAA;AAAA;AAAA,aAA8D;AAAA,MAE/DJ,WACC,mCACGO;AAAAA,iBAAS,iBAAiB,uBAAC,WAAQ,IAAI,QAAO,SAAS,MAAMH,YAAY,KAAK,GAAG,mBAAvD;AAAA;AAAA;AAAA;AAAA,eAA0D;AAAA,QACpFG,SAAS,iBAAiB,uBAAC,WAAQ,IAAI,aAAY,SAAS,MAAMH,YAAY,KAAK,GAAG,wBAA5D;AAAA;AAAA;AAAA;AAAA,eAAoE;AAAA,QAC9FG,SAAS,YAAY,uBAAC,WAAQ,IAAI,oBAAmB,SAAS,MAAMH,YAAY,KAAK,GAAG,uBAAnE;AAAA;AAAA;AAAA;AAAA,eAA0E;AAAA,QAC/FG,SAAS,YAAY,uBAAC,WAAQ,IAAI,oBAAmB,SAAS,MAAMH,YAAY,KAAK,GAAG,wBAAnE;AAAA;AAAA;AAAA;AAAA,eAA2E;AAAA,QACjG,uBAAC,WAAQ,IAAIG,SAAS,WAAW,oBAAoB,iBAAiB,sBAAtE;AAAA;AAAA;AAAA;AAAA,eAA4E;AAAA,QAC5E,uBAAC,YAAO,SAASD,kBAAkB,WAAU,cAAY,2BAAzD;AAAA;AAAA;AAAA;AAAA,eAEA;AAAA,WARF;AAAA;AAAA;AAAA;AAAA,aASA,IAEA,mCACE;AAAA,+BAAC,WAAQ,IAAI,UAAU,SAAS,MAAMF,YAAY,KAAK,GAAG,yBAA1D;AAAA;AAAA;AAAA;AAAA,eAAmE;AAAA,QACnE,uBAAC,WAAQ,IAAI,WAAU,SAAS,MAAMA,YAAY,KAAK,GAAG,2BAA1D;AAAA;AAAA;AAAA;AAAA,eAAqE;AAAA,WAFvE;AAAA;AAAA;AAAA;AAAA,aAGA;AAAA,SApBJ;AAAA;AAAA;AAAA;AAAA,WAsBA;AAAA,IAECD,YAAY,uBAAC,SAAI,WAAU,WAAU,SAAS,MAAMC,YAAY,KAAK,KAAzD;AAAA;AAAA;AAAA;AAAA,WAA4D;AAAA,OAlE3E;AAAA;AAAA;AAAA;AAAA,SAmEA;AAEJ;AAAEL,GAvFID,QAAM;AAAA,UACmBF,SACZF,WAAW;AAAA;AAAAc,KAFxBV;AAyFN,eAAeA;AAAO,IAAAU;AAAAC,aAAAD,IAAA",
      "names": [
        "NavLink",
        "useNavigate",
        "logo",
        "useAuth",
        "useState",
        "Header",
        "_s",
        "authData",
        "logout",
        "navigate",
        "menuOpen",
        "setMenuOpen",
        "handleLogout",
        "handleLogoutSide",
        "role",
        "_c",
        "$RefreshReg$"
      ],
      "ignoreList": [],
      "sources": [
        "/Users/umar/manufind-1/manufind/frontend/src/Components/Header/Header.jsx"
      ],
      "file": "/Users/umar/manufind-1/manufind/frontend/src/Components/Header/Header.jsx"
    },
    "_coverageSchema": "1a1c01bbd47fc00a2c39e90264f33305004495a9",
    "hash": "025ec5f6ed515fe064527a2ad6538b4042e61af0"
  },
  "/Users/umar/manufind-1/manufind/frontend/src/Components/RootLayout/RootLayout.jsx": {
    "path": "/Users/umar/manufind-1/manufind/frontend/src/Components/RootLayout/RootLayout.jsx",
    "statementMap": {
      "0": {
        "start": {
          "line": 3,
          "column": 20
        },
        "end": {
          "line": 3,
          "column": 97
        }
      },
      "1": {
        "start": {
          "line": 6,
          "column": 0
        },
        "end": {
          "line": 16,
          "column": 1
        }
      },
      "2": {
        "start": {
          "line": 7,
          "column": 2
        },
        "end": {
          "line": 11,
          "column": 3
        }
      },
      "3": {
        "start": {
          "line": 8,
          "column": 4
        },
        "end": {
          "line": 10,
          "column": 6
        }
      },
      "4": {
        "start": {
          "line": 12,
          "column": 2
        },
        "end": {
          "line": 12,
          "column": 39
        }
      },
      "5": {
        "start": {
          "line": 13,
          "column": 2
        },
        "end": {
          "line": 13,
          "column": 39
        }
      },
      "6": {
        "start": {
          "line": 14,
          "column": 2
        },
        "end": {
          "line": 14,
          "column": 138
        }
      },
      "7": {
        "start": {
          "line": 15,
          "column": 2
        },
        "end": {
          "line": 15,
          "column": 75
        }
      },
      "8": {
        "start": {
          "line": 21,
          "column": 19
        },
        "end": {
          "line": 42,
          "column": 1
        }
      },
      "9": {
        "start": {
          "line": 22,
          "column": 2
        },
        "end": {
          "line": 41,
          "column": 11
        }
      },
      "10": {
        "start": {
          "line": 43,
          "column": 0
        },
        "end": {
          "line": 43,
          "column": 16
        }
      },
      "11": {
        "start": {
          "line": 46,
          "column": 0
        },
        "end": {
          "line": 46,
          "column": 31
        }
      },
      "12": {
        "start": {
          "line": 47,
          "column": 0
        },
        "end": {
          "line": 50,
          "column": 1
        }
      },
      "13": {
        "start": {
          "line": 48,
          "column": 2
        },
        "end": {
          "line": 48,
          "column": 39
        }
      },
      "14": {
        "start": {
          "line": 49,
          "column": 2
        },
        "end": {
          "line": 49,
          "column": 39
        }
      },
      "15": {
        "start": {
          "line": 51,
          "column": 0
        },
        "end": {
          "line": 60,
          "column": 1
        }
      },
      "16": {
        "start": {
          "line": 52,
          "column": 2
        },
        "end": {
          "line": 59,
          "column": 5
        }
      },
      "17": {
        "start": {
          "line": 53,
          "column": 4
        },
        "end": {
          "line": 53,
          "column": 151
        }
      },
      "18": {
        "start": {
          "line": 54,
          "column": 4
        },
        "end": {
          "line": 58,
          "column": 7
        }
      },
      "19": {
        "start": {
          "line": 55,
          "column": 6
        },
        "end": {
          "line": 55,
          "column": 31
        }
      },
      "20": {
        "start": {
          "line": 55,
          "column": 24
        },
        "end": {
          "line": 55,
          "column": 31
        }
      },
      "21": {
        "start": {
          "line": 56,
          "column": 32
        },
        "end": {
          "line": 56,
          "column": 200
        }
      },
      "22": {
        "start": {
          "line": 57,
          "column": 6
        },
        "end": {
          "line": 57,
          "column": 75
        }
      },
      "23": {
        "start": {
          "line": 57,
          "column": 29
        },
        "end": {
          "line": 57,
          "column": 75
        }
      }
    },
    "fnMap": {
      "0": {
        "name": "(anonymous_0)",
        "decl": {
          "start": {
            "line": 21,
            "column": 19
          },
          "end": {
            "line": 21,
            "column": 20
          }
        },
        "loc": {
          "start": {
            "line": 21,
            "column": 25
          },
          "end": {
            "line": 42,
            "column": 1
          }
        },
        "line": 21
      },
      "1": {
        "name": "(anonymous_1)",
        "decl": {
          "start": {
            "line": 52,
            "column": 52
          },
          "end": {
            "line": 52,
            "column": 53
          }
        },
        "loc": {
          "start": {
            "line": 52,
            "column": 72
          },
          "end": {
            "line": 59,
            "column": 3
          }
        },
        "line": 52
      },
      "2": {
        "name": "(anonymous_2)",
        "decl": {
          "start": {
            "line": 54,
            "column": 27
          },
          "end": {
            "line": 54,
            "column": 28
          }
        },
        "loc": {
          "start": {
            "line": 54,
            "column": 44
          },
          "end": {
            "line": 58,
            "column": 5
          }
        },
        "line": 54
      }
    },
    "branchMap": {
      "0": {
        "loc": {
          "start": {
            "line": 3,
            "column": 20
          },
          "end": {
            "line": 3,
            "column": 97
          }
        },
        "type": "binary-expr",
        "locations": [
          {
            "start": {
              "line": 3,
              "column": 20
            },
            "end": {
              "line": 3,
              "column": 60
            }
          },
          {
            "start": {
              "line": 3,
              "column": 64
            },
            "end": {
              "line": 3,
              "column": 97
            }
          }
        ],
        "line": 3
      },
      "1": {
        "loc": {
          "start": {
            "line": 6,
            "column": 0
          },
          "end": {
            "line": 16,
            "column": 1
          }
        },
        "type": "if",
        "locations": [
          {
            "start": {
              "line": 6,
              "column": 0
            },
            "end": {
              "line": 16,
              "column": 1
            }
          },
          {
            "start": {},
            "end": {}
          }
        ],
        "line": 6
      },
      "2": {
        "loc": {
          "start": {
            "line": 6,
            "column": 4
          },
          "end": {
            "line": 6,
            "column": 35
          }
        },
        "type": "binary-expr",
        "locations": [
          {
            "start": {
              "line": 6,
              "column": 4
            },
            "end": {
              "line": 6,
              "column": 19
            }
          },
          {
            "start": {
              "line": 6,
              "column": 23
            },
            "end": {
              "line": 6,
              "column": 35
            }
          }
        ],
        "line": 6
      },
      "3": {
        "loc": {
          "start": {
            "line": 7,
            "column": 2
          },
          "end": {
            "line": 11,
            "column": 3
          }
        },
        "type": "if",
        "locations": [
          {
            "start": {
              "line": 7,
              "column": 2
            },
            "end": {
              "line": 11,
              "column": 3
            }
          },
          {
            "start": {},
            "end": {}
          }
        ],
        "line": 7
      },
      "4": {
        "loc": {
          "start": {
            "line": 47,
            "column": 0
          },
          "end": {
            "line": 50,
            "column": 1
          }
        },
        "type": "if",
        "locations": [
          {
            "start": {
              "line": 47,
              "column": 0
            },
            "end": {
              "line": 50,
              "column": 1
            }
          },
          {
            "start": {},
            "end": {}
          }
        ],
        "line": 47
      },
      "5": {
        "loc": {
          "start": {
            "line": 47,
            "column": 4
          },
          "end": {
            "line": 47,
            "column": 35
          }
        },
        "type": "binary-expr",
        "locations": [
          {
            "start": {
              "line": 47,
              "column": 4
            },
            "end": {
              "line": 47,
              "column": 19
            }
          },
          {
            "start": {
              "line": 47,
              "column": 23
            },
            "end": {
              "line": 47,
              "column": 35
            }
          }
        ],
        "line": 47
      },
      "6": {
        "loc": {
          "start": {
            "line": 51,
            "column": 0
          },
          "end": {
            "line": 60,
            "column": 1
          }
        },
        "type": "if",
        "locations": [
          {
            "start": {
              "line": 51,
              "column": 0
            },
            "end": {
              "line": 60,
              "column": 1
            }
          },
          {
            "start": {},
            "end": {}
          }
        ],
        "line": 51
      },
      "7": {
        "loc": {
          "start": {
            "line": 51,
            "column": 4
          },
          "end": {
            "line": 51,
            "column": 35
          }
        },
        "type": "binary-expr",
        "locations": [
          {
            "start": {
              "line": 51,
              "column": 4
            },
            "end": {
              "line": 51,
              "column": 19
            }
          },
          {
            "start": {
              "line": 51,
              "column": 23
            },
            "end": {
              "line": 51,
              "column": 35
            }
          }
        ],
        "line": 51
      },
      "8": {
        "loc": {
          "start": {
            "line": 55,
            "column": 6
          },
          "end": {
            "line": 55,
            "column": 31
          }
        },
        "type": "if",
        "locations": [
          {
            "start": {
              "line": 55,
              "column": 6
            },
            "end": {
              "line": 55,
              "column": 31
            }
          },
          {
            "start": {},
            "end": {}
          }
        ],
        "line": 55
      },
      "9": {
        "loc": {
          "start": {
            "line": 57,
            "column": 6
          },
          "end": {
            "line": 57,
            "column": 75
          }
        },
        "type": "if",
        "locations": [
          {
            "start": {
              "line": 57,
              "column": 6
            },
            "end": {
              "line": 57,
              "column": 75
            }
          },
          {
            "start": {},
            "end": {}
          }
        ],
        "line": 57
      }
    },
    "s": {
      "0": 2,
      "1": 2,
      "2": 2,
      "3": 0,
      "4": 2,
      "5": 2,
      "6": 2,
      "7": 2,
      "8": 2,
      "9": 4,
      "10": 2,
      "11": 2,
      "12": 2,
      "13": 2,
      "14": 2,
      "15": 2,
      "16": 2,
      "17": 2,
      "18": 2,
      "19": 0,
      "20": 0,
      "21": 0,
      "22": 0,
      "23": 0
    },
    "f": {
      "0": 4,
      "1": 2,
      "2": 0
    },
    "b": {
      "0": [
        2,
        0
      ],
      "1": [
        2,
        0
      ],
      "2": [
        2,
        2
      ],
      "3": [
        0,
        2
      ],
      "4": [
        2,
        0
      ],
      "5": [
        2,
        2
      ],
      "6": [
        2,
        0
      ],
      "7": [
        2,
        2
      ],
      "8": [
        0,
        0
      ],
      "9": [
        0,
        0
      ]
    },
    "inputSourceMap": {
      "version": 3,
      "mappings": "AAQM;;;;;;;;;;;;;;;;AARN,OAAOA,WAAW;AAClB,OAAOC,YAAY;AACnB,SAASC,cAAc;AACvB,OAAO;AAEP,MAAMC,aAAaA,MAAM;AACvB,SACE,uBAAC,SAAI,WAAU,iBACb;AAAA,2BAAC,YAAD;AAAA;AAAA;AAAA;AAAA,WAAO;AAAA,IACP,uBAAC,UACC,iCAAC,YAAD;AAAA;AAAA;AAAA;AAAA,WAAO,KADT;AAAA;AAAA;AAAA;AAAA,WAEA;AAAA,OAJF;AAAA;AAAA;AAAA;AAAA,SAKA;AAEJ;AAAEC,KATID;AAWN,eAAeA;AAAW,IAAAC;AAAAC,aAAAD,IAAA",
      "names": [
        "React",
        "Header",
        "Outlet",
        "RootLayout",
        "_c",
        "$RefreshReg$"
      ],
      "ignoreList": [],
      "sources": [
        "/Users/umar/manufind-1/manufind/frontend/src/Components/RootLayout/RootLayout.jsx"
      ],
      "file": "/Users/umar/manufind-1/manufind/frontend/src/Components/RootLayout/RootLayout.jsx"
    },
    "_coverageSchema": "1a1c01bbd47fc00a2c39e90264f33305004495a9",
    "hash": "c9aee28fa00e7a54c83e56aacd74eb006ee3a4c9"
  },
  "/Users/umar/manufind-1/manufind/frontend/src/Components/SearchCard/SearchCard.jsx": {
    "path": "/Users/umar/manufind-1/manufind/frontend/src/Components/SearchCard/SearchCard.jsx",
    "statementMap": {
      "0": {
        "start": {
          "line": 3,
          "column": 20
        },
        "end": {
          "line": 3,
          "column": 97
        }
      },
      "1": {
        "start": {
          "line": 6,
          "column": 0
        },
        "end": {
          "line": 16,
          "column": 1
        }
      },
      "2": {
        "start": {
          "line": 7,
          "column": 2
        },
        "end": {
          "line": 11,
          "column": 3
        }
      },
      "3": {
        "start": {
          "line": 8,
          "column": 4
        },
        "end": {
          "line": 10,
          "column": 6
        }
      },
      "4": {
        "start": {
          "line": 12,
          "column": 2
        },
        "end": {
          "line": 12,
          "column": 39
        }
      },
      "5": {
        "start": {
          "line": 13,
          "column": 2
        },
        "end": {
          "line": 13,
          "column": 39
        }
      },
      "6": {
        "start": {
          "line": 14,
          "column": 2
        },
        "end": {
          "line": 14,
          "column": 138
        }
      },
      "7": {
        "start": {
          "line": 15,
          "column": 2
        },
        "end": {
          "line": 15,
          "column": 75
        }
      },
      "8": {
        "start": {
          "line": 18,
          "column": 19
        },
        "end": {
          "line": 51,
          "column": 1
        }
      },
      "9": {
        "start": {
          "line": 19,
          "column": 2
        },
        "end": {
          "line": 50,
          "column": 11
        }
      },
      "10": {
        "start": {
          "line": 52,
          "column": 0
        },
        "end": {
          "line": 52,
          "column": 16
        }
      },
      "11": {
        "start": {
          "line": 55,
          "column": 0
        },
        "end": {
          "line": 55,
          "column": 31
        }
      },
      "12": {
        "start": {
          "line": 56,
          "column": 0
        },
        "end": {
          "line": 59,
          "column": 1
        }
      },
      "13": {
        "start": {
          "line": 57,
          "column": 2
        },
        "end": {
          "line": 57,
          "column": 39
        }
      },
      "14": {
        "start": {
          "line": 58,
          "column": 2
        },
        "end": {
          "line": 58,
          "column": 39
        }
      },
      "15": {
        "start": {
          "line": 60,
          "column": 0
        },
        "end": {
          "line": 69,
          "column": 1
        }
      },
      "16": {
        "start": {
          "line": 61,
          "column": 2
        },
        "end": {
          "line": 68,
          "column": 5
        }
      },
      "17": {
        "start": {
          "line": 62,
          "column": 4
        },
        "end": {
          "line": 62,
          "column": 151
        }
      },
      "18": {
        "start": {
          "line": 63,
          "column": 4
        },
        "end": {
          "line": 67,
          "column": 7
        }
      },
      "19": {
        "start": {
          "line": 64,
          "column": 6
        },
        "end": {
          "line": 64,
          "column": 31
        }
      },
      "20": {
        "start": {
          "line": 64,
          "column": 24
        },
        "end": {
          "line": 64,
          "column": 31
        }
      },
      "21": {
        "start": {
          "line": 65,
          "column": 32
        },
        "end": {
          "line": 65,
          "column": 200
        }
      },
      "22": {
        "start": {
          "line": 66,
          "column": 6
        },
        "end": {
          "line": 66,
          "column": 75
        }
      },
      "23": {
        "start": {
          "line": 66,
          "column": 29
        },
        "end": {
          "line": 66,
          "column": 75
        }
      }
    },
    "fnMap": {
      "0": {
        "name": "(anonymous_0)",
        "decl": {
          "start": {
            "line": 18,
            "column": 19
          },
          "end": {
            "line": 18,
            "column": 20
          }
        },
        "loc": {
          "start": {
            "line": 18,
            "column": 25
          },
          "end": {
            "line": 51,
            "column": 1
          }
        },
        "line": 18
      },
      "1": {
        "name": "(anonymous_1)",
        "decl": {
          "start": {
            "line": 61,
            "column": 52
          },
          "end": {
            "line": 61,
            "column": 53
          }
        },
        "loc": {
          "start": {
            "line": 61,
            "column": 72
          },
          "end": {
            "line": 68,
            "column": 3
          }
        },
        "line": 61
      },
      "2": {
        "name": "(anonymous_2)",
        "decl": {
          "start": {
            "line": 63,
            "column": 27
          },
          "end": {
            "line": 63,
            "column": 28
          }
        },
        "loc": {
          "start": {
            "line": 63,
            "column": 44
          },
          "end": {
            "line": 67,
            "column": 5
          }
        },
        "line": 63
      }
    },
    "branchMap": {
      "0": {
        "loc": {
          "start": {
            "line": 3,
            "column": 20
          },
          "end": {
            "line": 3,
            "column": 97
          }
        },
        "type": "binary-expr",
        "locations": [
          {
            "start": {
              "line": 3,
              "column": 20
            },
            "end": {
              "line": 3,
[...]
              "line": 117,
              "column": 75
            }
          },
          {
            "start": {},
            "end": {}
          }
        ],
        "line": 117
      }
    },
    "s": {
      "0": 2,
      "1": 2,
      "2": 2,
      "3": 0,
      "4": 2,
      "5": 2,
      "6": 2,
      "7": 2,
      "8": 2,
      "9": 0,
      "10": 0,
      "11": 0,
      "12": 0,
      "13": 0,
      "14": 2,
      "15": 0,
      "16": 2,
      "17": 2,
      "18": 2,
      "19": 2,
      "20": 2,
      "21": 2,
      "22": 2,
      "23": 2,
      "24": 2,
      "25": 0,
      "26": 0,
      "27": 0,
      "28": 0,
      "29": 0
    },
    "f": {
      "0": 0,
      "1": 0,
      "2": 0,
      "3": 0,
      "4": 2,
      "5": 0
    },
    "b": {
      "0": [
        2,
        0
      ],
      "1": [
        2,
        0
      ],
      "2": [
        2,
        2
      ],
      "3": [
        0,
        2
      ],
      "4": [
        2,
        0
      ],
      "5": [
        2,
        2
      ],
      "6": [
        2,
        0
      ],
      "7": [
        2,
        2
      ],
      "8": [
        0,
        0
      ],
      "9": [
        0,
        0
      ]
    },
    "inputSourceMap": {
      "version": 3,
      "mappings": "AAUM;;;;;;;;;;;;;;;;;AAVN,OAAOA,WAAW;AAClB,SAASC,mBAAmB;AAC5B,OAAO;AACP,OAAOC,kBAAkB;AACzB,OAAOC,UAAU;AACjB,wBAAwBC,QAAQ;AAAAC,KAAA;AAC9B,QAAMC,WAAWL,YAAY;AAE7B,SACE,uBAAC,SAAI,WAAU,mBACb;AAAA,2BAAC,QAAG,wCAAJ;AAAA;AAAA;AAAA;AAAA,WAA4B;AAAA,IAC5B,uBAAC,OAAE,WAAU,eAAa,+KAA1B;AAAA;AAAA;AAAA;AAAA,WAGA;AAAA,IAEA,uBAAC,SAAI,WAAU,kBACb;AAAA,6BAAC,SAAI,WAAU,cAAa,SAAS,MAAMK,SAAS,YAAY,GAC9D;AAAA,+BAAC,SAAI,KAAKH,MAAM,KAAI,4BAA2B,WAAU,eAAzD;AAAA;AAAA;AAAA;AAAA,eAAoE;AAAA,QACpE,uBAAC,QAAG,iCAAJ;AAAA;AAAA;AAAA;AAAA,eAAqB;AAAA,QACrB,uBAAC,OAAC,sJAAF;AAAA;AAAA;AAAA;AAAA,eAEA;AAAA,QACA,uBAAC,YAAO,WAAU,aAAY,6BAA9B;AAAA;AAAA;AAAA;AAAA,eAA2C;AAAA,WAN7C;AAAA;AAAA;AAAA;AAAA,aAOA;AAAA,MAEA,uBAAC,SAAI,WAAU,cAAa,SAAS,MAAMG,SAAS,cAAc,GAChE;AAAA,+BAAC,SAAI,KAAKJ,cAAc,KAAI,uBAAsB,WAAU,eAA5D;AAAA;AAAA;AAAA;AAAA,eAAuE;AAAA,QACvE,uBAAC,QAAG,4BAAJ;AAAA;AAAA;AAAA;AAAA,eAAgB;AAAA,QAChB,uBAAC,OAAC,wHAAF;AAAA;AAAA;AAAA;AAAA,eAEA;AAAA,QACA,uBAAC,YAAO,WAAU,aAAY,6BAA9B;AAAA;AAAA;AAAA;AAAA,eAA2C;AAAA,WAN7C;AAAA;AAAA;AAAA;AAAA,aAOA;AAAA,SAjBF;AAAA;AAAA;AAAA;AAAA,WAkBA;AAAA,OAzBF;AAAA;AAAA;AAAA;AAAA,SA0BA;AAEJ;AAACG,GAhCuBD,OAAK;AAAA,UACVH,WAAW;AAAA;AAAAM,KADNH;AAAK,IAAAG;AAAAC,aAAAD,IAAA",
      "names": [
        "React",
        "useNavigate",
        "signupClient",
        "main",
        "Guide",
        "_s",
        "navigate",
        "_c",
        "$RefreshReg$"
      ],
      "ignoreList": [],
      "sources": [
        "/Users/umar/manufind-1/manufind/frontend/src/Components/Guide/Guide.jsx"
      ],
      "file": "/Users/umar/manufind-1/manufind/frontend/src/Components/Guide/Guide.jsx"
    },
    "_coverageSchema": "1a1c01bbd47fc00a2c39e90264f33305004495a9",
    "hash": "a1939fd50c2be0880ebd454cb9af846c75bffdb7"
  },
  "/Users/umar/manufind-1/manufind/frontend/src/App.jsx": {
    "path": "/Users/umar/manufind-1/manufind/frontend/src/App.jsx",
    "statementMap": {
      "0": {
        "start": {
          "line": 3,
          "column": 20
        },
        "end": {
          "line": 3,
          "column": 97
        }
      },
      "1": {
        "start": {
          "line": 6,
          "column": 0
        },
        "end": {
          "line": 16,
          "column": 1
        }
      },
      "2": {
        "start": {
          "line": 7,
          "column": 2
        },
        "end": {
          "line": 11,
          "column": 3
        }
      },
      "3": {
        "start": {
          "line": 8,
          "column": 4
        },
        "end": {
          "line": 10,
          "column": 6
        }
      },
      "4": {
        "start": {
          "line": 12,
          "column": 2
        },
        "end": {
          "line": 12,
          "column": 39
        }
      },
      "5": {
        "start": {
          "line": 13,
          "column": 2
        },
        "end": {
          "line": 13,
          "column": 39
        }
      },
      "6": {
        "start": {
          "line": 14,
          "column": 2
        },
        "end": {
          "line": 14,
          "column": 109
        }
      },
      "7": {
        "start": {
          "line": 15,
          "column": 2
        },
        "end": {
          "line": 15,
          "column": 75
        }
      },
      "8": {
        "start": {
          "line": 39,
          "column": 17
        },
        "end": {
          "line": 145,
          "column": 3
        }
      },
      "9": {
        "start": {
          "line": 146,
          "column": 2
        },
        "end": {
          "line": 154,
          "column": 11
        }
      },
      "10": {
        "start": {
          "line": 156,
          "column": 0
        },
        "end": {
          "line": 156,
          "column": 9
        }
      },
      "11": {
        "start": {
          "line": 159,
          "column": 0
        },
        "end": {
          "line": 159,
          "column": 24
        }
      },
      "12": {
        "start": {
          "line": 160,
          "column": 0
        },
        "end": {
          "line": 163,
          "column": 1
        }
      },
      "13": {
        "start": {
          "line": 161,
          "column": 2
        },
        "end": {
          "line": 161,
          "column": 39
        }
      },
      "14": {
        "start": {
          "line": 162,
          "column": 2
        },
        "end": {
          "line": 162,
          "column": 39
        }
      },
      "15": {
        "start": {
          "line": 164,
          "column": 0
        },
        "end": {
          "line": 173,
          "column": 1
        }
      },
      "16": {
        "start": {
          "line": 165,
          "column": 2
        },
        "end": {
          "line": 172,
          "column": 5
        }
      },
      "17": {
        "start": {
          "line": 166,
          "column": 4
        },
        "end": {
          "line": 166,
          "column": 122
        }
      },
      "18": {
        "start": {
          "line": 167,
          "column": 4
        },
        "end": {
          "line": 171,
          "column": 7
        }
      },
      "19": {
        "start": {
          "line": 168,
          "column": 6
        },
        "end": {
          "line": 168,
          "column": 31
        }
      },
      "20": {
        "start": {
          "line": 168,
          "column": 24
        },
        "end": {
          "line": 168,
          "column": 31
        }
      },
      "21": {
        "start": {
          "line": 169,
          "column": 32
        },
        "end": {
          "line": 169,
          "column": 171
        }
      },
      "22": {
        "start": {
          "line": 170,
          "column": 6
        },
        "end": {
          "line": 170,
          "column": 75
        }
      },
      "23": {
        "start": {
          "line": 170,
          "column": 29
        },
        "end": {
          "line": 170,
          "column": 75
        }
      }
    },
    "fnMap": {
      "0": {
        "name": "App",
        "decl": {
          "start": {
            "line": 38,
            "column": 9
          },
          "end": {
            "line": 38,
            "column": 12
          }
        },
        "loc": {
          "start": {
            "line": 38,
            "column": 15
          },
          "end": {
            "line": 155,
            "column": 1
          }
        },
        "line": 38
      },
      "1": {
        "name": "(anonymous_1)",
        "decl": {
          "start": {
            "line": 165,
            "column": 52
          },
          "end": {
            "line": 165,
            "column": 53
          }
        },
        "loc": {
          "start": {
            "line": 165,
            "column": 72
          },
          "end": {
            "line": 172,
            "column": 3
          }
        },
        "line": 165
      },
      "2": {
        "name": "(anonymous_2)",
        "decl": {
          "start": {
            "line": 167,
            "column": 27
          },
          "end": {
            "line": 167,
            "column": 28
          }
        },
        "loc": {
          "start": {
            "line": 167,
            "column": 44
          },
          "end": {
            "line": 171,
            "column": 5
          }
        },
        "line": 167
      }
    },
    "branchMap": {
      "0": {
        "loc": {
          "start": {
            "line": 3,
            "column": 20
          },
          "end": {
            "line": 3,
            "column": 97
          }
        },
        "type": "binary-expr",
        "locations": [
          {
            "start": {
              "line": 3,
              "column": 20
            },
            "end": {
              "line": 3,
              "column": 60
            }
          },
          {
            "start": {
              "line": 3,
              "column": 64
            },
            "end": {
              "line": 3,
              "column": 97
            }
          }
        ],
        "line": 3
      },
      "1": {
        "loc": {
          "start": {
            "line": 6,
            "column": 0
          },
          "end": {
            "line": 16,
            "column": 1
          }
        },
        "type": "if",
        "locations": [
          {
            "start": {
              "line": 6,
              "column": 0
            },
            "end": {
              "line": 16,
              "column": 1
            }
          },
          {
            "start": {},
            "end": {}
          }
        ],
        "line": 6
      },
      "2": {
        "loc": {
          "start": {
            "line": 6,
            "column": 4
          },
          "end": {
            "line": 6,
            "column": 35
          }
        },
        "type": "binary-expr",
        "locations": [
          {
            "start": {
              "line": 6,
              "column": 4
            },
            "end": {
              "line": 6,
              "column": 19
            }
          },
          {
            "start": {
              "line": 6,
              "column": 23
            },
            "end": {
              "line": 6,
              "column": 35
            }
          }
        ],
        "line": 6
      },
      "3": {
        "loc": {
          "start": {
            "line": 7,
            "column": 2
          },
          "end": {
            "line": 11,
            "column": 3
          }
        },
        "type": "if",
        "locations": [
          {
            "start": {
              "line": 7,
              "column": 2
            },
            "end": {
              "line": 11,
              "column": 3
            }
          },
          {
            "start": {},
            "end": {}
          }
        ],
        "line": 7
      },
      "4": {
        "loc": {
          "start": {
            "line": 160,
            "column": 0
          },
          "end": {
            "line": 163,
            "column": 1
          }
        },
        "type": "if",
        "locations": [
          {
            "start": {
              "line": 160,
              "column": 0
            },
            "end": {
              "line": 163,
              "column": 1
            }
          },
          {
            "start": {},
            "end": {}
          }
        ],
        "line": 160
      },
      "5": {
        "loc": {
          "start": {
            "line": 160,
            "column": 4
          },
          "end": {
            "line": 160,
            "column": 35
          }
        },
        "type": "binary-expr",
        "locations": [
          {
            "start": {
              "line": 160,
              "column": 4
            },
            "end": {
              "line": 160,
              "column": 19
            }
          },
          {
            "start": {
              "line": 160,
              "column": 23
            },
            "end": {
              "line": 160,
              "column": 35
            }
          }
        ],
        "line": 160
      },
      "6": {
        "loc": {
          "start": {
            "line": 164,
            "column": 0
          },
          "end": {
            "line": 173,
            "column": 1
          }
        },
        "type": "if",
        "locations": [
          {
            "start": {
              "line": 164,
              "column": 0
            },
            "end": {
              "line": 173,
              "column": 1
            }
          },
          {
            "start": {},
            "end": {}
          }
        ],
        "line": 164
      },
      "7": {
        "loc": {
          "start": {
            "line": 164,
            "column": 4
          },
          "end": {
            "line": 164,
            "column": 35
          }
        },
        "type": "binary-expr",
        "locations": [
          {
            "start": {
              "line": 164,
              "column": 4
            },
            "end": {
              "line": 164,
              "column": 19
            }
          },
          {
            "start": {
              "line": 164,
              "column": 23
            },
            "end": {
              "line": 164,
              "column": 35
            }
          }
        ],
        "line": 164
      },
      "8": {
        "loc": {
          "start": {
            "line": 168,
            "column": 6
          },
          "end": {
            "line": 168,
            "column": 31
          }
        },
        "type": "if",
        "locations": [
          {
            "start": {
              "line": 168,
              "column": 6
            },
            "end": {
              "line": 168,
              "column": 31
            }
          },
          {
            "start": {},
            "end": {}
          }
        ],
        "line": 168
      },
      "9": {
        "loc": {
          "start": {
            "line": 170,
            "column": 6
          },
          "end": {
            "line": 170,
            "column": 75
          }
        },
        "type": "if",
        "locations": [
          {
            "start": {
              "line": 170,
              "column": 6
            },
            "end": {
              "line": 170,
              "column": 75
            }
          },
          {
            "start": {},
            "end": {}
          }
        ],
        "line": 170
      }
    },
    "s": {
      "0": 2,
      "1": 2,
      "2": 2,
      "3": 0,
      "4": 2,
      "5": 2,
      "6": 2,
      "7": 2,
      "8": 4,
      "9": 4,
      "10": 2,
      "11": 2,
      "12": 2,
      "13": 2,
      "14": 2,
      "15": 2,
      "16": 2,
      "17": 2,
      "18": 2,
      "19": 0,
      "20": 0,
      "21": 0,
      "22": 0,
      "23": 0
    },
    "f": {
      "0": 4,
      "1": 2,
      "2": 0
    },
    "b": {
      "0": [
        2,
        0
      ],
      "1": [
        2,
        0
      ],
      "2": [
        2,
        2
      ],
      "3": [
        0,
        2
      ],
      "4": [
        2,
        0
      ],
      "5": [
        2,
        2
      ],
      "6": [
        2,
        0
      ],
      "7": [
        2,
        2
      ],
      "8": [
        0,
        0
      ],
      "9": [
        0,
        0
      ]
    },
    "inputSourceMap": {
      "version": 3,
      "mappings": "AA0Be;;;;;;;;;;;;;;;;AA1Bf,OAAO;AACP,SAASA,qBAAqBC,sBAAsB;AACpD,OAAOC,gBAAgB;AACvB,OAAOC,cAAc;AACrB,OAAOC,eAAe;AACtB,OAAOC,gBAAgB;AACvB,OAAOC,eAAe;AACtB,OAAOC,WAAW;AAClB,OAAOC,wBAAwB;AAC/B,OAAOC,mBAAmB;AAC1B,OAAOC,WAAW;AAClB,OAAOC,aAAa;AACpB,OAAOC,cAAc;AACrB,SAASC,oBAAoB;AAC7B,OAAOC,iBAAiB;AACxB,OAAOC,gBAAgB;AACvB,OAAOC,sBAAsB;AAC7B,OAAOC,oBAAoB;AAC3B,OAAOC,oBAAoB;AAC3B,OAAOC,yBAAyB;AAChC,OAAOC,WAAW;AAElB,SAASC,MAAM;AACb,QAAMC,SAAStB;AAAAA,IAAoB;AAAA,MACjC;AAAA,QACEuB,MAAM;AAAA,QACNC,SAAS,uBAAC,gBAAD;AAAA;AAAA;AAAA;AAAA,eAAW;AAAA,QACpBC,cAAc,uBAAC,eAAD;AAAA;AAAA;AAAA;AAAA,eAAU;AAAA,QACxBC,UAAU;AAAA,UACR,EAAEH,MAAM,KAAKC,SAAS,uBAAC,WAAD;AAAA;AAAA;AAAA;AAAA,iBAAM,EAAI;AAAA,UAChC,EAAED,MAAM,YAAYC,SAAS,uBAAC,aAAD;AAAA;AAAA;AAAA;AAAA,iBAAQ,EAAI;AAAA,UACzC,EAAED,MAAM,aAAaC,SAAS,uBAAC,cAAD;AAAA;AAAA;AAAA;AAAA,iBAAS,EAAI;AAAA,UAC3C,EAAED,MAAM,UAAUC,SAAS,uBAAC,WAAD;AAAA;AAAA;AAAA;AAAA,iBAAM,EAAI;AAAA,UACrC,EAAED,MAAM,gBAAgBC,SAAS,uBAAC,oBAAD;AAAA;AAAA;AAAA;AAAA,iBAAe,EAAI;AAAA,UACpD,EAAED,MAAM,cAAcC,SAAS,uBAAC,yBAAD;AAAA;AAAA;AAAA;AAAA,iBAAoB,EAAI;AAAA,UACvD,EAAED,MAAM,UAAUC,SAAS,uBAAC,eAAD;AAAA;AAAA;AAAA;AAAA,iBAAU,EAAI;AAAA,UACzC,EAAED,MAAM,WAAWC,SAAS,uBAAC,gBAAD;AAAA;AAAA;AAAA;AAAA,iBAAW,EAAI;AAAA,UAE3C;AAAA,YACEA,SAAS,uBAAC,kBAAe,cAAc,CAAC,QAAQ,KAAvC;AAAA;AAAA;AAAA;AAAA,mBAAyC;AAAA,YAClDE,UAAU;AAAA,cACR,EAAEH,MAAM,mBAAmBC,SAAS,uBAAC,mBAAD;AAAA;AAAA;AAAA;AAAA,qBAAc,EAAI;AAAA,cACtD,EAAED,MAAM,oBAAoBC,SAAS,uBAAC,sBAAD;AAAA;AAAA;AAAA;AAAA,qBAAiB,EAAI;AAAA,cAC1D,EAAED,MAAM,oBAAoBC,SAAS,uBAAC,iBAAD;AAAA;AAAA;AAAA;AAAA,qBAAY,EAAI;AAAA,YAAC;AAAA,UAE1D;AAAA,UAEA;AAAA,YACEA,SAAS,uBAAC,kBAAe,cAAc,CAAC,aAAa,KAA5C;AAAA;AAAA;AAAA;AAAA,mBAA8C;AAAA,YACvDE,UAAU;AAAA,cACR,EAAEH,MAAM,iBAAiBC,SAAS,uBAAC,wBAAD;AAAA;AAAA;AAAA;AAAA,qBAAmB,EAAI;AAAA,cACzD,EAAED,MAAM,aAAaC,SAAS,uBAAC,gBAAD;AAAA;AAAA;AAAA;AAAA,qBAAW,EAAI;AAAA,cAC7C,EAAED,MAAM,QAAQC,SAAS,uBAAC,WAAD;AAAA;AAAA;AAAA;AAAA,qBAAM,EAAI;AAAA,YAAC;AAAA,UAExC;AAAA,QAAC;AAAA,MAEL;AAAA,IAAC;AAAA,EACF;AAED,SACE,uBAAC,gBACC,iCAAC,kBAAe,UAAhB;AAAA;AAAA;AAAA;AAAA,SAA+B,KADjC;AAAA;AAAA;AAAA;AAAA,SAEA;AAEJ;AAACG,KA1CQN;AA4CT,eAAeA;AAAI,IAAAM;AAAAC,aAAAD,IAAA",
      "names": [
        "createBrowserRouter",
        "RouterProvider",
        "RootLayout",
        "MainPage",
        "LoginForm",
        "SignUpForm",
        "ErrorPage",
        "Carte",
        "ProfilePrestataire",
        "ProfileClient",
        "About",
        "Contact",
        "Services",
        "AuthProvider",
        "RequestCard",
        "RequestTab",
        "RequestClientTab",
        "ProtectedRoute",
        "TutorialClient",
        "TutorialPrestataire",
        "Guide",
        "App",
        "router",
        "path",
        "element",
        "errorElement",
        "children",
        "_c",
        "$RefreshReg$"
      ],
      "ignoreList": [],
      "sources": [
        "/Users/umar/manufind-1/manufind/frontend/src/App.jsx"
      ],
      "file": "/Users/umar/manufind-1/manufind/frontend/src/App.jsx"
    },
    "_coverageSchema": "1a1c01bbd47fc00a2c39e90264f33305004495a9",
    "hash": "a09700316601b83020e08d089f1c28ee37a066fb"
  },
  "/Users/umar/manufind-1/manufind/frontend/src/main.jsx": {
    "path": "/Users/umar/manufind-1/manufind/frontend/src/main.jsx",
    "statementMap": {
      "0": {
        "start": {
          "line": 6,
          "column": 0
        },
        "end": {
          "line": 16,
          "column": 2
        }
      }
    },
    "fnMap": {},
    "branchMap": {},
    "s": {
      "0": 2
    },
    "f": {},
    "b": {},
    "inputSourceMap": {
      "version": 3,
      "mappings": "AAOI;AAPJ,SAASA,kBAAkB;AAC3B,SAASC,kBAAkB;AAC3B,OAAO;AACP,OAAOC,SAAS;AAEhBD,WAAWE,SAASC,eAAe,MAAM,CAAC,EAAEC;AAAAA,EAC1C,uBAAC,cACC,iCAAC,SAAD;AAAA;AAAA;AAAA;AAAA,SAAI,KADN;AAAA;AAAA;AAAA;AAAA,SAEA;AACF",
      "names": [
        "StrictMode",
        "createRoot",
        "App",
        "document",
        "getElementById",
        "render"
      ],
      "ignoreList": [],
      "sources": [
        "/Users/umar/manufind-1/manufind/frontend/src/main.jsx"
      ],
      "file": "/Users/umar/manufind-1/manufind/frontend/src/main.jsx"
    },
    "_coverageSchema": "1a1c01bbd47fc00a2c39e90264f33305004495a9",
    "hash": "137964b9a44bded2d9e4f5fd1b5b336ba837860d"
  }
}