{"/Users/umar/manufind-1/manufind/frontend/src/App.jsx": {"path":"/Users/umar/manufind-1/manufind/frontend/src/App.jsx","statementMap":{"0":{"start":{"line":24,"column":17},"end":{"line":58,"column":null}},"1":{"start":{"line":60,"column":2},"end":{"line":63,"column":null}},"2":{"start":{"line":65,"column":1},"end":{"line":23,"column":15}},"3":{"start":{"line":67,"column":19},"end":{"line":67,"column":null}}},"fnMap":{"0":{"name":"App","decl":{"start":{"line":23,"column":9},"end":{"line":23,"column":15}},"loc":{"start":{"line":23,"column":15},"end":{"line":65,"column":1}}}},"branchMap":{},"s":{"0":4,"1":4,"2":2,"3":2},"f":{"0":4},"b":{}}
,"/Users/umar/manufind-1/manufind/frontend/src/main.jsx": {"path":"/Users/umar/manufind-1/manufind/frontend/src/main.jsx","statementMap":{"0":{"start":{"line":6,"column":0},"end":{"line":10,"column":null}}},"fnMap":{},"branchMap":{},"s":{"0":2},"f":{},"b":{}}
,"/Users/umar/manufind-1/manufind/frontend/src/Components/About/About.jsx": {"path":"/Users/umar/manufind-1/manufind/frontend/src/Components/About/About.jsx","statementMap":{"0":{"start":{"line":7,"column":14},"end":{"line":79,"column":2}},"1":{"start":{"line":8,"column":2},"end":{"line":77,"column":null}},"2":{"start":{"line":79,"column":2},"end":{"line":7,"column":14}},"3":{"start":{"line":81,"column":21},"end":{"line":81,"column":null}}},"fnMap":{"0":{"name":"(anonymous_0)","decl":{"start":{"line":7,"column":14},"end":{"line":7,"column":20}},"loc":{"start":{"line":7,"column":20},"end":{"line":79,"column":2}}}},"branchMap":{},"s":{"0":2,"1":0,"2":2,"3":2},"f":{"0":0},"b":{}}
,"/Users/umar/manufind-1/manufind/frontend/src/Components/AuthContext/AuthContext.jsx": {"path":"/Users/umar/manufind-1/manufind/frontend/src/Components/AuthContext/AuthContext.jsx","statementMap":{"0":{"start":{"line":3,"column":20},"end":{"line":3,"column":null}},"1":{"start":{"line":5,"column":28},"end":{"line":28,"column":2}},"2":{"start":{"line":5,"column":46},"end":{"line":5,"column":null}},"3":{"start":{"line":6,"column":34},"end":{"line":6,"column":null}},"4":{"start":{"line":8,"column":2},"end":{"line":11,"column":null}},"5":{"start":{"line":9,"column":22},"end":{"line":9,"column":null}},"6":{"start":{"line":10,"column":4},"end":{"line":10,"column":null}},"7":{"start":{"line":10,"column":19},"end":{"line":10,"column":null}},"8":{"start":{"line":13,"column":16},"end":{"line":16,"column":null}},"9":{"start":{"line":14,"column":4},"end":{"line":14,"column":null}},"10":{"start":{"line":15,"column":4},"end":{"line":15,"column":null}},"11":{"start":{"line":18,"column":17},"end":{"line":21,"column":null}},"12":{"start":{"line":19,"column":4},"end":{"line":19,"column":null}},"13":{"start":{"line":20,"column":4},"end":{"line":20,"column":null}},"14":{"start":{"line":23,"column":2},"end":{"line":26,"column":null}},"15":{"start":{"line":28,"column":2},"end":{"line":5,"column":28}},"16":{"start":{"line":5,"column":25},"end":{"line":null,"column":-1}},"17":{"start":{"line":30,"column":23},"end":{"line":30,"column":53}},"18":{"start":{"line":30,"column":23},"end":{"line":30,"column":29}},"19":{"start":{"line":30,"column":23},"end":{"line":30,"column":52}},"20":{"start":{"line":30,"column":53},"end":{"line":30,"column":23}},"21":{"start":{"line":30,"column":20},"end":{"line":30,"column":23}}},"fnMap":{"0":{"name":"(anonymous_0)","decl":{"start":{"line":5,"column":28},"end":{"line":5,"column":29}},"loc":{"start":{"line":5,"column":46},"end":{"line":28,"column":2}}},"1":{"name":"(anonymous_1)","decl":{"start":{"line":8,"column":12},"end":{"line":8,"column":18}},"loc":{"start":{"line":8,"column":18},"end":{"line":11,"column":5}}},"2":{"name":"(anonymous_2)","decl":{"start":{"line":13,"column":16},"end":{"line":13,"column":17}},"loc":{"start":{"line":13,"column":30},"end":{"line":16,"column":null}}},"3":{"name":"(anonymous_3)","decl":{"start":{"line":18,"column":17},"end":{"line":18,"column":23}},"loc":{"start":{"line":18,"column":23},"end":{"line":21,"column":null}}},"4":{"name":"(anonymous_4)","decl":{"start":{"line":30,"column":23},"end":{"line":30,"column":29}},"loc":{"start":{"line":30,"column":23},"end":{"line":30,"column":53}}}},"branchMap":{"0":{"loc":{"start":{"line":10,"column":4},"end":{"line":10,"column":null}},"type":"if","locations":[{"start":{"line":10,"column":4},"end":{"line":10,"column":null}}]}},"s":{"0":2,"1":2,"2":4,"3":4,"4":4,"5":4,"6":4,"7":0,"8":4,"9":0,"10":0,"11":4,"12":0,"13":0,"14":4,"15":2,"16":2,"17":2,"18":8,"19":8,"20":2,"21":2},"f":{"0":4,"1":4,"2":0,"3":0,"4":8},"b":{"0":[0]}}
,"/Users/umar/manufind-1/manufind/frontend/src/Components/Contact/Contact.jsx": {"path":"/Users/umar/manufind-1/manufind/frontend/src/Components/Contact/Contact.jsx","statementMap":{"0":{"start":{"line":3,"column":16},"end":{"line":7,"column":1}},"1":{"start":{"line":4,"column":4},"end":{"line":6,"column":null}},"2":{"start":{"line":7,"column":1},"end":{"line":3,"column":16}},"3":{"start":{"line":9,"column":23},"end":{"line":9,"column":null}}},"fnMap":{"0":{"name":"(anonymous_0)","decl":{"start":{"line":3,"column":16},"end":{"line":3,"column":22}},"loc":{"start":{"line":3,"column":22},"end":{"line":7,"column":1}}}},"branchMap":{},"s":{"0":2,"1":0,"2":2,"3":2},"f":{"0":0},"b":{}}
,"/Users/umar/manufind-1/manufind/frontend/src/Components/Error/ErrorPage.jsx": {"path":"/Users/umar/manufind-1/manufind/frontend/src/Components/Error/ErrorPage.jsx","statementMap":{"0":{"start":{"line":1,"column":18},"end":{"line":8,"column":1}},"1":{"start":{"line":2,"column":4},"end":{"line":5,"column":null}},"2":{"start":{"line":8,"column":1},"end":{"line":1,"column":18}},"3":{"start":{"line":10,"column":25},"end":{"line":10,"column":null}}},"fnMap":{"0":{"name":"(anonymous_0)","decl":{"start":{"line":1,"column":18},"end":{"line":1,"column":24}},"loc":{"start":{"line":1,"column":24},"end":{"line":8,"column":1}}}},"branchMap":{},"s":{"0":2,"1":0,"2":2,"3":2},"f":{"0":0},"b":{}}
,"/Users/umar/manufind-1/manufind/frontend/src/Components/Guide/Guide.jsx": {"path":"/Users/umar/manufind-1/manufind/frontend/src/Components/Guide/Guide.jsx","statementMap":{"0":{"start":{"line":6,"column":32},"end":{"line":6,"column":null}},"1":{"start":{"line":7,"column":19},"end":{"line":7,"column":null}},"2":{"start":{"line":9,"column":2},"end":{"line":36,"column":null}},"3":{"start":{"line":18,"column":51},"end":{"line":18,"column":null}},"4":{"start":{"line":27,"column":51},"end":{"line":27,"column":null}},"5":{"start":{"line":38,"column":1},"end":{"line":7,"column":31}},"6":{"start":{"line":6,"column":29},"end":{"line":7,"column":31}},"7":{"start":{"line":7,"column":30},"end":{"line":6,"column":29}},"8":{"start":{"line":6,"column":29},"end":{"line":6,"column":32}}},"fnMap":{"0":{"name":"Guide","decl":{"start":{"line":6,"column":24},"end":{"line":6,"column":29}},"loc":{"start":{"line":6,"column":32},"end":{"line":38,"column":1}}},"1":{"name":"(anonymous_1)","decl":{"start":{"line":18,"column":45},"end":{"line":18,"column":51}},"loc":{"start":{"line":18,"column":51},"end":{"line":18,"column":null}}},"2":{"name":"(anonymous_2)","decl":{"start":{"line":27,"column":45},"end":{"line":27,"column":51}},"loc":{"start":{"line":27,"column":51},"end":{"line":27,"column":null}}},"3":{"name":"(anonymous_3)","decl":{"start":{"line":6,"column":29},"end":{"line":6,"column":32}},"loc":{"start":{"line":6,"column":29},"end":{"line":7,"column":31}}}},"branchMap":{},"s":{"0":0,"1":0,"2":0,"3":0,"4":0,"5":2,"6":0,"7":2,"8":2},"f":{"0":0,"1":0,"2":0,"3":0},"b":{}}
,"/Users/umar/manufind-1/manufind/frontend/src/Components/Header/Header.jsx": {"path":"/Users/umar/manufind-1/manufind/frontend/src/Components/Header/Header.jsx","statementMap":{"0":{"start":{"line":7,"column":15},"end":{"line":94,"column":2}},"1":{"start":{"line":7,"column":21},"end":{"line":7,"column":null}},"2":{"start":{"line":8,"column":31},"end":{"line":8,"column":null}},"3":{"start":{"line":9,"column":19},"end":{"line":9,"column":null}},"4":{"start":{"line":10,"column":34},"end":{"line":10,"column":null}},"5":{"start":{"line":12,"column":23},"end":{"line":15,"column":null}},"6":{"start":{"line":13,"column":4},"end":{"line":13,"column":null}},"7":{"start":{"line":14,"column":4},"end":{"line":14,"column":null}},"8":{"start":{"line":16,"column":27},"end":{"line":20,"column":null}},"9":{"start":{"line":17,"column":4},"end":{"line":17,"column":null}},"10":{"start":{"line":18,"column":4},"end":{"line":18,"column":null}},"11":{"start":{"line":19,"column":4},"end":{"line":19,"column":null}},"12":{"start":{"line":22,"column":15},"end":{"line":22,"column":null}},"13":{"start":{"line":24,"column":2},"end":{"line":92,"column":null}},"14":{"start":{"line":32,"column":75},"end":{"line":32,"column":null}},"15":{"start":{"line":68,"column":41},"end":{"line":68,"column":61}},"16":{"start":{"line":69,"column":49},"end":{"line":69,"column":69}},"17":{"start":{"line":70,"column":47},"end":{"line":70,"column":67}},"18":{"start":{"line":74,"column":74},"end":{"line":74,"column":94}},"19":{"start":{"line":75,"column":79},"end":{"line":75,"column":99}},"20":{"start":{"line":76,"column":81},"end":{"line":76,"column":101}},"21":{"start":{"line":77,"column":81},"end":{"line":77,"column":101}},"22":{"start":{"line":85,"column":50},"end":{"line":85,"column":70}},"23":{"start":{"line":86,"column":50},"end":{"line":86,"column":70}},"24":{"start":{"line":91,"column":59},"end":{"line":91,"column":79}},"25":{"start":{"line":94,"column":2},"end":{"line":9,"column":31}},"26":{"start":{"line":7,"column":12},"end":{"line":9,"column":31}},"27":{"start":{"line":9,"column":30},"end":{"line":7,"column":12}},"28":{"start":{"line":96,"column":22},"end":{"line":96,"column":null}}},"fnMap":{"0":{"name":"(anonymous_0)","decl":{"start":{"line":7,"column":15},"end":{"line":7,"column":21}},"loc":{"start":{"line":7,"column":21},"end":{"line":94,"column":2}}},"1":{"name":"(anonymous_1)","decl":{"start":{"line":12,"column":23},"end":{"line":12,"column":29}},"loc":{"start":{"line":12,"column":29},"end":{"line":15,"column":null}}},"2":{"name":"(anonymous_2)","decl":{"start":{"line":16,"column":27},"end":{"line":16,"column":33}},"loc":{"start":{"line":16,"column":33},"end":{"line":20,"column":null}}},"3":{"name":"(anonymous_3)","decl":{"start":{"line":32,"column":69},"end":{"line":32,"column":75}},"loc":{"start":{"line":32,"column":75},"end":{"line":32,"column":null}}},"4":{"name":"(anonymous_4)","decl":{"start":{"line":68,"column":35},"end":{"line":68,"column":41}},"loc":{"start":{"line":68,"column":41},"end":{"line":68,"column":61}}},"5":{"name":"(anonymous_5)","decl":{"start":{"line":69,"column":43},"end":{"line":69,"column":49}},"loc":{"start":{"line":69,"column":49},"end":{"line":69,"column":69}}},"6":{"name":"(anonymous_6)","decl":{"start":{"line":70,"column":41},"end":{"line":70,"column":47}},"loc":{"start":{"line":70,"column":47},"end":{"line":70,"column":67}}},"7":{"name":"(anonymous_7)","decl":{"start":{"line":74,"column":68},"end":{"line":74,"column":74}},"loc":{"start":{"line":74,"column":74},"end":{"line":74,"column":94}}},"8":{"name":"(anonymous_8)","decl":{"start":{"line":75,"column":73},"end":{"line":75,"column":79}},"loc":{"start":{"line":75,"column":79},"end":{"line":75,"column":99}}},"9":{"name":"(anonymous_9)","decl":{"start":{"line":76,"column":75},"end":{"line":76,"column":81}},"loc":{"start":{"line":76,"column":81},"end":{"line":76,"column":101}}},"10":{"name":"(anonymous_10)","decl":{"start":{"line":77,"column":75},"end":{"line":77,"column":81}},"loc":{"start":{"line":77,"column":81},"end":{"line":77,"column":101}}},"11":{"name":"(anonymous_11)","decl":{"start":{"line":85,"column":44},"end":{"line":85,"column":50}},"loc":{"start":{"line":85,"column":50},"end":{"line":85,"column":70}}},"12":{"name":"(anonymous_12)","decl":{"start":{"line":86,"column":44},"end":{"line":86,"column":50}},"loc":{"start":{"line":86,"column":50},"end":{"line":86,"column":70}}},"13":{"name":"(anonymous_13)","decl":{"start":{"line":91,"column":53},"end":{"line":91,"column":59}},"loc":{"start":{"line":91,"column":59},"end":{"line":91,"column":79}}},"14":{"name":"(anonymous_14)","decl":{"start":{"line":7,"column":12},"end":{"line":7,"column":15}},"loc":{"start":{"line":7,"column":12},"end":{"line":9,"column":31}}}},"branchMap":{"0":{"loc":{"start":{"line":32,"column":34},"end":{"line":32,"column":56}},"type":"cond-expr","locations":[{"start":{"line":32,"column":45},"end":{"line":32,"column":54}},{"start":{"line":32,"column":54},"end":{"line":32,"column":56}}]},"1":{"loc":{"start":{"line":42,"column":11},"end":{"line":42,"column":null}},"type":"binary-expr","locations":[{"start":{"line":42,"column":11},"end":{"line":42,"column":37}},{"start":{"line":42,"column":37},"end":{"line":42,"column":null}}]},"2":{"loc":{"start":{"line":43,"column":11},"end":{"line":43,"column":null}},"type":"binary-expr","locations":[{"start":{"line":43,"column":11},"end":{"line":43,"column":37}},{"start":{"line":43,"column":37},"end":{"line":43,"column":null}}]},"3":{"loc":{"start":{"line":44,"column":11},"end":{"line":44,"column":null}},"type":"binary-expr","locations":[{"start":{"line":44,"column":11},"end":{"line":44,"column":32}},{"start":{"line":44,"column":32},"end":{"line":44,"column":null}}]},"4":{"loc":{"start":{"line":45,"column":11},"end":{"line":45,"column":null}},"type":"binary-expr","locations":[{"start":{"line":45,"column":11},"end":{"line":45,"column":32}},{"start":{"line":45,"column":32},"end":{"line":45,"column":null}}]},"5":{"loc":{"start":{"line":49,"column":11},"end":{"line":62,"column":null}},"type":"cond-expr","locations":[{"start":{"line":50,"column":12},"end":{"line":57,"column":null}},{"start":{"line":59,"column":12},"end":{"line":62,"column":null}}]},"6":{"loc":{"start":{"line":51,"column":27},"end":{"line":51,"column":83}},"type":"cond-expr","locations":[{"start":{"line":51,"column":47},"end":{"line":51,"column":67}},{"start":{"line":51,"column":67},"end":{"line":51,"column":83}}]},"7":{"loc":{"start":{"line":67,"column":33},"end":{"line":67,"column":55}},"type":"cond-expr","locations":[{"start":{"line":67,"column":44},"end":{"line":67,"column":53}},{"start":{"line":67,"column":53},"end":{"line":67,"column":55}}]},"8":{"loc":{"start":{"line":72,"column":9},"end":{"line":87,"column":null}},"type":"cond-expr","locations":[{"start":{"line":73,"column":10},"end":{"line":82,"column":null}},{"start":{"line":84,"column":10},"end":{"line":87,"column":null}}]},"9":{"loc":{"start":{"line":74,"column":13},"end":{"line":74,"column":null}},"type":"binary-expr","locations":[{"start":{"line":74,"column":13},"end":{"line":74,"column":39}},{"start":{"line":74,"column":39},"end":{"line":74,"column":null}}]},"10":{"loc":{"start":{"line":75,"column":13},"end":{"line":75,"column":null}},"type":"binary-expr","locations":[{"start":{"line":75,"column":13},"end":{"line":75,"column":39}},{"start":{"line":75,"column":39},"end":{"line":75,"column":null}}]},"11":{"loc":{"start":{"line":76,"column":13},"end":{"line":76,"column":null}},"type":"binary-expr","locations":[{"start":{"line":76,"column":13},"end":{"line":76,"column":34}},{"start":{"line":76,"column":34},"end":{"line":76,"column":null}}]},"12":{"loc":{"start":{"line":77,"column":13},"end":{"line":77,"column":null}},"type":"binary-expr","locations":[{"start":{"line":77,"column":13},"end":{"line":77,"column":34}},{"start":{"line":77,"column":34},"end":{"line":77,"column":null}}]},"13":{"loc":{"start":{"line":78,"column":25},"end":{"line":78,"column":82}},"type":"cond-expr","locations":[{"start":{"line":78,"column":45},"end":{"line":78,"column":65}},{"start":{"line":78,"column":65},"end":{"line":78,"column":82}}]},"14":{"loc":{"start":{"line":91,"column":7},"end":{"line":91,"column":null}},"type":"binary-expr","locations":[{"start":{"line":91,"column":7},"end":{"line":91,"column":19}},{"start":{"line":91,"column":19},"end":{"line":91,"column":null}}]}},"s":{"0":2,"1":6,"2":6,"3":6,"4":6,"5":6,"6":0,"7":0,"8":6,"9":0,"10":0,"11":0,"12":6,"13":6,"14":0,"15":0,"16":0,"17":0,"18":0,"19":0,"20":0,"21":0,"22":0,"23":0,"24":0,"25":2,"26":2,"27":2,"28":2},"f":{"0":6,"1":0,"2":0,"3":0,"4":0,"5":0,"6":0,"7":0,"8":0,"9":0,"10":0,"11":0,"12":0,"13":0,"14":2},"b":{"0":[0,6],"1":[6,0],"2":[6,0],"3":[6,0],"4":[6,0],"5":[0,6],"6":[0,0],"7":[0,6],"8":[0,6],"9":[0,0],"10":[0,0],"11":[0,0],"12":[0,0],"13":[0,0],"14":[6,0]}}
,"/Users/umar/manufind-1/manufind/frontend/src/Components/LoginForm/LoginForm.jsx": {"path":"/Users/umar/manufind-1/manufind/frontend/src/Components/LoginForm/LoginForm.jsx","statementMap":{"0":{"start":{"line":7,"column":18},"end":{"line":88,"column":2}},"1":{"start":{"line":7,"column":24},"end":{"line":7,"column":null}},"2":{"start":{"line":8,"column":28},"end":{"line":8,"column":null}},"3":{"start":{"line":9,"column":38},"end":{"line":9,"column":null}},"4":{"start":{"line":10,"column":32},"end":{"line":10,"column":null}},"5":{"start":{"line":11,"column":19},"end":{"line":11,"column":null}},"6":{"start":{"line":12,"column":20},"end":{"line":12,"column":null}},"7":{"start":{"line":15,"column":4},"end":{"line":15,"column":null}},"8":{"start":{"line":16,"column":4},"end":{"line":30,"column":null}},"9":{"start":{"line":17,"column":18},"end":{"line":21,"column":null}},"10":{"start":{"line":23,"column":19},"end":{"line":23,"column":null}},"11":{"start":{"line":24,"column":6},"end":{"line":27,"column":null}},"12":{"start":{"line":25,"column":8},"end":{"line":25,"column":null}},"13":{"start":{"line":26,"column":8},"end":{"line":26,"column":null}},"14":{"start":{"line":27,"column":13},"end":{"line":27,"column":null}},"15":{"start":{"line":29,"column":6},"end":{"line":29,"column":null}},"16":{"start":{"line":33,"column":2},"end":{"line":86,"column":null}},"17":{"start":{"line":47,"column":31},"end":{"line":47,"column":null}},"18":{"start":{"line":56,"column":31},"end":{"line":56,"column":null}},"19":{"start":{"line":88,"column":2},"end":{"line":12,"column":28}},"20":{"start":{"line":7,"column":15},"end":{"line":12,"column":28}},"21":{"start":{"line":12,"column":27},"end":{"line":7,"column":15}},"22":{"start":{"line":90,"column":25},"end":{"line":90,"column":null}}},"fnMap":{"0":{"name":"(anonymous_0)","decl":{"start":{"line":7,"column":18},"end":{"line":7,"column":24}},"loc":{"start":{"line":7,"column":24},"end":{"line":88,"column":2}}},"1":{"name":"handleSubmit","decl":{"start":{"line":14,"column":17},"end":{"line":14,"column":30}},"loc":{"start":{"line":14,"column":33},"end":{"line":31,"column":null}}},"2":{"name":"(anonymous_2)","decl":{"start":{"line":47,"column":24},"end":{"line":47,"column":25}},"loc":{"start":{"line":47,"column":31},"end":{"line":47,"column":null}}},"3":{"name":"(anonymous_3)","decl":{"start":{"line":56,"column":24},"end":{"line":56,"column":25}},"loc":{"start":{"line":56,"column":31},"end":{"line":56,"column":null}}},"4":{"name":"(anonymous_4)","decl":{"start":{"line":7,"column":15},"end":{"line":7,"column":18}},"loc":{"start":{"line":7,"column":15},"end":{"line":12,"column":28}}}},"branchMap":{"0":{"loc":{"start":{"line":24,"column":6},"end":{"line":27,"column":null}},"type":"if","locations":[{"start":{"line":24,"column":6},"end":{"line":27,"column":null}},{"start":{"line":27,"column":13},"end":{"line":27,"column":null}}]},"1":{"loc":{"start":{"line":26,"column":17},"end":{"line":26,"column":82}},"type":"cond-expr","locations":[{"start":{"line":26,"column":47},"end":{"line":26,"column":67}},{"start":{"line":26,"column":67},"end":{"line":26,"column":82}}]},"2":{"loc":{"start":{"line":27,"column":24},"end":{"line":27,"column":63}},"type":"binary-expr","locations":[{"start":{"line":27,"column":24},"end":{"line":27,"column":38}},{"start":{"line":27,"column":38},"end":{"line":27,"column":63}}]},"3":{"loc":{"start":{"line":61,"column":13},"end":{"line":61,"column":null}},"type":"binary-expr","locations":[{"start":{"line":61,"column":13},"end":{"line":61,"column":24}},{"start":{"line":61,"column":24},"end":{"line":61,"column":null}}]}},"s":{"0":2,"1":2,"2":2,"3":2,"4":2,"5":2,"6":2,"7":0,"8":0,"9":0,"10":0,"11":0,"12":0,"13":0,"14":0,"15":0,"16":2,"17":0,"18":0,"19":2,"20":1,"21":2,"22":2},"f":{"0":2,"1":0,"2":0,"3":0,"4":1},"b":{"0":[0,0],"1":[0,0],"2":[0,0],"3":[2,0]}}
,"/Users/umar/manufind-1/manufind/frontend/src/Components/MainPage/MainPage.jsx": {"path":"/Users/umar/manufind-1/manufind/frontend/src/Components/MainPage/MainPage.jsx","statementMap":{"0":{"start":{"line":5,"column":17},"end":{"line":13,"column":2}},"1":{"start":{"line":6,"column":2},"end":{"line":11,"column":null}},"2":{"start":{"line":13,"column":2},"end":{"line":5,"column":17}},"3":{"start":{"line":15,"column":24},"end":{"line":15,"column":null}}},"fnMap":{"0":{"name":"(anonymous_0)","decl":{"start":{"line":5,"column":17},"end":{"line":5,"column":23}},"loc":{"start":{"line":5,"column":23},"end":{"line":13,"column":2}}}},"branchMap":{},"s":{"0":2,"1":0,"2":2,"3":2},"f":{"0":0},"b":{}}
,"/Users/umar/manufind-1/manufind/frontend/src/Components/Map/map.jsx": {"path":"/Users/umar/manufind-1/manufind/frontend/src/Components/Map/map.jsx","statementMap":{"0":{"start":{"line":9,"column":19},"end":{"line":15,"column":null}},"1":{"start":{"line":17,"column":20},"end":{"line":23,"column":null}},"2":{"start":{"line":25,"column":35},"end":{"line":25,"column":null}},"3":{"start":{"line":26,"column":14},"end":{"line":26,"column":null}},"4":{"start":{"line":27,"column":2},"end":{"line":35,"column":null}},"5":{"start":{"line":28,"column":4},"end":{"line":34,"column":null}},"6":{"start":{"line":29,"column":6},"end":{"line":29,"column":null}},"7":{"start":{"line":30,"column":22},"end":{"line":30,"column":null}},"8":{"start":{"line":31,"column":6},"end":{"line":31,"column":null}},"9":{"start":{"line":32,"column":6},"end":{"line":32,"column":null}},"10":{"start":{"line":33,"column":6},"end":{"line":33,"column":null}},"11":{"start":{"line":33,"column":24},"end":{"line":33,"column":67}},"12":{"start":{"line":36,"column":2},"end":{"line":36,"column":null}},"13":{"start":{"line":37,"column":1},"end":{"line":26,"column":21}},"14":{"start":{"line":25,"column":20},"end":{"line":26,"column":21}},"15":{"start":{"line":26,"column":20},"end":{"line":25,"column":20}},"16":{"start":{"line":39,"column":14},"end":{"line":161,"column":2}},"17":{"start":{"line":39,"column":20},"end":{"line":39,"column":null}},"18":{"start":{"line":40,"column":32},"end":{"line":40,"column":null}},"19":{"start":{"line":41,"column":34},"end":{"line":41,"column":null}},"20":{"start":{"line":42,"column":30},"end":{"line":42,"column":null}},"21":{"start":{"line":43,"column":42},"end":{"line":43,"column":null}},"22":{"start":{"line":44,"column":32},"end":{"line":44,"column":null}},"23":{"start":{"line":46,"column":2},"end":{"line":48,"column":null}},"24":{"start":{"line":47,"column":4},"end":{"line":47,"column":null}},"25":{"start":{"line":50,"column":24},"end":{"line":72,"column":null}},"26":{"start":{"line":51,"column":4},"end":{"line":71,"column":null}},"27":{"start":{"line":52,"column":23},"end":{"line":52,"column":null}},"28":{"start":{"line":53,"column":19},"end":{"line":53,"column":null}},"29":{"start":{"line":54,"column":6},"end":{"line":66,"column":null}},"30":{"start":{"line":55,"column":35},"end":{"line":63,"column":null}},"31":{"start":{"line":57,"column":12},"end":{"line":60,"column":null}},"32":{"start":{"line":58,"column":29},"end":{"line":58,"column":null}},"33":{"start":{"line":59,"column":14},"end":{"line":59,"column":null}},"34":{"start":{"line":61,"column":12},"end":{"line":61,"column":null}},"35":{"start":{"line":65,"column":8},"end":{"line":65,"column":null}},"36":{"start":{"line":65,"column":53},"end":{"line":65,"column":93}},"37":{"start":{"line":68,"column":6},"end":{"line":68,"column":null}},"38":{"start":{"line":70,"column":6},"end":{"line":70,"column":null}},"39":{"start":{"line":74,"column":25},"end":{"line":88,"column":null}},"40":{"start":{"line":75,"column":4},"end":{"line":86,"column":null}},"41":{"start":{"line":76,"column":18},"end":{"line":78,"column":null}},"42":{"start":{"line":79,"column":23},"end":{"line":79,"column":null}},"43":{"start":{"line":80,"column":19},"end":{"line":80,"column":null}},"44":{"start":{"line":81,"column":6},"end":{"line":83,"column":null}},"45":{"start":{"line":82,"column":8},"end":{"line":82,"column":null}},"46":{"start":{"line":85,"column":6},"end":{"line":85,"column":null}},"47":{"start":{"line":87,"column":4},"end":{"line":87,"column":null}},"48":{"start":{"line":90,"column":23},"end":{"line":106,"column":null}},"49":{"start":{"line":91,"column":4},"end":{"line":91,"column":null}},"50":{"start":{"line":92,"column":4},"end":{"line":92,"column":null}},"51":{"start":{"line":92,"column":17},"end":{"line":92,"column":null}},"52":{"start":{"line":93,"column":16},"end":{"line":93,"column":null}},"53":{"start":{"line":94,"column":4},"end":{"line":105,"column":null}},"54":{"start":{"line":95,"column":18},"end":{"line":95,"column":null}},"55":{"start":{"line":96,"column":19},"end":{"line":96,"column":null}},"56":{"start":{"line":97,"column":6},"end":{"line":102,"column":null}},"57":{"start":{"line":98,"column":29},"end":{"line":98,"column":null}},"58":{"start":{"line":99,"column":23},"end":{"line":99,"column":null}},"59":{"start":{"line":100,"column":8},"end":{"line":100,"column":null}},"60":{"start":{"line":100,"column":29},"end":{"line":100,"column":46}},"61":{"start":{"line":101,"column":8},"end":{"line":101,"column":null}},"62":{"start":{"line":102,"column":13},"end":{"line":102,"column":null}},"63":{"start":{"line":104,"column":6},"end":{"line":104,"column":null}},"64":{"start":{"line":108,"column":32},"end":{"line":116,"column":null}},"65":{"start":{"line":110,"column":4},"end":{"line":112,"column":null}},"66":{"start":{"line":111,"column":6},"end":{"line":111,"column":null}},"67":{"start":{"line":111,"column":23},"end":{"line":111,"column":70}},"68":{"start":{"line":113,"column":4},"end":{"line":115,"column":null}},"69":{"start":{"line":114,"column":6},"end":{"line":114,"column":null}},"70":{"start":{"line":114,"column":28},"end":{"line":114,"column":59}},"71":{"start":{"line":114,"column":47},"end":{"line":114,"column":58}},"72":{"start":{"line":118,"column":2},"end":{"line":159,"column":null}},"73":{"start":{"line":125,"column":27},"end":{"line":125,"column":53}},"74":{"start":{"line":143,"column":10},"end":{"line":143,"column":null}},"75":{"start":{"line":147,"column":10},"end":{"line":154,"column":null}},"76":{"start":{"line":161,"column":2},"end":{"line":39,"column":14}},"77":{"start":{"line":39,"column":11},"end":{"line":null,"column":-1}},"78":{"start":{"line":163,"column":21},"end":{"line":163,"column":null}}},"fnMap":{"0":{"name":"RecenterMap","decl":{"start":{"line":25,"column":9},"end":{"line":25,"column":20}},"loc":{"start":{"line":25,"column":35},"end":{"line":37,"column":1}}},"1":{"name":"(anonymous_1)","decl":{"start":{"line":27,"column":12},"end":{"line":27,"column":18}},"loc":{"start":{"line":27,"column":18},"end":{"line":35,"column":5}}},"2":{"name":"(anonymous_2)","decl":{"start":{"line":33,"column":17},"end":{"line":33,"column":24}},"loc":{"start":{"line":33,"column":24},"end":{"line":33,"column":67}}},"3":{"name":"(anonymous_3)","decl":{"start":{"line":25,"column":20},"end":{"line":25,"column":21}},"loc":{"start":{"line":25,"column":20},"end":{"line":26,"column":21}}},"4":{"name":"(anonymous_4)","decl":{"start":{"line":39,"column":14},"end":{"line":39,"column":20}},"loc":{"start":{"line":39,"column":20},"end":{"line":161,"column":2}}},"5":{"name":"(anonymous_5)","decl":{"start":{"line":46,"column":12},"end":{"line":46,"column":18}},"loc":{"start":{"line":46,"column":18},"end":{"line":48,"column":5}}},"6":{"name":"(anonymous_6)","decl":{"start":{"line":50,"column":24},"end":{"line":50,"column":36}},"loc":{"start":{"line":50,"column":36},"end":{"line":72,"column":null}}},"7":{"name":"(anonymous_7)","decl":{"start":{"line":56,"column":28},"end":{"line":56,"column":35}},"loc":{"start":{"line":56,"column":47},"end":{"line":62,"column":11}}},"8":{"name":"(anonymous_8)","decl":{"start":{"line":65,"column":46},"end":{"line":65,"column":47}},"loc":{"start":{"line":65,"column":53},"end":{"line":65,"column":93}}},"9":{"name":"(anonymous_9)","decl":{"start":{"line":74,"column":25},"end":{"line":74,"column":32}},"loc":{"start":{"line":74,"column":44},"end":{"line":88,"column":null}}},"10":{"name":"(anonymous_10)","decl":{"start":{"line":90,"column":23},"end":{"line":90,"column":30}},"loc":{"start":{"line":90,"column":36},"end":{"line":106,"column":null}}},"11":{"name":"(anonymous_11)","decl":{"start":{"line":100,"column":19},"end":{"line":100,"column":20}},"loc":{"start":{"line":100,"column":29},"end":{"line":100,"column":46}}},"12":{"name":"(anonymous_12)","decl":{"start":{"line":108,"column":32},"end":{"line":108,"column":33}},"loc":{"start":{"line":108,"column":40},"end":{"line":116,"column":null}}},"13":{"name":"(anonymous_13)","decl":{"start":{"line":110,"column":16},"end":{"line":110,"column":17}},"loc":{"start":{"line":111,"column":6},"end":{"line":111,"column":null}}},"14":{"name":"(anonymous_14)","decl":{"start":{"line":111,"column":15},"end":{"line":111,"column":16}},"loc":{"start":{"line":111,"column":23},"end":{"line":111,"column":70}}},"15":{"name":"(anonymous_15)","decl":{"start":{"line":113,"column":15},"end":{"line":113,"column":21}},"loc":{"start":{"line":113,"column":21},"end":{"line":115,"column":7}}},"16":{"name":"(anonymous_16)","decl":{"start":{"line":114,"column":18},"end":{"line":114,"column":19}},"loc":{"start":{"line":114,"column":28},"end":{"line":114,"column":59}}},"17":{"name":"(anonymous_17)","decl":{"start":{"line":114,"column":40},"end":{"line":114,"column":41}},"loc":{"start":{"line":114,"column":47},"end":{"line":114,"column":58}}},"18":{"name":"(anonymous_18)","decl":{"start":{"line":125,"column":20},"end":{"line":125,"column":21}},"loc":{"start":{"line":125,"column":27},"end":{"line":125,"column":53}}},"19":{"name":"(anonymous_19)","decl":{"start":{"line":142,"column":21},"end":{"line":142,"column":22}},"loc":{"start":{"line":143,"column":10},"end":{"line":143,"column":null}}},"20":{"name":"(anonymous_20)","decl":{"start":{"line":146,"column":22},"end":{"line":146,"column":23}},"loc":{"start":{"line":147,"column":10},"end":{"line":154,"column":null}}}},"branchMap":{"0":{"loc":{"start":{"line":28,"column":4},"end":{"line":34,"column":null}},"type":"if","locations":[{"start":{"line":28,"column":4},"end":{"line":34,"column":null}}]},"1":{"loc":{"start":{"line":28,"column":8},"end":{"line":28,"column":20}},"type":"binary-expr","locations":[{"start":{"line":28,"column":8},"end":{"line":28,"column":15}},{"start":{"line":28,"column":15},"end":{"line":28,"column":20}}]},"2":{"loc":{"start":{"line":54,"column":6},"end":{"line":66,"column":null}},"type":"if","locations":[{"start":{"line":54,"column":6},"end":{"line":66,"column":null}}]},"3":{"loc":{"start":{"line":57,"column":12},"end":{"line":60,"column":null}},"type":"if","locations":[{"start":{"line":57,"column":12},"end":{"line":60,"column":null}}]},"4":{"loc":{"start":{"line":65,"column":53},"end":{"line":65,"column":93}},"type":"binary-expr","locations":[{"start":{"line":65,"column":53},"end":{"line":65,"column":70}},{"start":{"line":65,"column":70},"end":{"line":65,"column":93}}]},"5":{"loc":{"start":{"line":81,"column":6},"end":{"line":83,"column":null}},"type":"if","locations":[{"start":{"line":81,"column":6},"end":{"line":83,"column":null}}]},"6":{"loc":{"start":{"line":92,"column":4},"end":{"line":92,"column":null}},"type":"if","locations":[{"start":{"line":92,"column":4},"end":{"line":92,"column":null}}]},"7":{"loc":{"start":{"line":97,"column":6},"end":{"line":102,"column":null}},"type":"if","locations":[{"start":{"line":97,"column":6},"end":{"line":102,"column":null}},{"start":{"line":102,"column":13},"end":{"line":102,"column":null}}]},"8":{"loc":{"start":{"line":111,"column":23},"end":{"line":111,"column":70}},"type":"cond-expr","locations":[{"start":{"line":111,"column":37},"end":{"line":111,"column":68}},{"start":{"line":111,"column":68},"end":{"line":111,"column":70}}]},"9":{"loc":{"start":{"line":130,"column":7},"end":{"line":133,"column":null}},"type":"binary-expr","locations":[{"start":{"line":130,"column":7},"end":{"line":130,"column":null}},{"start":{"line":131,"column":8},"end":{"line":133,"column":null}}]},"10":{"loc":{"start":{"line":151,"column":23},"end":{"line":151,"column":null}},"type":"cond-expr","locations":[{"start":{"line":151,"column":46},"end":{"line":151,"column":67}},{"start":{"line":151,"column":67},"end":{"line":151,"column":null}}]},"11":{"loc":{"start":{"line":157,"column":9},"end":{"line":157,"column":null}},"type":"binary-expr","locations":[{"start":{"line":157,"column":9},"end":{"line":157,"column":25}},{"start":{"line":157,"column":25},"end":{"line":157,"column":null}}]}},"s":{"0":2,"1":2,"2":0,"3":0,"4":0,"5":0,"6":0,"7":0,"8":0,"9":0,"10":0,"11":0,"12":0,"13":2,"14":0,"15":2,"16":2,"17":0,"18":0,"19":0,"20":0,"21":0,"22":0,"23":0,"24":0,"25":0,"26":0,"27":0,"28":0,"29":0,"30":0,"31":0,"32":0,"33":0,"34":0,"35":0,"36":0,"37":0,"38":0,"39":0,"40":0,"41":0,"42":0,"43":0,"44":0,"45":0,"46":0,"47":0,"48":0,"49":0,"50":0,"51":0,"52":0,"53":0,"54":0,"55":0,"56":0,"57":0,"58":0,"59":0,"60":0,"61":0,"62":0,"63":0,"64":0,"65":0,"66":0,"67":0,"68":0,"69":0,"70":0,"71":0,"72":0,"73":0,"74":0,"75":0,"76":2,"77":2,"78":4},"f":{"0":0,"1":0,"2":0,"3":0,"4":0,"5":0,"6":0,"7":0,"8":0,"9":0,"10":0,"11":0,"12":0,"13":0,"14":0,"15":0,"16":0,"17":0,"18":0,"19":0,"20":0},"b":{"0":[0],"1":[0,0],"2":[0],"3":[0],"4":[0,0],"5":[0],"6":[0],"7":[0,0],"8":[0,0],"9":[0,0],"10":[0,0],"11":[0,0]}}
,"/Users/umar/manufind-1/manufind/frontend/src/Components/ProfileClient/ProfileClient.jsx": {"path":"/Users/umar/manufind-1/manufind/frontend/src/Components/ProfileClient/ProfileClient.jsx","statementMap":{"0":{"start":{"line":6,"column":22},"end":{"line":134,"column":2}},"1":{"start":{"line":6,"column":28},"end":{"line":6,"column":null}},"2":{"start":{"line":7,"column":38},"end":{"line":7,"column":null}},"3":{"start":{"line":8,"column":24},"end":{"line":8,"column":null}},"4":{"start":{"line":9,"column":28},"end":{"line":9,"column":null}},"5":{"start":{"line":10,"column":32},"end":{"line":10,"column":null}},"6":{"start":{"line":11,"column":28},"end":{"line":11,"column":null}},"7":{"start":{"line":12,"column":19},"end":{"line":12,"column":null}},"8":{"start":{"line":14,"column":2},"end":{"line":14,"column":null}},"9":{"start":{"line":14,"column":17},"end":{"line":14,"column":null}},"10":{"start":{"line":16,"column":25},"end":{"line":18,"column":null}},"11":{"start":{"line":17,"column":4},"end":{"line":17,"column":null}},"12":{"start":{"line":21,"column":4},"end":{"line":21,"column":null}},"13":{"start":{"line":22,"column":4},"end":{"line":39,"column":null}},"14":{"start":{"line":23,"column":23},"end":{"line":27,"column":null}},"15":{"start":{"line":29,"column":19},"end":{"line":29,"column":null}},"16":{"start":{"line":30,"column":6},"end":{"line":36,"column":null}},"17":{"start":{"line":31,"column":8},"end":{"line":31,"column":null}},"18":{"start":{"line":32,"column":8},"end":{"line":32,"column":null}},"19":{"start":{"line":33,"column":8},"end":{"line":33,"column":null}},"20":{"start":{"line":33,"column":25},"end":{"line":33,"column":41}},"21":{"start":{"line":35,"column":8},"end":{"line":35,"column":null}},"22":{"start":{"line":38,"column":6},"end":{"line":38,"column":null}},"23":{"start":{"line":42,"column":2},"end":{"line":65,"column":null}},"24":{"start":{"line":43,"column":23},"end":{"line":62,"column":null}},"25":{"start":{"line":44,"column":6},"end":{"line":61,"column":null}},"26":{"start":{"line":45,"column":20},"end":{"line":45,"column":null}},"27":{"start":{"line":46,"column":21},"end":{"line":46,"column":null}},"28":{"start":{"line":48,"column":8},"end":{"line":58,"column":null}},"29":{"start":{"line":49,"column":27},"end":{"line":49,"column":null}},"30":{"start":{"line":50,"column":28},"end":{"line":50,"column":null}},"31":{"start":{"line":50,"column":49},"end":{"line":50,"column":73}},"32":{"start":{"line":51,"column":26},"end":{"line":51,"column":null}},"33":{"start":{"line":51,"column":47},"end":{"line":51,"column":72}},"34":{"start":{"line":53,"column":10},"end":{"line":57,"column":null}},"35":{"start":{"line":60,"column":8},"end":{"line":60,"column":null}},"36":{"start":{"line":64,"column":4},"end":{"line":64,"column":null}},"37":{"start":{"line":67,"column":2},"end":{"line":132,"column":null}},"38":{"start":{"line":79,"column":48},"end":{"line":79,"column":72}},"39":{"start":{"line":86,"column":31},"end":{"line":86,"column":null}},"40":{"start":{"line":134,"column":2},"end":{"line":12,"column":31}},"41":{"start":{"line":6,"column":19},"end":{"line":12,"column":31}},"42":{"start":{"line":12,"column":30},"end":{"line":6,"column":19}},"43":{"start":{"line":136,"column":29},"end":{"line":136,"column":null}}},"fnMap":{"0":{"name":"(anonymous_0)","decl":{"start":{"line":6,"column":22},"end":{"line":6,"column":28}},"loc":{"start":{"line":6,"column":28},"end":{"line":134,"column":2}}},"1":{"name":"(anonymous_1)","decl":{"start":{"line":16,"column":25},"end":{"line":16,"column":31}},"loc":{"start":{"line":16,"column":31},"end":{"line":18,"column":null}}},"2":{"name":"handleUpdate","decl":{"start":{"line":20,"column":17},"end":{"line":20,"column":30}},"loc":{"start":{"line":20,"column":33},"end":{"line":40,"column":null}}},"3":{"name":"(anonymous_3)","decl":{"start":{"line":33,"column":19},"end":{"line":33,"column":25}},"loc":{"start":{"line":33,"column":25},"end":{"line":33,"column":41}}},"4":{"name":"(anonymous_4)","decl":{"start":{"line":42,"column":12},"end":{"line":42,"column":18}},"loc":{"start":{"line":42,"column":18},"end":{"line":65,"column":5}}},"5":{"name":"(anonymous_5)","decl":{"start":{"line":43,"column":23},"end":{"line":43,"column":35}},"loc":{"start":{"line":43,"column":35},"end":{"line":62,"column":null}}},"6":{"name":"(anonymous_6)","decl":{"start":{"line":50,"column":44},"end":{"line":50,"column":49}},"loc":{"start":{"line":50,"column":49},"end":{"line":50,"column":73}}},"7":{"name":"(anonymous_7)","decl":{"start":{"line":51,"column":42},"end":{"line":51,"column":47}},"loc":{"start":{"line":51,"column":47},"end":{"line":51,"column":72}}},"8":{"name":"(anonymous_8)","decl":{"start":{"line":79,"column":41},"end":{"line":79,"column":42}},"loc":{"start":{"line":79,"column":48},"end":{"line":79,"column":72}}},"9":{"name":"(anonymous_9)","decl":{"start":{"line":86,"column":24},"end":{"line":86,"column":25}},"loc":{"start":{"line":86,"column":31},"end":{"line":86,"column":null}}},"10":{"name":"(anonymous_10)","decl":{"start":{"line":6,"column":19},"end":{"line":6,"column":22}},"loc":{"start":{"line":6,"column":19},"end":{"line":12,"column":31}}}},"branchMap":{"0":{"loc":{"start":{"line":8,"column":33},"end":{"line":8,"column":52}},"type":"binary-expr","locations":[{"start":{"line":8,"column":33},"end":{"line":8,"column":50}},{"start":{"line":8,"column":50},"end":{"line":8,"column":52}}]},"1":{"loc":{"start":{"line":9,"column":37},"end":{"line":9,"column":58}},"type":"binary-expr","locations":[{"start":{"line":9,"column":37},"end":{"line":9,"column":56}},{"start":{"line":9,"column":56},"end":{"line":9,"column":58}}]},"2":{"loc":{"start":{"line":14,"column":2},"end":{"line":14,"column":null}},"type":"if","locations":[{"start":{"line":14,"column":2},"end":{"line":14,"column":null}}]},"3":{"loc":{"start":{"line":30,"column":6},"end":{"line":36,"column":null}},"type":"if","locations":[{"start":{"line":30,"column":6},"end":{"line":36,"column":null}},{"start":{"line":34,"column":13},"end":{"line":36,"column":null}}]},"4":{"loc":{"start":{"line":48,"column":8},"end":{"line":58,"column":null}},"type":"if","locations":[{"start":{"line":48,"column":8},"end":{"line":58,"column":null}}]},"5":{"loc":{"start":{"line":48,"column":12},"end":{"line":48,"column":36}},"type":"binary-expr","locations":[{"start":{"line":48,"column":12},"end":{"line":48,"column":22}},{"start":{"line":48,"column":22},"end":{"line":48,"column":36}}]},"6":{"loc":{"start":{"line":49,"column":27},"end":{"line":49,"column":null}},"type":"binary-expr","locations":[{"start":{"line":49,"column":27},"end":{"line":49,"column":44}},{"start":{"line":49,"column":44},"end":{"line":49,"column":null}}]},"7":{"loc":{"start":{"line":92,"column":43},"end":{"line":92,"column":81}},"type":"cond-expr","locations":[{"start":{"line":92,"column":67},"end":{"line":92,"column":79}},{"start":{"line":92,"column":79},"end":{"line":92,"column":81}}]},"8":{"loc":{"start":{"line":95,"column":15},"end":{"line":95,"column":null}},"type":"cond-expr","locations":[{"start":{"line":95,"column":39},"end":{"line":95,"column":63}},{"start":{"line":95,"column":63},"end":{"line":95,"column":null}}]}},"s":{"0":2,"1":0,"2":0,"3":0,"4":0,"5":0,"6":0,"7":0,"8":0,"9":0,"10":0,"11":0,"12":0,"13":0,"14":0,"15":0,"16":0,"17":0,"18":0,"19":0,"20":0,"21":0,"22":0,"23":0,"24":0,"25":0,"26":0,"27":0,"28":0,"29":0,"30":0,"31":0,"32":0,"33":0,"34":0,"35":0,"36":0,"37":0,"38":0,"39":0,"40":2,"41":0,"42":2,"43":2},"f":{"0":0,"1":0,"2":0,"3":0,"4":0,"5":0,"6":0,"7":0,"8":0,"9":0,"10":0},"b":{"0":[0,0],"1":[0,0],"2":[0],"3":[0,0],"4":[0],"5":[0,0],"6":[0,0],"7":[0,0],"8":[0,0]}}
,"/Users/umar/manufind-1/manufind/frontend/src/Components/ProfilePrestataire/ProfilePrestataire.jsx": {"path":"/Users/umar/manufind-1/manufind/frontend/src/Components/ProfilePrestataire/ProfilePrestataire.jsx","statementMap":{"0":{"start":{"line":7,"column":27},"end":{"line":136,"column":2}},"1":{"start":{"line":7,"column":33},"end":{"line":7,"column":null}},"2":{"start":{"line":8,"column":38},"end":{"line":8,"column":null}},"3":{"start":{"line":9,"column":24},"end":{"line":9,"column":null}},"4":{"start":{"line":10,"column":28},"end":{"line":10,"column":null}},"5":{"start":{"line":11,"column":32},"end":{"line":11,"column":null}},"6":{"start":{"line":12,"column":28},"end":{"line":12,"column":null}},"7":{"start":{"line":13,"column":19},"end":{"line":13,"column":null}},"8":{"start":{"line":15,"column":2},"end":{"line":15,"column":null}},"9":{"start":{"line":15,"column":17},"end":{"line":15,"column":null}},"10":{"start":{"line":17,"column":20},"end":{"line":19,"column":null}},"11":{"start":{"line":18,"column":4},"end":{"line":18,"column":null}},"12":{"start":{"line":22,"column":4},"end":{"line":22,"column":null}},"13":{"start":{"line":23,"column":4},"end":{"line":40,"column":null}},"14":{"start":{"line":24,"column":23},"end":{"line":28,"column":null}},"15":{"start":{"line":30,"column":19},"end":{"line":30,"column":null}},"16":{"start":{"line":31,"column":6},"end":{"line":37,"column":null}},"17":{"start":{"line":32,"column":8},"end":{"line":32,"column":null}},"18":{"start":{"line":33,"column":8},"end":{"line":33,"column":null}},"19":{"start":{"line":34,"column":8},"end":{"line":34,"column":null}},"20":{"start":{"line":34,"column":25},"end":{"line":34,"column":41}},"21":{"start":{"line":36,"column":8},"end":{"line":36,"column":null}},"22":{"start":{"line":39,"column":6},"end":{"line":39,"column":null}},"23":{"start":{"line":43,"column":2},"end":{"line":66,"column":null}},"24":{"start":{"line":44,"column":23},"end":{"line":63,"column":null}},"25":{"start":{"line":45,"column":6},"end":{"line":62,"column":null}},"26":{"start":{"line":46,"column":20},"end":{"line":46,"column":null}},"27":{"start":{"line":47,"column":21},"end":{"line":47,"column":null}},"28":{"start":{"line":49,"column":8},"end":{"line":59,"column":null}},"29":{"start":{"line":50,"column":27},"end":{"line":50,"column":null}},"30":{"start":{"line":51,"column":28},"end":{"line":51,"column":null}},"31":{"start":{"line":51,"column":51},"end":{"line":51,"column":75}},"32":{"start":{"line":52,"column":26},"end":{"line":52,"column":null}},"33":{"start":{"line":52,"column":49},"end":{"line":52,"column":74}},"34":{"start":{"line":54,"column":10},"end":{"line":58,"column":null}},"35":{"start":{"line":61,"column":8},"end":{"line":61,"column":null}},"36":{"start":{"line":65,"column":4},"end":{"line":65,"column":null}},"37":{"start":{"line":68,"column":2},"end":{"line":134,"column":null}},"38":{"start":{"line":80,"column":48},"end":{"line":80,"column":72}},"39":{"start":{"line":87,"column":31},"end":{"line":87,"column":null}},"40":{"start":{"line":136,"column":2},"end":{"line":13,"column":31}},"41":{"start":{"line":7,"column":24},"end":{"line":13,"column":31}},"42":{"start":{"line":13,"column":30},"end":{"line":7,"column":24}},"43":{"start":{"line":138,"column":34},"end":{"line":138,"column":null}}},"fnMap":{"0":{"name":"(anonymous_0)","decl":{"start":{"line":7,"column":27},"end":{"line":7,"column":33}},"loc":{"start":{"line":7,"column":33},"end":{"line":136,"column":2}}},"1":{"name":"(anonymous_1)","decl":{"start":{"line":17,"column":20},"end":{"line":17,"column":26}},"loc":{"start":{"line":17,"column":26},"end":{"line":19,"column":null}}},"2":{"name":"handleUpdate","decl":{"start":{"line":21,"column":17},"end":{"line":21,"column":30}},"loc":{"start":{"line":21,"column":33},"end":{"line":41,"column":null}}},"3":{"name":"(anonymous_3)","decl":{"start":{"line":34,"column":19},"end":{"line":34,"column":25}},"loc":{"start":{"line":34,"column":25},"end":{"line":34,"column":41}}},"4":{"name":"(anonymous_4)","decl":{"start":{"line":43,"column":12},"end":{"line":43,"column":18}},"loc":{"start":{"line":43,"column":18},"end":{"line":66,"column":5}}},"5":{"name":"(anonymous_5)","decl":{"start":{"line":44,"column":23},"end":{"line":44,"column":35}},"loc":{"start":{"line":44,"column":35},"end":{"line":63,"column":null}}},"6":{"name":"(anonymous_6)","decl":{"start":{"line":51,"column":44},"end":{"line":51,"column":45}},"loc":{"start":{"line":51,"column":51},"end":{"line":51,"column":75}}},"7":{"name":"(anonymous_7)","decl":{"start":{"line":52,"column":42},"end":{"line":52,"column":43}},"loc":{"start":{"line":52,"column":49},"end":{"line":52,"column":74}}},"8":{"name":"(anonymous_8)","decl":{"start":{"line":80,"column":41},"end":{"line":80,"column":42}},"loc":{"start":{"line":80,"column":48},"end":{"line":80,"column":72}}},"9":{"name":"(anonymous_9)","decl":{"start":{"line":87,"column":24},"end":{"line":87,"column":25}},"loc":{"start":{"line":87,"column":31},"end":{"line":87,"column":null}}},"10":{"name":"(anonymous_10)","decl":{"start":{"line":7,"column":24},"end":{"line":7,"column":27}},"loc":{"start":{"line":7,"column":24},"end":{"line":13,"column":31}}}},"branchMap":{"0":{"loc":{"start":{"line":9,"column":33},"end":{"line":9,"column":52}},"type":"binary-expr","locations":[{"start":{"line":9,"column":33},"end":{"line":9,"column":50}},{"start":{"line":9,"column":50},"end":{"line":9,"column":52}}]},"1":{"loc":{"start":{"line":10,"column":37},"end":{"line":10,"column":58}},"type":"binary-expr","locations":[{"start":{"line":10,"column":37},"end":{"line":10,"column":56}},{"start":{"line":10,"column":56},"end":{"line":10,"column":58}}]},"2":{"loc":{"start":{"line":15,"column":2},"end":{"line":15,"column":null}},"type":"if","locations":[{"start":{"line":15,"column":2},"end":{"line":15,"column":null}}]},"3":{"loc":{"start":{"line":31,"column":6},"end":{"line":37,"column":null}},"type":"if","locations":[{"start":{"line":31,"column":6},"end":{"line":37,"column":null}},{"start":{"line":35,"column":13},"end":{"line":37,"column":null}}]},"4":{"loc":{"start":{"line":49,"column":8},"end":{"line":59,"column":null}},"type":"if","locations":[{"start":{"line":49,"column":8},"end":{"line":59,"column":null}}]},"5":{"loc":{"start":{"line":49,"column":12},"end":{"line":49,"column":36}},"type":"binary-expr","locations":[{"start":{"line":49,"column":12},"end":{"line":49,"column":22}},{"start":{"line":49,"column":22},"end":{"line":49,"column":36}}]},"6":{"loc":{"start":{"line":50,"column":27},"end":{"line":50,"column":null}},"type":"binary-expr","locations":[{"start":{"line":50,"column":27},"end":{"line":50,"column":44}},{"start":{"line":50,"column":44},"end":{"line":50,"column":null}}]},"7":{"loc":{"start":{"line":93,"column":43},"end":{"line":93,"column":81}},"type":"cond-expr","locations":[{"start":{"line":93,"column":67},"end":{"line":93,"column":79}},{"start":{"line":93,"column":79},"end":{"line":93,"column":81}}]},"8":{"loc":{"start":{"line":96,"column":15},"end":{"line":96,"column":null}},"type":"cond-expr","locations":[{"start":{"line":96,"column":39},"end":{"line":96,"column":56}},{"start":{"line":96,"column":56},"end":{"line":96,"column":null}}]}},"s":{"0":2,"1":0,"2":0,"3":0,"4":0,"5":0,"6":0,"7":0,"8":0,"9":0,"10":0,"11":0,"12":0,"13":0,"14":0,"15":0,"16":0,"17":0,"18":0,"19":0,"20":0,"21":0,"22":0,"23":0,"24":0,"25":0,"26":0,"27":0,"28":0,"29":0,"30":0,"31":0,"32":0,"33":0,"34":0,"35":0,"36":0,"37":0,"38":0,"39":0,"40":2,"41":0,"42":2,"43":2},"f":{"0":0,"1":0,"2":0,"3":0,"4":0,"5":0,"6":0,"7":0,"8":0,"9":0,"10":0},"b":{"0":[0,0],"1":[0,0],"2":[0],"3":[0,0],"4":[0],"5":[0,0],"6":[0,0],"7":[0,0],"8":[0,0]}}
,"/Users/umar/manufind-1/manufind/frontend/src/Components/ProtectedRoute/ProtectedRoute.jsx": {"path":"/Users/umar/manufind-1/manufind/frontend/src/Components/ProtectedRoute/ProtectedRoute.jsx","statementMap":{"0":{"start":{"line":5,"column":23},"end":{"line":15,"column":2}},"1":{"start":{"line":5,"column":45},"end":{"line":5,"column":null}},"2":{"start":{"line":6,"column":23},"end":{"line":6,"column":null}},"3":{"start":{"line":8,"column":2},"end":{"line":8,"column":null}},"4":{"start":{"line":8,"column":17},"end":{"line":8,"column":null}},"5":{"start":{"line":10,"column":2},"end":{"line":12,"column":null}},"6":{"start":{"line":11,"column":4},"end":{"line":11,"column":null}},"7":{"start":{"line":14,"column":2},"end":{"line":14,"column":null}},"8":{"start":{"line":15,"column":2},"end":{"line":6,"column":31}},"9":{"start":{"line":5,"column":20},"end":{"line":6,"column":31}},"10":{"start":{"line":6,"column":30},"end":{"line":5,"column":20}},"11":{"start":{"line":17,"column":30},"end":{"line":17,"column":null}}},"fnMap":{"0":{"name":"(anonymous_0)","decl":{"start":{"line":5,"column":23},"end":{"line":5,"column":24}},"loc":{"start":{"line":5,"column":45},"end":{"line":15,"column":2}}},"1":{"name":"(anonymous_1)","decl":{"start":{"line":5,"column":20},"end":{"line":5,"column":23}},"loc":{"start":{"line":5,"column":20},"end":{"line":6,"column":31}}}},"branchMap":{"0":{"loc":{"start":{"line":8,"column":2},"end":{"line":8,"column":null}},"type":"if","locations":[{"start":{"line":8,"column":2},"end":{"line":8,"column":null}}]},"1":{"loc":{"start":{"line":10,"column":2},"end":{"line":12,"column":null}},"type":"if","locations":[{"start":{"line":10,"column":2},"end":{"line":12,"column":null}}]},"2":{"loc":{"start":{"line":10,"column":6},"end":{"line":10,"column":61}},"type":"binary-expr","locations":[{"start":{"line":10,"column":6},"end":{"line":10,"column":22}},{"start":{"line":10,"column":22},"end":{"line":10,"column":61}}]}},"s":{"0":2,"1":0,"2":0,"3":0,"4":0,"5":0,"6":0,"7":0,"8":2,"9":0,"10":2,"11":2},"f":{"0":0,"1":0},"b":{"0":[0],"1":[0],"2":[0,0]}}
,"/Users/umar/manufind-1/manufind/frontend/src/Components/RequestCard/RequestCard.jsx": {"path":"/Users/umar/manufind-1/manufind/frontend/src/Components/RequestCard/RequestCard.jsx","statementMap":{"0":{"start":{"line":6,"column":38},"end":{"line":6,"column":null}},"1":{"start":{"line":7,"column":23},"end":{"line":7,"column":null}},"2":{"start":{"line":8,"column":36},"end":{"line":8,"column":null}},"3":{"start":{"line":9,"column":40},"end":{"line":9,"column":null}},"4":{"start":{"line":10,"column":32},"end":{"line":10,"column":null}},"5":{"start":{"line":11,"column":38},"end":{"line":11,"column":null}},"6":{"start":{"line":12,"column":36},"end":{"line":12,"column":null}},"7":{"start":{"line":13,"column":42},"end":{"line":13,"column":null}},"8":{"start":{"line":14,"column":32},"end":{"line":14,"column":null}},"9":{"start":{"line":16,"column":21},"end":{"line":19,"column":null}},"10":{"start":{"line":22,"column":23},"end":{"line":60,"column":null}},"11":{"start":{"line":23,"column":4},"end":{"line":23,"column":null}},"12":{"start":{"line":25,"column":19},"end":{"line":25,"column":null}},"13":{"start":{"line":26,"column":4},"end":{"line":26,"column":null}},"14":{"start":{"line":26,"column":17},"end":{"line":26,"column":null}},"15":{"start":{"line":28,"column":23},"end":{"line":36,"column":null}},"16":{"start":{"line":38,"column":4},"end":{"line":59,"column":null}},"17":{"start":{"line":39,"column":18},"end":{"line":43,"column":null}},"18":{"start":{"line":45,"column":6},"end":{"line":56,"column":null}},"19":{"start":{"line":46,"column":8},"end":{"line":46,"column":null}},"20":{"start":{"line":47,"column":8},"end":{"line":55,"column":null}},"21":{"start":{"line":48,"column":10},"end":{"line":48,"column":null}},"22":{"start":{"line":49,"column":10},"end":{"line":49,"column":null}},"23":{"start":{"line":50,"column":10},"end":{"line":50,"column":null}},"24":{"start":{"line":51,"column":10},"end":{"line":51,"column":null}},"25":{"start":{"line":52,"column":10},"end":{"line":52,"column":null}},"26":{"start":{"line":53,"column":10},"end":{"line":53,"column":null}},"27":{"start":{"line":54,"column":10},"end":{"line":54,"column":null}},"28":{"start":{"line":58,"column":6},"end":{"line":58,"column":null}},"29":{"start":{"line":62,"column":2},"end":{"line":94,"column":null}},"30":{"start":{"line":72,"column":49},"end":{"line":72,"column":79}},"31":{"start":{"line":74,"column":33},"end":{"line":74,"column":71}},"32":{"start":{"line":78,"column":45},"end":{"line":78,"column":77}},"33":{"start":{"line":81,"column":41},"end":{"line":81,"column":69}},"34":{"start":{"line":84,"column":44},"end":{"line":84,"column":75}},"35":{"start":{"line":86,"column":70},"end":{"line":86,"column":99}},"36":{"start":{"line":88,"column":46},"end":{"line":88,"column":79}},"37":{"start":{"line":96,"column":1},"end":{"line":7,"column":31}},"38":{"start":{"line":6,"column":35},"end":{"line":7,"column":31}},"39":{"start":{"line":7,"column":30},"end":{"line":6,"column":35}},"40":{"start":{"line":6,"column":35},"end":{"line":6,"column":38}}},"fnMap":{"0":{"name":"RequestCard","decl":{"start":{"line":6,"column":24},"end":{"line":6,"column":35}},"loc":{"start":{"line":6,"column":38},"end":{"line":96,"column":1}}},"1":{"name":"(anonymous_1)","decl":{"start":{"line":22,"column":23},"end":{"line":22,"column":30}},"loc":{"start":{"line":22,"column":36},"end":{"line":60,"column":null}}},"2":{"name":"(anonymous_2)","decl":{"start":{"line":47,"column":19},"end":{"line":47,"column":25}},"loc":{"start":{"line":47,"column":25},"end":{"line":55,"column":11}}},"3":{"name":"(anonymous_3)","decl":{"start":{"line":72,"column":44},"end":{"line":72,"column":45}},"loc":{"start":{"line":72,"column":49},"end":{"line":72,"column":79}}},"4":{"name":"(anonymous_4)","decl":{"start":{"line":74,"column":26},"end":{"line":74,"column":27}},"loc":{"start":{"line":74,"column":33},"end":{"line":74,"column":71}}},"5":{"name":"(anonymous_5)","decl":{"start":{"line":78,"column":40},"end":{"line":78,"column":41}},"loc":{"start":{"line":78,"column":45},"end":{"line":78,"column":77}}},"6":{"name":"(anonymous_6)","decl":{"start":{"line":81,"column":36},"end":{"line":81,"column":37}},"loc":{"start":{"line":81,"column":41},"end":{"line":81,"column":69}}},"7":{"name":"(anonymous_7)","decl":{"start":{"line":84,"column":39},"end":{"line":84,"column":40}},"loc":{"start":{"line":84,"column":44},"end":{"line":84,"column":75}}},"8":{"name":"(anonymous_8)","decl":{"start":{"line":86,"column":65},"end":{"line":86,"column":66}},"loc":{"start":{"line":86,"column":70},"end":{"line":86,"column":99}}},"9":{"name":"(anonymous_9)","decl":{"start":{"line":88,"column":41},"end":{"line":88,"column":42}},"loc":{"start":{"line":88,"column":46},"end":{"line":88,"column":79}}},"10":{"name":"(anonymous_10)","decl":{"start":{"line":6,"column":35},"end":{"line":6,"column":38}},"loc":{"start":{"line":6,"column":35},"end":{"line":7,"column":31}}}},"branchMap":{"0":{"loc":{"start":{"line":25,"column":19},"end":{"line":25,"column":null}},"type":"binary-expr","locations":[{"start":{"line":25,"column":19},"end":{"line":25,"column":35}},{"start":{"line":25,"column":35},"end":{"line":25,"column":null}}]},"1":{"loc":{"start":{"line":26,"column":4},"end":{"line":26,"column":null}},"type":"if","locations":[{"start":{"line":26,"column":4},"end":{"line":26,"column":null}}]},"2":{"loc":{"start":{"line":34,"column":18},"end":{"line":34,"column":null}},"type":"binary-expr","locations":[{"start":{"line":34,"column":18},"end":{"line":34,"column":31}},{"start":{"line":34,"column":31},"end":{"line":34,"column":null}}]},"3":{"loc":{"start":{"line":35,"column":21},"end":{"line":35,"column":null}},"type":"binary-expr","locations":[{"start":{"line":35,"column":21},"end":{"line":35,"column":37}},{"start":{"line":35,"column":37},"end":{"line":35,"column":null}}]},"4":{"loc":{"start":{"line":45,"column":6},"end":{"line":56,"column":null}},"type":"if","locations":[{"start":{"line":45,"column":6},"end":{"line":56,"column":null}}]},"5":{"loc":{"start":{"line":90,"column":55},"end":{"line":90,"column":79}},"type":"cond-expr","locations":[{"start":{"line":90,"column":65},"end":{"line":90,"column":77}},{"start":{"line":90,"column":77},"end":{"line":90,"column":79}}]},"6":{"loc":{"start":{"line":91,"column":38},"end":{"line":91,"column":80}},"type":"cond-expr","locations":[{"start":{"line":91,"column":48},"end":{"line":91,"column":68}},{"start":{"line":91,"column":68},"end":{"line":91,"column":80}}]}},"s":{"0":0,"1":0,"2":0,"3":0,"4":0,"5":0,"6":0,"7":0,"8":0,"9":0,"10":0,"11":0,"12":0,"13":0,"14":0,"15":0,"16":0,"17":0,"18":0,"19":0,"20":0,"21":0,"22":0,"23":0,"24":0,"25":0,"26":0,"27":0,"28":0,"29":0,"30":0,"31":0,"32":0,"33":0,"34":0,"35":0,"36":0,"37":2,"38":0,"39":2,"40":2},"f":{"0":0,"1":0,"2":0,"3":0,"4":0,"5":0,"6":0,"7":0,"8":0,"9":0,"10":0},"b":{"0":[0,0],"1":[0],"2":[0,0],"3":[0,0],"4":[0],"5":[0,0],"6":[0,0]}}
,"/Users/umar/manufind-1/manufind/frontend/src/Components/RequestClientTab/RequestClientTab.jsx": {"path":"/Users/umar/manufind-1/manufind/frontend/src/Components/RequestClientTab/RequestClientTab.jsx","statementMap":{"0":{"start":{"line":6,"column":25},"end":{"line":139,"column":2}},"1":{"start":{"line":6,"column":31},"end":{"line":6,"column":null}},"2":{"start":{"line":7,"column":23},"end":{"line":7,"column":null}},"3":{"start":{"line":8,"column":34},"end":{"line":8,"column":null}},"4":{"start":{"line":9,"column":32},"end":{"line":9,"column":null}},"5":{"start":{"line":10,"column":38},"end":{"line":10,"column":null}},"6":{"start":{"line":11,"column":40},"end":{"line":11,"column":null}},"7":{"start":{"line":14,"column":2},"end":{"line":32,"column":null}},"8":{"start":{"line":15,"column":32},"end":{"line":29,"column":null}},"9":{"start":{"line":16,"column":6},"end":{"line":16,"column":null}},"10":{"start":{"line":16,"column":25},"end":{"line":16,"column":null}},"11":{"start":{"line":18,"column":6},"end":{"line":28,"column":null}},"12":{"start":{"line":19,"column":25},"end":{"line":19,"column":null}},"13":{"start":{"line":20,"column":23},"end":{"line":20,"column":null}},"14":{"start":{"line":22,"column":8},"end":{"line":23,"column":null}},"15":{"start":{"line":22,"column":28},"end":{"line":22,"column":null}},"16":{"start":{"line":23,"column":13},"end":{"line":23,"column":null}},"17":{"start":{"line":25,"column":8},"end":{"line":25,"column":null}},"18":{"start":{"line":27,"column":8},"end":{"line":27,"column":null}},"19":{"start":{"line":31,"column":4},"end":{"line":31,"column":null}},"20":{"start":{"line":35,"column":31},"end":{"line":38,"column":null}},"21":{"start":{"line":36,"column":4},"end":{"line":36,"column":null}},"22":{"start":{"line":37,"column":4},"end":{"line":37,"column":null}},"23":{"start":{"line":41,"column":30},"end":{"line":44,"column":null}},"24":{"start":{"line":42,"column":4},"end":{"line":42,"column":null}},"25":{"start":{"line":43,"column":4},"end":{"line":43,"column":null}},"26":{"start":{"line":47,"column":30},"end":{"line":66,"column":null}},"27":{"start":{"line":48,"column":4},"end":{"line":65,"column":null}},"28":{"start":{"line":49,"column":23},"end":{"line":51,"column":null}},"29":{"start":{"line":53,"column":21},"end":{"line":53,"column":null}},"30":{"start":{"line":54,"column":6},"end":{"line":59,"column":null}},"31":{"start":{"line":56,"column":8},"end":{"line":56,"column":null}},"32":{"start":{"line":56,"column":30},"end":{"line":56,"column":61}},"33":{"start":{"line":56,"column":49},"end":{"line":56,"column":60}},"34":{"start":{"line":58,"column":8},"end":{"line":58,"column":null}},"35":{"start":{"line":61,"column":6},"end":{"line":61,"column":null}},"36":{"start":{"line":63,"column":6},"end":{"line":63,"column":null}},"37":{"start":{"line":64,"column":6},"end":{"line":64,"column":null}},"38":{"start":{"line":68,"column":2},"end":{"line":137,"column":null}},"39":{"start":{"line":79,"column":12},"end":{"line":113,"column":null}},"40":{"start":{"line":109,"column":31},"end":{"line":109,"column":58}},"41":{"start":{"line":125,"column":31},"end":{"line":125,"column":null}},"42":{"start":{"line":139,"column":2},"end":{"line":7,"column":31}},"43":{"start":{"line":6,"column":22},"end":{"line":7,"column":31}},"44":{"start":{"line":7,"column":30},"end":{"line":6,"column":22}},"45":{"start":{"line":141,"column":32},"end":{"line":141,"column":null}}},"fnMap":{"0":{"name":"(anonymous_0)","decl":{"start":{"line":6,"column":25},"end":{"line":6,"column":31}},"loc":{"start":{"line":6,"column":31},"end":{"line":139,"column":2}}},"1":{"name":"(anonymous_1)","decl":{"start":{"line":14,"column":12},"end":{"line":14,"column":18}},"loc":{"start":{"line":14,"column":18},"end":{"line":32,"column":5}}},"2":{"name":"(anonymous_2)","decl":{"start":{"line":15,"column":32},"end":{"line":15,"column":44}},"loc":{"start":{"line":15,"column":44},"end":{"line":29,"column":null}}},"3":{"name":"(anonymous_3)","decl":{"start":{"line":35,"column":31},"end":{"line":35,"column":32}},"loc":{"start":{"line":35,"column":39},"end":{"line":38,"column":null}}},"4":{"name":"(anonymous_4)","decl":{"start":{"line":41,"column":30},"end":{"line":41,"column":36}},"loc":{"start":{"line":41,"column":36},"end":{"line":44,"column":null}}},"5":{"name":"(anonymous_5)","decl":{"start":{"line":47,"column":30},"end":{"line":47,"column":37}},"loc":{"start":{"line":47,"column":44},"end":{"line":66,"column":null}}},"6":{"name":"(anonymous_6)","decl":{"start":{"line":56,"column":20},"end":{"line":56,"column":21}},"loc":{"start":{"line":56,"column":30},"end":{"line":56,"column":61}}},"7":{"name":"(anonymous_7)","decl":{"start":{"line":56,"column":42},"end":{"line":56,"column":43}},"loc":{"start":{"line":56,"column":49},"end":{"line":56,"column":60}}},"8":{"name":"(anonymous_8)","decl":{"start":{"line":78,"column":24},"end":{"line":78,"column":25}},"loc":{"start":{"line":79,"column":12},"end":{"line":113,"column":null}}},"9":{"name":"(anonymous_9)","decl":{"start":{"line":109,"column":25},"end":{"line":109,"column":31}},"loc":{"start":{"line":109,"column":31},"end":{"line":109,"column":58}}},"10":{"name":"(anonymous_10)","decl":{"start":{"line":125,"column":25},"end":{"line":125,"column":31}},"loc":{"start":{"line":125,"column":31},"end":{"line":125,"column":null}}},"11":{"name":"(anonymous_11)","decl":{"start":{"line":6,"column":22},"end":{"line":6,"column":25}},"loc":{"start":{"line":6,"column":22},"end":{"line":7,"column":31}}}},"branchMap":{"0":{"loc":{"start":{"line":16,"column":6},"end":{"line":16,"column":null}},"type":"if","locations":[{"start":{"line":16,"column":6},"end":{"line":16,"column":null}}]},"1":{"loc":{"start":{"line":22,"column":8},"end":{"line":23,"column":null}},"type":"if","locations":[{"start":{"line":22,"column":8},"end":{"line":23,"column":null}},{"start":{"line":23,"column":13},"end":{"line":23,"column":null}}]},"2":{"loc":{"start":{"line":54,"column":6},"end":{"line":59,"column":null}},"type":"if","locations":[{"start":{"line":54,"column":6},"end":{"line":59,"column":null}},{"start":{"line":57,"column":13},"end":{"line":59,"column":null}}]},"3":{"loc":{"start":{"line":72,"column":7},"end":{"line":115,"column":null}},"type":"cond-expr","locations":[{"start":{"line":73,"column":8},"end":{"line":73,"column":null}},{"start":{"line":74,"column":10},"end":{"line":115,"column":null}}]},"4":{"loc":{"start":{"line":74,"column":10},"end":{"line":115,"column":null}},"type":"cond-expr","locations":[{"start":{"line":75,"column":8},"end":{"line":75,"column":null}},{"start":{"line":77,"column":8},"end":{"line":115,"column":null}}]},"5":{"loc":{"start":{"line":85,"column":5},"end":{"line":93,"column":null}},"type":"cond-expr","locations":[{"start":{"line":86,"column":8},"end":{"line":86,"column":null}},{"start":{"line":87,"column":8},"end":{"line":93,"column":null}}]},"6":{"loc":{"start":{"line":87,"column":8},"end":{"line":93,"column":null}},"type":"cond-expr","locations":[{"start":{"line":88,"column":8},"end":{"line":88,"column":null}},{"start":{"line":89,"column":8},"end":{"line":93,"column":null}}]},"7":{"loc":{"start":{"line":89,"column":8},"end":{"line":93,"column":null}},"type":"cond-expr","locations":[{"start":{"line":90,"column":8},"end":{"line":90,"column":null}},{"start":{"line":91,"column":8},"end":{"line":93,"column":null}}]},"8":{"loc":{"start":{"line":91,"column":8},"end":{"line":93,"column":null}},"type":"cond-expr","locations":[{"start":{"line":92,"column":8},"end":{"line":92,"column":null}},{"start":{"line":93,"column":8},"end":{"line":93,"column":null}}]},"9":{"loc":{"start":{"line":103,"column":15},"end":{"line":104,"column":null}},"type":"binary-expr","locations":[{"start":{"line":103,"column":15},"end":{"line":103,"column":null}},{"start":{"line":104,"column":16},"end":{"line":104,"column":null}}]},"10":{"loc":{"start":{"line":118,"column":7},"end":{"line":135,"column":null}},"type":"binary-expr","locations":[{"start":{"line":118,"column":7},"end":{"line":118,"column":null}},{"start":{"line":119,"column":8},"end":{"line":135,"column":null}}]}},"s":{"0":2,"1":0,"2":0,"3":0,"4":0,"5":0,"6":0,"7":0,"8":0,"9":0,"10":0,"11":0,"12":0,"13":0,"14":0,"15":0,"16":0,"17":0,"18":0,"19":0,"20":0,"21":0,"22":0,"23":0,"24":0,"25":0,"26":0,"27":0,"28":0,"29":0,"30":0,"31":0,"32":0,"33":0,"34":0,"35":0,"36":0,"37":0,"38":0,"39":0,"40":0,"41":0,"42":2,"43":0,"44":2,"45":2},"f":{"0":0,"1":0,"2":0,"3":0,"4":0,"5":0,"6":0,"7":0,"8":0,"9":0,"10":0,"11":0},"b":{"0":[0],"1":[0,0],"2":[0,0],"3":[0,0],"4":[0,0],"5":[0,0],"6":[0,0],"7":[0,0],"8":[0,0],"9":[0,0],"10":[0,0]}}
,"/Users/umar/manufind-1/manufind/frontend/src/Components/RequestModal/RequestModal.jsx": {"path":"/Users/umar/manufind-1/manufind/frontend/src/Components/RequestModal/RequestModal.jsx","statementMap":{"0":{"start":{"line":6,"column":21},"end":{"line":66,"column":2}},"1":{"start":{"line":6,"column":48},"end":{"line":6,"column":null}},"2":{"start":{"line":7,"column":23},"end":{"line":7,"column":null}},"3":{"start":{"line":8,"column":32},"end":{"line":8,"column":null}},"4":{"start":{"line":10,"column":2},"end":{"line":10,"column":null}},"5":{"start":{"line":10,"column":16},"end":{"line":10,"column":null}},"6":{"start":{"line":12,"column":23},"end":{"line":42,"column":null}},"7":{"start":{"line":13,"column":4},"end":{"line":41,"column":null}},"8":{"start":{"line":14,"column":6},"end":{"line":17,"column":null}},"9":{"start":{"line":15,"column":8},"end":{"line":15,"column":null}},"10":{"start":{"line":16,"column":8},"end":{"line":16,"column":null}},"11":{"start":{"line":19,"column":6},"end":{"line":19,"column":null}},"12":{"start":{"line":21,"column":18},"end":{"line":25,"column":null}},"13":{"start":{"line":27,"column":19},"end":{"line":27,"column":null}},"14":{"start":{"line":29,"column":6},"end":{"line":37,"column":null}},"15":{"start":{"line":30,"column":8},"end":{"line":33,"column":null}},"16":{"start":{"line":31,"column":10},"end":{"line":31,"column":null}},"17":{"start":{"line":32,"column":10},"end":{"line":32,"column":null}},"18":{"start":{"line":32,"column":24},"end":{"line":32,"column":null}},"19":{"start":{"line":35,"column":8},"end":{"line":35,"column":null}},"20":{"start":{"line":36,"column":8},"end":{"line":36,"column":null}},"21":{"start":{"line":39,"column":6},"end":{"line":39,"column":null}},"22":{"start":{"line":40,"column":6},"end":{"line":40,"column":null}},"23":{"start":{"line":44,"column":2},"end":{"line":64,"column":null}},"24":{"start":{"line":66,"column":2},"end":{"line":7,"column":31}},"25":{"start":{"line":6,"column":18},"end":{"line":7,"column":31}},"26":{"start":{"line":7,"column":30},"end":{"line":6,"column":18}},"27":{"start":{"line":68,"column":28},"end":{"line":68,"column":null}}},"fnMap":{"0":{"name":"(anonymous_0)","decl":{"start":{"line":6,"column":21},"end":{"line":6,"column":22}},"loc":{"start":{"line":6,"column":48},"end":{"line":66,"column":2}}},"1":{"name":"(anonymous_1)","decl":{"start":{"line":12,"column":23},"end":{"line":12,"column":35}},"loc":{"start":{"line":12,"column":35},"end":{"line":42,"column":null}}},"2":{"name":"(anonymous_2)","decl":{"start":{"line":30,"column":19},"end":{"line":30,"column":25}},"loc":{"start":{"line":30,"column":25},"end":{"line":33,"column":11}}},"3":{"name":"(anonymous_3)","decl":{"start":{"line":6,"column":18},"end":{"line":6,"column":21}},"loc":{"start":{"line":6,"column":18},"end":{"line":7,"column":31}}}},"branchMap":{"0":{"loc":{"start":{"line":10,"column":2},"end":{"line":10,"column":null}},"type":"if","locations":[{"start":{"line":10,"column":2},"end":{"line":10,"column":null}}]},"1":{"loc":{"start":{"line":14,"column":6},"end":{"line":17,"column":null}},"type":"if","locations":[{"start":{"line":14,"column":6},"end":{"line":17,"column":null}}]},"2":{"loc":{"start":{"line":14,"column":10},"end":{"line":14,"column":37}},"type":"binary-expr","locations":[{"start":{"line":14,"column":10},"end":{"line":14,"column":23}},{"start":{"line":14,"column":23},"end":{"line":14,"column":37}}]},"3":{"loc":{"start":{"line":29,"column":6},"end":{"line":37,"column":null}},"type":"if","locations":[{"start":{"line":29,"column":6},"end":{"line":37,"column":null}},{"start":{"line":34,"column":13},"end":{"line":37,"column":null}}]},"4":{"loc":{"start":{"line":32,"column":10},"end":{"line":32,"column":null}},"type":"if","locations":[{"start":{"line":32,"column":10},"end":{"line":32,"column":null}}]},"5":{"loc":{"start":{"line":35,"column":37},"end":{"line":35,"column":88}},"type":"binary-expr","locations":[{"start":{"line":35,"column":37},"end":{"line":35,"column":53}},{"start":{"line":35,"column":53},"end":{"line":35,"column":88}}]},"6":{"loc":{"start":{"line":54,"column":37},"end":{"line":54,"column":62}},"type":"cond-expr","locations":[{"start":{"line":54,"column":47},"end":{"line":54,"column":60}},{"start":{"line":54,"column":60},"end":{"line":54,"column":62}}]},"7":{"loc":{"start":{"line":55,"column":21},"end":{"line":55,"column":null}},"type":"cond-expr","locations":[{"start":{"line":55,"column":32},"end":{"line":55,"column":47}},{"start":{"line":55,"column":47},"end":{"line":55,"column":null}}]}},"s":{"0":2,"1":0,"2":0,"3":0,"4":0,"5":0,"6":0,"7":0,"8":0,"9":0,"10":0,"11":0,"12":0,"13":0,"14":0,"15":0,"16":0,"17":0,"18":0,"19":0,"20":0,"21":0,"22":0,"23":0,"24":2,"25":0,"26":2,"27":2},"f":{"0":0,"1":0,"2":0,"3":0},"b":{"0":[0],"1":[0],"2":[0,0],"3":[0,0],"4":[0],"5":[0,0],"6":[0,0],"7":[0,0]}}
,"/Users/umar/manufind-1/manufind/frontend/src/Components/RequestTab/RequestTab.jsx": {"path":"/Users/umar/manufind-1/manufind/frontend/src/Components/RequestTab/RequestTab.jsx","statementMap":{"0":{"start":{"line":6,"column":19},"end":{"line":113,"column":2}},"1":{"start":{"line":6,"column":25},"end":{"line":6,"column":null}},"2":{"start":{"line":7,"column":23},"end":{"line":7,"column":null}},"3":{"start":{"line":8,"column":34},"end":{"line":8,"column":null}},"4":{"start":{"line":9,"column":32},"end":{"line":9,"column":null}},"5":{"start":{"line":10,"column":40},"end":{"line":10,"column":null}},"6":{"start":{"line":11,"column":38},"end":{"line":11,"column":null}},"7":{"start":{"line":13,"column":25},"end":{"line":28,"column":null}},"8":{"start":{"line":14,"column":4},"end":{"line":27,"column":null}},"9":{"start":{"line":15,"column":23},"end":{"line":17,"column":null}},"10":{"start":{"line":18,"column":21},"end":{"line":18,"column":null}},"11":{"start":{"line":20,"column":6},"end":{"line":24,"column":null}},"12":{"start":{"line":21,"column":8},"end":{"line":21,"column":null}},"13":{"start":{"line":21,"column":30},"end":{"line":21,"column":61}},"14":{"start":{"line":21,"column":49},"end":{"line":21,"column":60}},"15":{"start":{"line":23,"column":8},"end":{"line":23,"column":null}},"16":{"start":{"line":26,"column":6},"end":{"line":26,"column":null}},"17":{"start":{"line":30,"column":28},"end":{"line":33,"column":null}},"18":{"start":{"line":31,"column":4},"end":{"line":31,"column":null}},"19":{"start":{"line":32,"column":4},"end":{"line":32,"column":null}},"20":{"start":{"line":35,"column":27},"end":{"line":38,"column":null}},"21":{"start":{"line":36,"column":4},"end":{"line":36,"column":null}},"22":{"start":{"line":37,"column":4},"end":{"line":37,"column":null}},"23":{"start":{"line":40,"column":24},"end":{"line":43,"column":null}},"24":{"start":{"line":41,"column":4},"end":{"line":41,"column":null}},"25":{"start":{"line":41,"column":20},"end":{"line":41,"column":null}},"26":{"start":{"line":42,"column":4},"end":{"line":42,"column":null}},"27":{"start":{"line":45,"column":2},"end":{"line":64,"column":null}},"28":{"start":{"line":46,"column":34},"end":{"line":62,"column":null}},"29":{"start":{"line":47,"column":6},"end":{"line":47,"column":null}},"30":{"start":{"line":47,"column":25},"end":{"line":47,"column":null}},"31":{"start":{"line":48,"column":6},"end":{"line":61,"column":null}},"32":{"start":{"line":49,"column":8},"end":{"line":49,"column":null}},"33":{"start":{"line":50,"column":25},"end":{"line":52,"column":null}},"34":{"start":{"line":53,"column":23},"end":{"line":53,"column":null}},"35":{"start":{"line":55,"column":8},"end":{"line":56,"column":null}},"36":{"start":{"line":55,"column":28},"end":{"line":55,"column":null}},"37":{"start":{"line":56,"column":13},"end":{"line":56,"column":null}},"38":{"start":{"line":58,"column":8},"end":{"line":58,"column":null}},"39":{"start":{"line":60,"column":8},"end":{"line":60,"column":null}},"40":{"start":{"line":63,"column":4},"end":{"line":63,"column":null}},"41":{"start":{"line":66,"column":2},"end":{"line":111,"column":null}},"42":{"start":{"line":77,"column":12},"end":{"line":94,"column":null}},"43":{"start":{"line":90,"column":31},"end":{"line":90,"column":55}},"44":{"start":{"line":113,"column":2},"end":{"line":7,"column":31}},"45":{"start":{"line":6,"column":16},"end":{"line":7,"column":31}},"46":{"start":{"line":7,"column":30},"end":{"line":6,"column":16}},"47":{"start":{"line":115,"column":26},"end":{"line":115,"column":null}}},"fnMap":{"0":{"name":"(anonymous_0)","decl":{"start":{"line":6,"column":19},"end":{"line":6,"column":25}},"loc":{"start":{"line":6,"column":25},"end":{"line":113,"column":2}}},"1":{"name":"(anonymous_1)","decl":{"start":{"line":13,"column":25},"end":{"line":13,"column":32}},"loc":{"start":{"line":13,"column":39},"end":{"line":28,"column":null}}},"2":{"name":"(anonymous_2)","decl":{"start":{"line":21,"column":20},"end":{"line":21,"column":21}},"loc":{"start":{"line":21,"column":30},"end":{"line":21,"column":61}}},"3":{"name":"(anonymous_3)","decl":{"start":{"line":21,"column":42},"end":{"line":21,"column":43}},"loc":{"start":{"line":21,"column":49},"end":{"line":21,"column":60}}},"4":{"name":"(anonymous_4)","decl":{"start":{"line":30,"column":28},"end":{"line":30,"column":29}},"loc":{"start":{"line":30,"column":36},"end":{"line":33,"column":null}}},"5":{"name":"(anonymous_5)","decl":{"start":{"line":35,"column":27},"end":{"line":35,"column":33}},"loc":{"start":{"line":35,"column":33},"end":{"line":38,"column":null}}},"6":{"name":"(anonymous_6)","decl":{"start":{"line":40,"column":24},"end":{"line":40,"column":30}},"loc":{"start":{"line":40,"column":30},"end":{"line":43,"column":null}}},"7":{"name":"(anonymous_7)","decl":{"start":{"line":45,"column":12},"end":{"line":45,"column":18}},"loc":{"start":{"line":45,"column":18},"end":{"line":64,"column":5}}},"8":{"name":"(anonymous_8)","decl":{"start":{"line":46,"column":34},"end":{"line":46,"column":46}},"loc":{"start":{"line":46,"column":46},"end":{"line":62,"column":null}}},"9":{"name":"(anonymous_9)","decl":{"start":{"line":76,"column":24},"end":{"line":76,"column":25}},"loc":{"start":{"line":77,"column":12},"end":{"line":94,"column":null}}},"10":{"name":"(anonymous_10)","decl":{"start":{"line":90,"column":25},"end":{"line":90,"column":31}},"loc":{"start":{"line":90,"column":31},"end":{"line":90,"column":55}}},"11":{"name":"(anonymous_11)","decl":{"start":{"line":6,"column":16},"end":{"line":6,"column":19}},"loc":{"start":{"line":6,"column":16},"end":{"line":7,"column":31}}}},"branchMap":{"0":{"loc":{"start":{"line":20,"column":6},"end":{"line":24,"column":null}},"type":"if","locations":[{"start":{"line":20,"column":6},"end":{"line":24,"column":null}},{"start":{"line":22,"column":13},"end":{"line":24,"column":null}}]},"1":{"loc":{"start":{"line":41,"column":4},"end":{"line":41,"column":null}},"type":"if","locations":[{"start":{"line":41,"column":4},"end":{"line":41,"column":null}}]},"2":{"loc":{"start":{"line":47,"column":6},"end":{"line":47,"column":null}},"type":"if","locations":[{"start":{"line":47,"column":6},"end":{"line":47,"column":null}}]},"3":{"loc":{"start":{"line":55,"column":8},"end":{"line":56,"column":null}},"type":"if","locations":[{"start":{"line":55,"column":8},"end":{"line":56,"column":null}},{"start":{"line":56,"column":13},"end":{"line":56,"column":null}}]},"4":{"loc":{"start":{"line":70,"column":7},"end":{"line":96,"column":null}},"type":"cond-expr","locations":[{"start":{"line":71,"column":8},"end":{"line":71,"column":null}},{"start":{"line":72,"column":10},"end":{"line":96,"column":null}}]},"5":{"loc":{"start":{"line":72,"column":10},"end":{"line":96,"column":null}},"type":"cond-expr","locations":[{"start":{"line":73,"column":8},"end":{"line":73,"column":null}},{"start":{"line":75,"column":8},"end":{"line":96,"column":null}}]},"6":{"loc":{"start":{"line":86,"column":15},"end":{"line":86,"column":null}},"type":"binary-expr","locations":[{"start":{"line":86,"column":15},"end":{"line":86,"column":27}},{"start":{"line":86,"column":27},"end":{"line":86,"column":null}}]},"7":{"loc":{"start":{"line":99,"column":7},"end":{"line":109,"column":null}},"type":"binary-expr","locations":[{"start":{"line":99,"column":7},"end":{"line":99,"column":null}},{"start":{"line":100,"column":8},"end":{"line":109,"column":null}}]}},"s":{"0":2,"1":0,"2":0,"3":0,"4":0,"5":0,"6":0,"7":0,"8":0,"9":0,"10":0,"11":0,"12":0,"13":0,"14":0,"15":0,"16":0,"17":0,"18":0,"19":0,"20":0,"21":0,"22":0,"23":0,"24":0,"25":0,"26":0,"27":0,"28":0,"29":0,"30":0,"31":0,"32":0,"33":0,"34":0,"35":0,"36":0,"37":0,"38":0,"39":0,"40":0,"41":0,"42":0,"43":0,"44":2,"45":0,"46":2,"47":2},"f":{"0":0,"1":0,"2":0,"3":0,"4":0,"5":0,"6":0,"7":0,"8":0,"9":0,"10":0,"11":0},"b":{"0":[0,0],"1":[0],"2":[0],"3":[0,0],"4":[0,0],"5":[0,0],"6":[0,0],"7":[0,0]}}
,"/Users/umar/manufind-1/manufind/frontend/src/Components/RootLayout/RootLayout.jsx": {"path":"/Users/umar/manufind-1/manufind/frontend/src/Components/RootLayout/RootLayout.jsx","statementMap":{"0":{"start":{"line":6,"column":19},"end":{"line":15,"column":2}},"1":{"start":{"line":7,"column":2},"end":{"line":13,"column":null}},"2":{"start":{"line":15,"column":2},"end":{"line":6,"column":19}},"3":{"start":{"line":17,"column":26},"end":{"line":17,"column":null}}},"fnMap":{"0":{"name":"(anonymous_0)","decl":{"start":{"line":6,"column":19},"end":{"line":6,"column":25}},"loc":{"start":{"line":6,"column":25},"end":{"line":15,"column":2}}}},"branchMap":{},"s":{"0":2,"1":4,"2":2,"3":2},"f":{"0":4},"b":{}}
,"/Users/umar/manufind-1/manufind/frontend/src/Components/SearchCard/SearchCard.jsx": {"path":"/Users/umar/manufind-1/manufind/frontend/src/Components/SearchCard/SearchCard.jsx","statementMap":{"0":{"start":{"line":3,"column":19},"end":{"line":16,"column":1}},"1":{"start":{"line":4,"column":2},"end":{"line":14,"column":null}},"2":{"start":{"line":16,"column":1},"end":{"line":3,"column":19}},"3":{"start":{"line":18,"column":25},"end":{"line":18,"column":null}}},"fnMap":{"0":{"name":"(anonymous_0)","decl":{"start":{"line":3,"column":19},"end":{"line":3,"column":25}},"loc":{"start":{"line":3,"column":25},"end":{"line":16,"column":1}}}},"branchMap":{},"s":{"0":2,"1":0,"2":2,"3":2},"f":{"0":0},"b":{}}
,"/Users/umar/manufind-1/manufind/frontend/src/Components/Services/Services.jsx": {"path":"/Users/umar/manufind-1/manufind/frontend/src/Components/Services/Services.jsx","statementMap":{"0":{"start":{"line":8,"column":17},"end":{"line":70,"column":2}},"1":{"start":{"line":9,"column":2},"end":{"line":68,"column":null}},"2":{"start":{"line":70,"column":2},"end":{"line":8,"column":17}},"3":{"start":{"line":72,"column":24},"end":{"line":72,"column":null}}},"fnMap":{"0":{"name":"(anonymous_0)","decl":{"start":{"line":8,"column":17},"end":{"line":8,"column":23}},"loc":{"start":{"line":8,"column":23},"end":{"line":70,"column":2}}}},"branchMap":{},"s":{"0":2,"1":0,"2":2,"3":2},"f":{"0":0},"b":{}}
,"/Users/umar/manufind-1/manufind/frontend/src/Components/SignupForm/SignupForm.jsx": {"path":"/Users/umar/manufind-1/manufind/frontend/src/Components/SignupForm/SignupForm.jsx","statementMap":{"0":{"start":{"line":6,"column":19},"end":{"line":110,"column":2}},"1":{"start":{"line":6,"column":25},"end":{"line":6,"column":null}},"2":{"start":{"line":7,"column":24},"end":{"line":7,"column":null}},"3":{"start":{"line":8,"column":28},"end":{"line":8,"column":null}},"4":{"start":{"line":9,"column":38},"end":{"line":9,"column":null}},"5":{"start":{"line":10,"column":38},"end":{"line":10,"column":null}},"6":{"start":{"line":11,"column":26},"end":{"line":11,"column":null}},"7":{"start":{"line":12,"column":32},"end":{"line":12,"column":null}},"8":{"start":{"line":13,"column":19},"end":{"line":13,"column":null}},"9":{"start":{"line":16,"column":4},"end":{"line":16,"column":null}},"10":{"start":{"line":18,"column":4},"end":{"line":21,"column":null}},"11":{"start":{"line":19,"column":6},"end":{"line":19,"column":null}},"12":{"start":{"line":20,"column":6},"end":{"line":20,"column":null}},"13":{"start":{"line":23,"column":4},"end":{"line":35,"column":null}},"14":{"start":{"line":24,"column":18},"end":{"line":28,"column":null}},"15":{"start":{"line":30,"column":19},"end":{"line":30,"column":null}},"16":{"start":{"line":31,"column":6},"end":{"line":32,"column":null}},"17":{"start":{"line":31,"column":18},"end":{"line":31,"column":null}},"18":{"start":{"line":32,"column":11},"end":{"line":32,"column":null}},"19":{"start":{"line":34,"column":6},"end":{"line":34,"column":null}},"20":{"start":{"line":38,"column":2},"end":{"line":108,"column":null}},"21":{"start":{"line":52,"column":29},"end":{"line":52,"column":null}},"22":{"start":{"line":60,"column":29},"end":{"line":60,"column":null}},"23":{"start":{"line":68,"column":29},"end":{"line":68,"column":null}},"24":{"start":{"line":76,"column":29},"end":{"line":76,"column":null}},"25":{"start":{"line":81,"column":48},"end":{"line":81,"column":null}},"26":{"start":{"line":110,"column":2},"end":{"line":13,"column":31}},"27":{"start":{"line":6,"column":16},"end":{"line":13,"column":31}},"28":{"start":{"line":13,"column":30},"end":{"line":6,"column":16}},"29":{"start":{"line":112,"column":26},"end":{"line":112,"column":null}}},"fnMap":{"0":{"name":"(anonymous_0)","decl":{"start":{"line":6,"column":19},"end":{"line":6,"column":25}},"loc":{"start":{"line":6,"column":25},"end":{"line":110,"column":2}}},"1":{"name":"handleSubmit","decl":{"start":{"line":15,"column":17},"end":{"line":15,"column":30}},"loc":{"start":{"line":15,"column":33},"end":{"line":36,"column":null}}},"2":{"name":"(anonymous_2)","decl":{"start":{"line":52,"column":22},"end":{"line":52,"column":23}},"loc":{"start":{"line":52,"column":29},"end":{"line":52,"column":null}}},"3":{"name":"(anonymous_3)","decl":{"start":{"line":60,"column":22},"end":{"line":60,"column":23}},"loc":{"start":{"line":60,"column":29},"end":{"line":60,"column":null}}},"4":{"name":"(anonymous_4)","decl":{"start":{"line":68,"column":22},"end":{"line":68,"column":23}},"loc":{"start":{"line":68,"column":29},"end":{"line":68,"column":null}}},"5":{"name":"(anonymous_5)","decl":{"start":{"line":76,"column":22},"end":{"line":76,"column":23}},"loc":{"start":{"line":76,"column":29},"end":{"line":76,"column":null}}},"6":{"name":"(anonymous_6)","decl":{"start":{"line":81,"column":41},"end":{"line":81,"column":42}},"loc":{"start":{"line":81,"column":48},"end":{"line":81,"column":null}}},"7":{"name":"(anonymous_7)","decl":{"start":{"line":6,"column":16},"end":{"line":6,"column":19}},"loc":{"start":{"line":6,"column":16},"end":{"line":13,"column":31}}}},"branchMap":{"0":{"loc":{"start":{"line":18,"column":4},"end":{"line":21,"column":null}},"type":"if","locations":[{"start":{"line":18,"column":4},"end":{"line":21,"column":null}}]},"1":{"loc":{"start":{"line":31,"column":6},"end":{"line":32,"column":null}},"type":"if","locations":[{"start":{"line":31,"column":6},"end":{"line":32,"column":null}},{"start":{"line":32,"column":11},"end":{"line":32,"column":null}}]},"2":{"loc":{"start":{"line":32,"column":22},"end":{"line":32,"column":67}},"type":"binary-expr","locations":[{"start":{"line":32,"column":22},"end":{"line":32,"column":36}},{"start":{"line":32,"column":36},"end":{"line":32,"column":67}}]},"3":{"loc":{"start":{"line":86,"column":11},"end":{"line":86,"column":null}},"type":"binary-expr","locations":[{"start":{"line":86,"column":11},"end":{"line":86,"column":22}},{"start":{"line":86,"column":22},"end":{"line":86,"column":null}}]}},"s":{"0":2,"1":204,"2":204,"3":204,"4":204,"5":204,"6":204,"7":204,"8":204,"9":2,"10":2,"11":1,"12":1,"13":1,"14":1,"15":1,"16":1,"17":1,"18":0,"19":0,"20":204,"21":16,"22":46,"23":13,"24":24,"25":0,"26":2,"27":2,"28":2,"29":2},"f":{"0":204,"1":2,"2":16,"3":46,"4":13,"5":24,"6":0,"7":2},"b":{"0":[1],"1":[1,0],"2":[0,0],"3":[204,2]}}
,"/Users/umar/manufind-1/manufind/frontend/src/Components/TutorialClient/TutorialClient.jsx": {"path":"/Users/umar/manufind-1/manufind/frontend/src/Components/TutorialClient/TutorialClient.jsx","statementMap":{"0":{"start":{"line":8,"column":23},"end":{"line":48,"column":2}},"1":{"start":{"line":9,"column":16},"end":{"line":24,"column":null}},"2":{"start":{"line":27,"column":2},"end":{"line":46,"column":null}},"3":{"start":{"line":35,"column":8},"end":{"line":44,"column":null}},"4":{"start":{"line":48,"column":2},"end":{"line":8,"column":23}},"5":{"start":{"line":50,"column":30},"end":{"line":50,"column":null}}},"fnMap":{"0":{"name":"(anonymous_0)","decl":{"start":{"line":8,"column":23},"end":{"line":8,"column":29}},"loc":{"start":{"line":8,"column":29},"end":{"line":48,"column":2}}},"1":{"name":"(anonymous_1)","decl":{"start":{"line":34,"column":17},"end":{"line":34,"column":18}},"loc":{"start":{"line":35,"column":8},"end":{"line":44,"column":null}}}},"branchMap":{"0":{"loc":{"start":{"line":37,"column":38},"end":{"line":37,"column":70}},"type":"cond-expr","locations":[{"start":{"line":37,"column":56},"end":{"line":37,"column":61}},{"start":{"line":37,"column":61},"end":{"line":37,"column":70}}]}},"s":{"0":2,"1":0,"2":0,"3":0,"4":2,"5":2},"f":{"0":0,"1":0},"b":{"0":[0,0]}}
,"/Users/umar/manufind-1/manufind/frontend/src/Components/TutorialPrestataire/TutorialPrestataire.jsx": {"path":"/Users/umar/manufind-1/manufind/frontend/src/Components/TutorialPrestataire/TutorialPrestataire.jsx","statementMap":{"0":{"start":{"line":6,"column":28},"end":{"line":46,"column":2}},"1":{"start":{"line":7,"column":16},"end":{"line":22,"column":null}},"2":{"start":{"line":25,"column":2},"end":{"line":44,"column":null}},"3":{"start":{"line":33,"column":8},"end":{"line":42,"column":null}},"4":{"start":{"line":46,"column":2},"end":{"line":6,"column":28}},"5":{"start":{"line":48,"column":35},"end":{"line":48,"column":null}}},"fnMap":{"0":{"name":"(anonymous_0)","decl":{"start":{"line":6,"column":28},"end":{"line":6,"column":34}},"loc":{"start":{"line":6,"column":34},"end":{"line":46,"column":2}}},"1":{"name":"(anonymous_1)","decl":{"start":{"line":32,"column":17},"end":{"line":32,"column":18}},"loc":{"start":{"line":33,"column":8},"end":{"line":42,"column":null}}}},"branchMap":{"0":{"loc":{"start":{"line":35,"column":38},"end":{"line":35,"column":70}},"type":"cond-expr","locations":[{"start":{"line":35,"column":56},"end":{"line":35,"column":61}},{"start":{"line":35,"column":61},"end":{"line":35,"column":70}}]}},"s":{"0":2,"1":0,"2":0,"3":0,"4":2,"5":2},"f":{"0":0,"1":0},"b":{"0":[0,0]}}
,"/Users/umar/manufind-1/manufind/frontend/src/config/api.js": {"path":"/Users/umar/manufind-1/manufind/frontend/src/config/api.js","statementMap":{"0":{"start":{"line":1,"column":21},"end":{"line":3,"column":27}}},"fnMap":{},"branchMap":{"0":{"loc":{"start":{"line":1,"column":21},"end":{"line":3,"column":27}},"type":"cond-expr","locations":[{"start":{"line":2,"column":4},"end":{"line":2,"column":39}},{"start":{"line":3,"column":4},"end":{"line":3,"column":27}}]}},"s":{"0":2},"f":{},"b":{"0":[0,2]}}
}
