TN:
SF:frontend/src/App.jsx
FN:23,App
FNF:1
FNH:1
FNDA:4,App
DA:24,4
DA:60,4
DA:65,2
DA:67,2
LF:4
LH:4
BRF:0
BRH:0
end_of_record
TN:
SF:frontend/src/main.jsx
FNF:0
FNH:0
DA:6,2
LF:1
LH:1
BRF:0
BRH:0
end_of_record
TN:
SF:frontend/src/Components/About/About.jsx
FN:7,(anonymous_0)
FNF:1
FNH:0
FNDA:0,(anonymous_0)
DA:7,2
DA:8,0
DA:79,2
DA:81,2
LF:4
LH:3
BRF:0
BRH:0
end_of_record
TN:
SF:frontend/src/Components/AuthContext/AuthContext.jsx
FN:5,(anonymous_0)
FN:8,(anonymous_1)
FN:13,(anonymous_2)
FN:18,(anonymous_3)
FN:30,(anonymous_4)
FNF:5
FNH:3
FNDA:4,(anonymous_0)
FNDA:4,(anonymous_1)
FNDA:0,(anonymous_2)
FNDA:0,(anonymous_3)
FNDA:8,(anonymous_4)
DA:3,2
DA:5,4
DA:6,4
DA:8,4
DA:9,4
DA:10,4
DA:13,4
DA:14,0
DA:15,0
DA:18,4
DA:19,0
DA:20,0
DA:23,4
DA:28,2
DA:30,8
LF:15
LH:11
BRDA:10,0,0,0
BRF:1
BRH:0
end_of_record
TN:
SF:frontend/src/Components/Contact/Contact.jsx
FN:3,(anonymous_0)
FNF:1
FNH:0
FNDA:0,(anonymous_0)
DA:3,2
DA:4,0
DA:7,2
DA:9,2
LF:4
LH:3
BRF:0
BRH:0
end_of_record
TN:
SF:frontend/src/Components/Error/ErrorPage.jsx
FN:1,(anonymous_0)
FNF:1
FNH:0
FNDA:0,(anonymous_0)
DA:1,2
DA:2,0
DA:8,2
DA:10,2
LF:4
LH:3
BRF:0
BRH:0
end_of_record
TN:
SF:frontend/src/Components/Guide/Guide.jsx
FN:6,Guide
FN:18,(anonymous_1)
FN:27,(anonymous_2)
FN:6,(anonymous_3)
FNF:4
FNH:0
FNDA:0,Guide
FNDA:0,(anonymous_1)
FNDA:0,(anonymous_2)
FNDA:0,(anonymous_3)
DA:6,2
DA:7,2
DA:9,0
DA:18,0
DA:27,0
DA:38,2
LF:6
LH:3
BRF:0
BRH:0
end_of_record
TN:
SF:frontend/src/Components/Header/Header.jsx
FN:7,(anonymous_0)
FN:12,(anonymous_1)
FN:16,(anonymous_2)
FN:32,(anonymous_3)
FN:68,(anonymous_4)
FN:69,(anonymous_5)
FN:70,(anonymous_6)
FN:74,(anonymous_7)
FN:75,(anonymous_8)
FN:76,(anonymous_9)
FN:77,(anonymous_10)
FN:85,(anonymous_11)
FN:86,(anonymous_12)
FN:91,(anonymous_13)
FN:7,(anonymous_14)
FNF:15
FNH:2
FNDA:6,(anonymous_0)
FNDA:0,(anonymous_1)
FNDA:0,(anonymous_2)
FNDA:0,(anonymous_3)
FNDA:0,(anonymous_4)
FNDA:0,(anonymous_5)
FNDA:0,(anonymous_6)
FNDA:0,(anonymous_7)
FNDA:0,(anonymous_8)
FNDA:0,(anonymous_9)
FNDA:0,(anonymous_10)
FNDA:0,(anonymous_11)
FNDA:0,(anonymous_12)
FNDA:0,(anonymous_13)
FNDA:2,(anonymous_14)
DA:7,6
DA:8,6
DA:9,6
DA:10,6
DA:12,6
DA:13,0
DA:14,0
DA:16,6
DA:17,0
DA:18,0
DA:19,0
DA:22,6
DA:24,6
DA:32,0
DA:68,0
DA:69,0
DA:70,0
DA:74,0
DA:75,0
DA:76,0
DA:77,0
DA:85,0
DA:86,0
DA:91,0
DA:94,2
DA:96,2
LF:26
LH:10
BRDA:32,0,0,0
BRDA:32,0,1,6
BRDA:42,1,0,6
BRDA:42,1,1,0
BRDA:43,2,0,6
BRDA:43,2,1,0
BRDA:44,3,0,6
BRDA:44,3,1,0
BRDA:45,4,0,6
BRDA:45,4,1,0
BRDA:49,5,0,0
BRDA:49,5,1,6
BRDA:51,6,0,0
BRDA:51,6,1,0
BRDA:67,7,0,0
BRDA:67,7,1,6
BRDA:72,8,0,0
BRDA:72,8,1,6
BRDA:74,9,0,0
BRDA:74,9,1,0
BRDA:75,10,0,0
BRDA:75,10,1,0
BRDA:76,11,0,0
BRDA:76,11,1,0
BRDA:77,12,0,0
BRDA:77,12,1,0
BRDA:78,13,0,0
BRDA:78,13,1,0
BRDA:91,14,0,6
BRDA:91,14,1,0
BRF:30
BRH:9
end_of_record
TN:
SF:frontend/src/Components/LoginForm/LoginForm.jsx
FN:7,(anonymous_0)
FN:14,handleSubmit
FN:47,(anonymous_2)
FN:56,(anonymous_3)
FN:7,(anonymous_4)
FNF:5
FNH:2
FNDA:2,(anonymous_0)
FNDA:0,handleSubmit
FNDA:0,(anonymous_2)
FNDA:0,(anonymous_3)
FNDA:1,(anonymous_4)
DA:7,2
DA:8,2
DA:9,2
DA:10,2
DA:11,2
DA:12,2
DA:15,0
DA:16,0
DA:17,0
DA:23,0
DA:24,0
DA:25,0
DA:26,0
DA:27,0
DA:29,0
DA:33,2
DA:47,0
DA:56,0
DA:88,2
DA:90,2
LF:20
LH:9
BRDA:24,0,0,0
BRDA:24,0,1,0
BRDA:26,1,0,0
BRDA:26,1,1,0
BRDA:27,2,0,0
BRDA:27,2,1,0
BRDA:61,3,0,2
BRDA:61,3,1,0
BRF:8
BRH:1
end_of_record
TN:
SF:frontend/src/Components/MainPage/MainPage.jsx
FN:5,(anonymous_0)
FNF:1
FNH:0
FNDA:0,(anonymous_0)
DA:5,2
DA:6,0
DA:13,2
DA:15,2
LF:4
LH:3
BRF:0
BRH:0
end_of_record
TN:
SF:frontend/src/Components/Map/map.jsx
FN:25,RecenterMap
FN:27,(anonymous_1)
FN:33,(anonymous_2)
FN:25,(anonymous_3)
FN:39,(anonymous_4)
FN:46,(anonymous_5)
FN:50,(anonymous_6)
FN:56,(anonymous_7)
FN:65,(anonymous_8)
FN:74,(anonymous_9)
FN:90,(anonymous_10)
FN:100,(anonymous_11)
FN:108,(anonymous_12)
FN:110,(anonymous_13)
FN:111,(anonymous_14)
FN:113,(anonymous_15)
FN:114,(anonymous_16)
FN:114,(anonymous_17)
FN:125,(anonymous_18)
FN:142,(anonymous_19)
FN:146,(anonymous_20)
FNF:21
FNH:0
FNDA:0,RecenterMap
FNDA:0,(anonymous_1)
FNDA:0,(anonymous_2)
FNDA:0,(anonymous_3)
FNDA:0,(anonymous_4)
FNDA:0,(anonymous_5)
FNDA:0,(anonymous_6)
FNDA:0,(anonymous_7)
FNDA:0,(anonymous_8)
FNDA:0,(anonymous_9)
FNDA:0,(anonymous_10)
FNDA:0,(anonymous_11)
FNDA:0,(anonymous_12)
FNDA:0,(anonymous_13)
FNDA:0,(anonymous_14)
FNDA:0,(anonymous_15)
FNDA:0,(anonymous_16)
FNDA:0,(anonymous_17)
FNDA:0,(anonymous_18)
FNDA:0,(anonymous_19)
FNDA:0,(anonymous_20)
DA:9,2
DA:17,2
DA:25,0
DA:26,2
DA:27,0
DA:28,0
DA:29,0
DA:30,0
DA:31,0
DA:32,0
DA:33,0
DA:36,0
DA:37,2
DA:39,2
DA:40,0
DA:41,0
DA:42,0
DA:43,0
DA:44,0
DA:46,0
DA:47,0
DA:50,0
DA:51,0
DA:52,0
DA:53,0
DA:54,0
DA:55,0
DA:57,0
DA:58,0
DA:59,0
DA:61,0
DA:65,0
DA:68,0
DA:70,0
DA:74,0
DA:75,0
DA:76,0
DA:79,0
DA:80,0
DA:81,0
DA:82,0
DA:85,0
DA:87,0
DA:90,0
DA:91,0
DA:92,0
DA:93,0
DA:94,0
DA:95,0
DA:96,0
DA:97,0
DA:98,0
DA:99,0
DA:100,0
DA:101,0
DA:102,0
DA:104,0
DA:108,0
DA:110,0
DA:111,0
DA:113,0
DA:114,0
DA:118,0
DA:125,0
DA:143,0
DA:147,0
DA:161,2
DA:163,4
LF:68
LH:7
BRDA:28,0,0,0
BRDA:28,1,0,0
BRDA:28,1,1,0
BRDA:54,2,0,0
BRDA:57,3,0,0
BRDA:65,4,0,0
BRDA:65,4,1,0
BRDA:81,5,0,0
BRDA:92,6,0,0
BRDA:97,7,0,0
BRDA:97,7,1,0
BRDA:111,8,0,0
BRDA:111,8,1,0
BRDA:130,9,0,0
BRDA:130,9,1,0
BRDA:151,10,0,0
BRDA:151,10,1,0
BRDA:157,11,0,0
BRDA:157,11,1,0
BRF:19
BRH:0
end_of_record
TN:
SF:frontend/src/Components/ProfileClient/ProfileClient.jsx
FN:6,(anonymous_0)
FN:16,(anonymous_1)
FN:20,handleUpdate
FN:33,(anonymous_3)
FN:42,(anonymous_4)
FN:43,(anonymous_5)
FN:50,(anonymous_6)
FN:51,(anonymous_7)
FN:79,(anonymous_8)
FN:86,(anonymous_9)
FN:6,(anonymous_10)
FNF:11
FNH:0
FNDA:0,(anonymous_0)
FNDA:0,(anonymous_1)
FNDA:0,handleUpdate
FNDA:0,(anonymous_3)
FNDA:0,(anonymous_4)
FNDA:0,(anonymous_5)
FNDA:0,(anonymous_6)
FNDA:0,(anonymous_7)
FNDA:0,(anonymous_8)
FNDA:0,(anonymous_9)
FNDA:0,(anonymous_10)
DA:6,2
DA:7,0
DA:8,0
DA:9,0
DA:10,0
DA:11,0
DA:12,2
DA:14,0
DA:16,0
DA:17,0
DA:21,0
DA:22,0
DA:23,0
DA:29,0
DA:30,0
DA:31,0
DA:32,0
DA:33,0
DA:35,0
DA:38,0
DA:42,0
DA:43,0
DA:44,0
DA:45,0
DA:46,0
DA:48,0
DA:49,0
DA:50,0
DA:51,0
DA:53,0
DA:60,0
DA:64,0
DA:67,0
DA:79,0
DA:86,0
DA:134,2
DA:136,2
LF:37
LH:4
BRDA:8,0,0,0
BRDA:8,0,1,0
BRDA:9,1,0,0
BRDA:9,1,1,0
BRDA:14,2,0,0
BRDA:30,3,0,0
BRDA:30,3,1,0
BRDA:48,4,0,0
BRDA:48,5,0,0
BRDA:48,5,1,0
BRDA:49,6,0,0
BRDA:49,6,1,0
BRDA:92,7,0,0
BRDA:92,7,1,0
BRDA:95,8,0,0
BRDA:95,8,1,0
BRF:16
BRH:0
end_of_record
TN:
SF:frontend/src/Components/ProfilePrestataire/ProfilePrestataire.jsx
FN:7,(anonymous_0)
FN:17,(anonymous_1)
FN:21,handleUpdate
FN:34,(anonymous_3)
FN:43,(anonymous_4)
FN:44,(anonymous_5)
FN:51,(anonymous_6)
FN:52,(anonymous_7)
FN:80,(anonymous_8)
FN:87,(anonymous_9)
FN:7,(anonymous_10)
FNF:11
FNH:0
FNDA:0,(anonymous_0)
FNDA:0,(anonymous_1)
FNDA:0,handleUpdate
FNDA:0,(anonymous_3)
FNDA:0,(anonymous_4)
FNDA:0,(anonymous_5)
FNDA:0,(anonymous_6)
FNDA:0,(anonymous_7)
FNDA:0,(anonymous_8)
FNDA:0,(anonymous_9)
FNDA:0,(anonymous_10)
DA:7,2
DA:8,0
DA:9,0
DA:10,0
DA:11,0
DA:12,0
DA:13,2
DA:15,0
DA:17,0
DA:18,0
DA:22,0
DA:23,0
DA:24,0
DA:30,0
DA:31,0
DA:32,0
DA:33,0
DA:34,0
DA:36,0
DA:39,0
DA:43,0
DA:44,0
DA:45,0
DA:46,0
DA:47,0
DA:49,0
DA:50,0
DA:51,0
DA:52,0
DA:54,0
DA:61,0
DA:65,0
DA:68,0
DA:80,0
DA:87,0
DA:136,2
DA:138,2
LF:37
LH:4
BRDA:9,0,0,0
BRDA:9,0,1,0
BRDA:10,1,0,0
BRDA:10,1,1,0
BRDA:15,2,0,0
BRDA:31,3,0,0
BRDA:31,3,1,0
BRDA:49,4,0,0
BRDA:49,5,0,0
BRDA:49,5,1,0
BRDA:50,6,0,0
BRDA:50,6,1,0
BRDA:93,7,0,0
BRDA:93,7,1,0
BRDA:96,8,0,0
BRDA:96,8,1,0
BRF:16
BRH:0
end_of_record
TN:
SF:frontend/src/Components/ProtectedRoute/ProtectedRoute.jsx
FN:5,(anonymous_0)
FN:5,(anonymous_1)
FNF:2
FNH:0
FNDA:0,(anonymous_0)
FNDA:0,(anonymous_1)
DA:5,2
DA:6,2
DA:8,0
DA:10,0
DA:11,0
DA:14,0
DA:15,2
DA:17,2
LF:8
LH:4
BRDA:8,0,0,0
BRDA:10,1,0,0
BRDA:10,2,0,0
BRDA:10,2,1,0
BRF:4
BRH:0
end_of_record
TN:
SF:frontend/src/Components/RequestCard/RequestCard.jsx
FN:6,RequestCard
FN:22,(anonymous_1)
FN:47,(anonymous_2)
FN:72,(anonymous_3)
FN:74,(anonymous_4)
FN:78,(anonymous_5)
FN:81,(anonymous_6)
FN:84,(anonymous_7)
FN:86,(anonymous_8)
FN:88,(anonymous_9)
FN:6,(anonymous_10)
FNF:11
FNH:0
FNDA:0,RequestCard
FNDA:0,(anonymous_1)
FNDA:0,(anonymous_2)
FNDA:0,(anonymous_3)
FNDA:0,(anonymous_4)
FNDA:0,(anonymous_5)
FNDA:0,(anonymous_6)
FNDA:0,(anonymous_7)
FNDA:0,(anonymous_8)
FNDA:0,(anonymous_9)
FNDA:0,(anonymous_10)
DA:6,2
DA:7,2
DA:8,0
DA:9,0
DA:10,0
DA:11,0
DA:12,0
DA:13,0
DA:14,0
DA:16,0
DA:22,0
DA:23,0
DA:25,0
DA:26,0
DA:28,0
DA:38,0
DA:39,0
DA:45,0
DA:46,0
DA:47,0
DA:48,0
DA:49,0
DA:50,0
DA:51,0
DA:52,0
DA:53,0
DA:54,0
DA:58,0
DA:62,0
DA:72,0
DA:74,0
DA:78,0
DA:81,0
DA:84,0
DA:86,0
DA:88,0
DA:96,2
LF:37
LH:3
BRDA:25,0,0,0
BRDA:25,0,1,0
BRDA:26,1,0,0
BRDA:34,2,0,0
BRDA:34,2,1,0
BRDA:35,3,0,0
BRDA:35,3,1,0
BRDA:45,4,0,0
BRDA:90,5,0,0
BRDA:90,5,1,0
BRDA:91,6,0,0
BRDA:91,6,1,0
BRF:12
BRH:0
end_of_record
TN:
SF:frontend/src/Components/RequestClientTab/RequestClientTab.jsx
FN:6,(anonymous_0)
FN:14,(anonymous_1)
FN:15,(anonymous_2)
FN:35,(anonymous_3)
FN:41,(anonymous_4)
FN:47,(anonymous_5)
FN:56,(anonymous_6)
FN:56,(anonymous_7)
FN:78,(anonymous_8)
FN:109,(anonymous_9)
FN:125,(anonymous_10)
FN:6,(anonymous_11)
FNF:12
FNH:0
FNDA:0,(anonymous_0)
FNDA:0,(anonymous_1)
FNDA:0,(anonymous_2)
FNDA:0,(anonymous_3)
FNDA:0,(anonymous_4)
FNDA:0,(anonymous_5)
FNDA:0,(anonymous_6)
FNDA:0,(anonymous_7)
FNDA:0,(anonymous_8)
FNDA:0,(anonymous_9)
FNDA:0,(anonymous_10)
FNDA:0,(anonymous_11)
DA:6,2
DA:7,2
DA:8,0
DA:9,0
DA:10,0
DA:11,0
DA:14,0
DA:15,0
DA:16,0
DA:18,0
DA:19,0
DA:20,0
DA:22,0
DA:23,0
DA:25,0
DA:27,0
DA:31,0
DA:35,0
DA:36,0
DA:37,0
DA:41,0
DA:42,0
DA:43,0
DA:47,0
DA:48,0
DA:49,0
DA:53,0
DA:54,0
DA:56,0
DA:58,0
DA:61,0
DA:63,0
DA:64,0
DA:68,0
DA:79,0
DA:109,0
DA:125,0
DA:139,2
DA:141,2
LF:39
LH:4
BRDA:16,0,0,0
BRDA:22,1,0,0
BRDA:22,1,1,0
BRDA:54,2,0,0
BRDA:54,2,1,0
BRDA:72,3,0,0
BRDA:72,3,1,0
BRDA:74,4,0,0
BRDA:74,4,1,0
BRDA:85,5,0,0
BRDA:85,5,1,0
BRDA:87,6,0,0
BRDA:87,6,1,0
BRDA:89,7,0,0
BRDA:89,7,1,0
BRDA:91,8,0,0
BRDA:91,8,1,0
BRDA:103,9,0,0
BRDA:103,9,1,0
BRDA:118,10,0,0
BRDA:118,10,1,0
BRF:21
BRH:0
end_of_record
TN:
SF:frontend/src/Components/RequestModal/RequestModal.jsx
FN:6,(anonymous_0)
FN:12,(anonymous_1)
FN:30,(anonymous_2)
FN:6,(anonymous_3)
FNF:4
FNH:0
FNDA:0,(anonymous_0)
FNDA:0,(anonymous_1)
FNDA:0,(anonymous_2)
FNDA:0,(anonymous_3)
DA:6,2
DA:7,2
DA:8,0
DA:10,0
DA:12,0
DA:13,0
DA:14,0
DA:15,0
DA:16,0
DA:19,0
DA:21,0
DA:27,0
DA:29,0
DA:30,0
DA:31,0
DA:32,0
DA:35,0
DA:36,0
DA:39,0
DA:40,0
DA:44,0
DA:66,2
DA:68,2
LF:23
LH:4
BRDA:10,0,0,0
BRDA:14,1,0,0
BRDA:14,2,0,0
BRDA:14,2,1,0
BRDA:29,3,0,0
BRDA:29,3,1,0
BRDA:32,4,0,0
BRDA:35,5,0,0
BRDA:35,5,1,0
BRDA:54,6,0,0
BRDA:54,6,1,0
BRDA:55,7,0,0
BRDA:55,7,1,0
BRF:13
BRH:0
end_of_record
TN:
SF:frontend/src/Components/RequestTab/RequestTab.jsx
FN:6,(anonymous_0)
FN:13,(anonymous_1)
FN:21,(anonymous_2)
FN:21,(anonymous_3)
FN:30,(anonymous_4)
FN:35,(anonymous_5)
FN:40,(anonymous_6)
FN:45,(anonymous_7)
FN:46,(anonymous_8)
FN:76,(anonymous_9)
FN:90,(anonymous_10)
FN:6,(anonymous_11)
FNF:12
FNH:0
FNDA:0,(anonymous_0)
FNDA:0,(anonymous_1)
FNDA:0,(anonymous_2)
FNDA:0,(anonymous_3)
FNDA:0,(anonymous_4)
FNDA:0,(anonymous_5)
FNDA:0,(anonymous_6)
FNDA:0,(anonymous_7)
FNDA:0,(anonymous_8)
FNDA:0,(anonymous_9)
FNDA:0,(anonymous_10)
FNDA:0,(anonymous_11)
DA:6,2
DA:7,2
DA:8,0
DA:9,0
DA:10,0
DA:11,0
DA:13,0
DA:14,0
DA:15,0
DA:18,0
DA:20,0
DA:21,0
DA:23,0
DA:26,0
DA:30,0
DA:31,0
DA:32,0
DA:35,0
DA:36,0
DA:37,0
DA:40,0
DA:41,0
DA:42,0
DA:45,0
DA:46,0
DA:47,0
DA:48,0
DA:49,0
DA:50,0
DA:53,0
DA:55,0
DA:56,0
DA:58,0
DA:60,0
DA:63,0
DA:66,0
DA:77,0
DA:90,0
DA:113,2
DA:115,2
LF:40
LH:4
BRDA:20,0,0,0
BRDA:20,0,1,0
BRDA:41,1,0,0
BRDA:47,2,0,0
BRDA:55,3,0,0
BRDA:55,3,1,0
BRDA:70,4,0,0
BRDA:70,4,1,0
BRDA:72,5,0,0
BRDA:72,5,1,0
BRDA:86,6,0,0
BRDA:86,6,1,0
BRDA:99,7,0,0
BRDA:99,7,1,0
BRF:14
BRH:0
end_of_record
TN:
SF:frontend/src/Components/RootLayout/RootLayout.jsx
FN:6,(anonymous_0)
FNF:1
FNH:1
FNDA:4,(anonymous_0)
DA:6,2
DA:7,4
DA:15,2
DA:17,2
LF:4
LH:4
BRF:0
BRH:0
end_of_record
TN:
SF:frontend/src/Components/SearchCard/SearchCard.jsx
FN:3,(anonymous_0)
FNF:1
FNH:0
FNDA:0,(anonymous_0)
DA:3,2
DA:4,0
DA:16,2
DA:18,2
LF:4
LH:3
BRF:0
BRH:0
end_of_record
TN:
SF:frontend/src/Components/Services/Services.jsx
FN:8,(anonymous_0)
FNF:1
FNH:0
FNDA:0,(anonymous_0)
DA:8,2
DA:9,0
DA:70,2
DA:72,2
LF:4
LH:3
BRF:0
BRH:0
end_of_record
TN:
SF:frontend/src/Components/SignupForm/SignupForm.jsx
FN:6,(anonymous_0)
FN:15,handleSubmit
FN:52,(anonymous_2)
FN:60,(anonymous_3)
FN:68,(anonymous_4)
FN:76,(anonymous_5)
FN:81,(anonymous_6)
FN:6,(anonymous_7)
FNF:8
FNH:7
FNDA:204,(anonymous_0)
FNDA:2,handleSubmit
FNDA:16,(anonymous_2)
FNDA:46,(anonymous_3)
FNDA:13,(anonymous_4)
FNDA:24,(anonymous_5)
FNDA:0,(anonymous_6)
FNDA:2,(anonymous_7)
DA:6,204
DA:7,204
DA:8,204
DA:9,204
DA:10,204
DA:11,204
DA:12,204
DA:13,204
DA:16,2
DA:18,2
DA:19,1
DA:20,1
DA:23,1
DA:24,1
DA:30,1
DA:31,1
DA:32,0
DA:34,0
DA:38,204
DA:52,16
DA:60,46
DA:68,13
DA:76,24
DA:81,0
DA:110,2
DA:112,2
LF:26
LH:23
BRDA:18,0,0,1
BRDA:31,1,0,1
BRDA:31,1,1,0
BRDA:32,2,0,0
BRDA:32,2,1,0
BRDA:86,3,0,204
BRDA:86,3,1,2
BRF:7
BRH:4
end_of_record
TN:
SF:frontend/src/Components/TutorialClient/TutorialClient.jsx
FN:8,(anonymous_0)
FN:34,(anonymous_1)
FNF:2
FNH:0
FNDA:0,(anonymous_0)
FNDA:0,(anonymous_1)
DA:8,2
DA:9,0
DA:27,0
DA:35,0
DA:48,2
DA:50,2
LF:6
LH:3
BRDA:37,0,0,0
BRDA:37,0,1,0
BRF:2
BRH:0
end_of_record
TN:
SF:frontend/src/Components/TutorialPrestataire/TutorialPrestataire.jsx
FN:6,(anonymous_0)
FN:32,(anonymous_1)
FNF:2
FNH:0
FNDA:0,(anonymous_0)
FNDA:0,(anonymous_1)
DA:6,2
DA:7,0
DA:25,0
DA:33,0
DA:46,2
DA:48,2
LF:6
LH:3
BRDA:35,0,0,0
BRDA:35,0,1,0
BRF:2
BRH:0
end_of_record
TN:
SF:frontend/src/config/api.js
FNF:0
FNH:0
DA:1,2
LF:1
LH:1
BRDA:1,0,0,0
BRDA:1,0,1,2
BRF:2
BRH:1
end_of_record
