{
  "/Users/umar/manufind-1/manufind/frontend/src/Components/AuthContext/AuthContext.jsx": {
    "path": "/Users/umar/manufind-1/manufind/frontend/src/Components/AuthContext/AuthContext.jsx",
    "statementMap": {
      "0": {
        "start": {
          "line": 3,
          "column": 20
        },
        "end": {
          "line": 3,
          "column": 97
        }
      },
      "1": {
        "start": {
          "line": 6,
          "column": 0
        },
        "end": {
          "line": 16,
          "column": 1
        }
      },
      "2": {
        "start": {
          "line": 7,
          "column": 2
        },
        "end": {
          "line": 11,
          "column": 3
        }
      },
      "3": {
        "start": {
          "line": 8,
          "column": 4
        },
        "end": {
          "line": 10,
          "column": 6
        }
      },
      "4": {
        "start": {
          "line": 12,
          "column": 2
        },
        "end": {
          "line": 12,
          "column": 39
        }
      },
      "5": {
        "start": {
          "line": 13,
          "column": 2
        },
        "end": {
          "line": 13,
          "column": 39
        }
      },
      "6": {
        "start": {
          "line": 14,
          "column": 2
        },
        "end": {
          "line": 14,
          "column": 140
        }
      },
      "7": {
        "start": {
          "line": 15,
          "column": 2
        },
        "end": {
          "line": 15,
          "column": 75
        }
      },
      "8": {
        "start": {
          "line": 17,
          "column": 9
        },
        "end": {
          "line": 17,
          "column": 23
        }
      },
      "9": {
        "start": {
          "line": 17,
          "column": 31
        },
        "end": {
          "line": 17,
          "column": 45
        }
      },
      "10": {
        "start": {
          "line": 19,
          "column": 20
        },
        "end": {
          "line": 19,
          "column": 35
        }
      },
      "11": {
        "start": {
          "line": 20,
          "column": 28
        },
        "end": {
          "line": 34,
          "column": 1
        }
      },
      "12": {
        "start": {
          "line": 21,
          "column": 2
        },
        "end": {
          "line": 21,
          "column": 7
        }
      },
      "13": {
        "start": {
          "line": 22,
          "column": 34
        },
        "end": {
          "line": 22,
          "column": 48
        }
      },
      "14": {
        "start": {
          "line": 23,
          "column": 16
        },
        "end": {
          "line": 25,
          "column": 3
        }
      },
      "15": {
        "start": {
          "line": 24,
          "column": 4
        },
        "end": {
          "line": 24,
          "column": 22
        }
      },
      "16": {
        "start": {
          "line": 26,
          "column": 17
        },
        "end": {
          "line": 28,
          "column": 3
        }
      },
      "17": {
        "start": {
          "line": 27,
          "column": 4
        },
        "end": {
          "line": 27,
          "column": 22
        }
      },
      "18": {
        "start": {
          "line": 29,
          "column": 2
        },
        "end": {
          "line": 33,
          "column": 11
        }
      },
      "19": {
        "start": {
          "line": 35,
          "column": 0
        },
        "end": {
          "line": 35,
          "column": 49
        }
      },
      "20": {
        "start": {
          "line": 36,
          "column": 0
        },
        "end": {
          "line": 36,
          "column": 18
        }
      },
      "21": {
        "start": {
          "line": 37,
          "column": 23
        },
        "end": {
          "line": 40,
          "column": 1
        }
      },
      "22": {
        "start": {
          "line": 38,
          "column": 2
        },
        "end": {
          "line": 38,
          "column": 8
        }
      },
      "23": {
        "start": {
          "line": 39,
          "column": 2
        },
        "end": {
          "line": 39,
          "column": 33
        }
      },
      "24": {
        "start": {
          "line": 41,
          "column": 0
        },
        "end": {
          "line": 41,
          "column": 45
        }
      },
      "25": {
        "start": {
          "line": 43,
          "column": 0
        },
        "end": {
          "line": 43,
          "column": 33
        }
      },
      "26": {
        "start": {
          "line": 44,
          "column": 0
        },
        "end": {
          "line": 47,
          "column": 1
        }
      },
      "27": {
        "start": {
          "line": 45,
          "column": 2
        },
        "end": {
          "line": 45,
          "column": 39
        }
      },
      "28": {
        "start": {
          "line": 46,
          "column": 2
        },
        "end": {
          "line": 46,
          "column": 39
        }
      },
      "29": {
        "start": {
          "line": 48,
          "column": 0
        },
        "end": {
          "line": 57,
          "column": 1
        }
      },
      "30": {
        "start": {
          "line": 49,
          "column": 2
        },
        "end": {
          "line": 56,
          "column": 5
        }
      },
      "31": {
        "start": {
          "line": 50,
          "column": 4
        },
        "end": {
          "line": 50,
          "column": 153
        }
      },
      "32": {
        "start": {
          "line": 51,
          "column": 4
        },
        "end": {
          "line": 55,
          "column": 7
        }
      },
      "33": {
        "start": {
          "line": 52,
          "column": 6
        },
        "end": {
          "line": 52,
          "column": 31
        }
      },
      "34": {
        "start": {
          "line": 52,
          "column": 24
        },
        "end": {
          "line": 52,
          "column": 31
        }
      },
      "35": {
        "start": {
          "line": 53,
          "column": 32
        },
        "end": {
          "line": 53,
          "column": 202
        }
      },
      "36": {
        "start": {
          "line": 54,
          "column": 6
        },
        "end": {
          "line": 54,
          "column": 75
        }
      },
      "37": {
        "start": {
          "line": 54,
          "column": 29
        },
        "end": {
          "line": 54,
          "column": 75
        }
      }
    },
    "fnMap": {
      "0": {
        "name": "(anonymous_0)",
        "decl": {
          "start": {
            "line": 20,
            "column": 28
          },
          "end": {
            "line": 20,
            "column": 29
          }
        },
        "loc": {
          "start": {
            "line": 20,
            "column": 46
          },
          "end": {
            "line": 34,
            "column": 1
          }
        },
        "line": 20
      },
      "1": {
        "name": "(anonymous_1)",
        "decl": {
          "start": {
            "line": 23,
            "column": 16
          },
          "end": {
            "line": 23,
            "column": 17
          }
        },
        "loc": {
          "start": {
            "line": 23,
            "column": 26
          },
          "end": {
            "line": 25,
            "column": 3
          }
        },
        "line": 23
      },
      "2": {
        "name": "(anonymous_2)",
        "decl": {
          "start": {
            "line": 26,
            "column": 17
          },
          "end": {
            "line": 26,
            "column": 18
          }
        },
        "loc": {
          "start": {
            "line": 26,
            "column": 23
          },
          "end": {
            "line": 28,
            "column": 3
          }
        },
        "line": 26
      },
      "3": {
        "name": "(anonymous_3)",
        "decl": {
          "start": {
            "line": 37,
            "column": 23
          },
          "end": {
            "line": 37,
            "column": 24
          }
        },
        "loc": {
          "start": {
            "line": 37,
            "column": 29
          },
          "end": {
            "line": 40,
            "column": 1
          }
        },
        "line": 37
      },
      "4": {
        "name": "(anonymous_4)",
        "decl": {
          "start": {
            "line": 49,
            "column": 52
          },
          "end": {
            "line": 49,
            "column": 53
          }
        },
        "loc": {
          "start": {
            "line": 49,
            "column": 72
          },
          "end": {
            "line": 56,
            "column": 3
          }
        },
        "line": 49
      },
      "5": {
        "name": "(anonymous_5)",
        "decl": {
          "start": {
            "line": 51,
            "column": 27
          },
          "end": {
            "line": 51,
            "column": 28
          }
        },
        "loc": {
          "start": {
            "line": 51,
            "column": 44
          },
          "end": {
            "line": 55,
            "column": 5
          }
        },
        "line": 51
      }
    },
    "branchMap": {
      "0": {
        "loc": {
          "start": {
            "line": 3,
            "column": 20
          },
          "end": {
            "line": 3,
            "column": 97
          }
        },
        "type": "binary-expr",
        "locations": [
          {
            "start": {
              "line": 3,
              "column": 20
            },
            "end": {
              "line": 3,
              "column": 60
            }
          },
          {
            "start": {
              "line": 3,
              "column": 64
            },
            "end": {
              "line": 3,
              "column": 97
            }
          }
        ],
        "line": 3
      },
      "1": {
        "loc": {
          "start": {
            "line": 6,
            "column": 0
          },
          "end": {
            "line": 16,
            "column": 1
          }
        },
        "type": "if",
        "locations": [
          {
            "start": {
              "line": 6,
              "column": 0
            },
            "end": {
              "line": 16,
              "column": 1
            }
          },
          {
            "start": {},
            "end": {}
          }
        ],
        "line": 6
      },
      "2": {
        "loc": {
          "start": {
            "line": 6,
            "column": 4
          },
          "end": {
            "line": 6,
            "column": 35
          }
        },
        "type": "binary-expr",
        "locations": [
          {
            "start": {
              "line": 6,
              "column": 4
            },
            "end": {
              "line": 6,
              "column": 19
            }
          },
          {
            "start": {
              "line": 6,
              "column": 23
            },
            "end": {
              "line": 6,
              "column": 35
            }
          }
        ],
        "line": 6
      },
      "3": {
        "loc": {
          "start": {
            "line": 7,
            "column": 2
          },
          "end": {
            "line": 11,
            "column": 3
          }
        },
        "type": "if",
        "locations": [
          {
            "start": {
              "line": 7,
              "column": 2
            },
            "end": {
              "line": 11,
              "column": 3
            }
          },
          {
            "start": {},
            "end": {}
          }
        ],
        "line": 7
      },
      "4": {
        "loc": {
          "start": {
            "line": 44,
            "column": 0
          },
          "end": {
            "line": 47,
            "column": 1
          }
        },
        "type": "if",
        "locations": [
          {
            "start": {
              "line": 44,
              "column": 0
            },
            "end": {
              "line": 47,
              "column": 1
            }
          },
          {
            "start": {},
            "end": {}
          }
        ],
        "line": 44
      },
      "5": {
        "loc": {
          "start": {
            "line": 44,
            "column": 4
          },
          "end": {
            "line": 44,
            "column": 35
          }
        },
        "type": "binary-expr",
        "locations": [
          {
            "start": {
              "line": 44,
              "column": 4
            },
            "end": {
              "line": 44,
              "column": 19
            }
          },
          {
            "start": {
              "line": 44,
              "column": 23
            },
            "end": {
              "line": 44,
              "column": 35
            }
          }
        ],
        "line": 44
      },
      "6": {
        "loc": {
          "start": {
            "line": 48,
            "column": 0
          },
          "end": {
            "line": 57,
            "column": 1
          }
        },
        "type": "if",
        "locations": [
          {
            "start": {
              "line": 48,
              "column": 0
            },
            "end": {
              "line": 57,
              "column": 1
            }
          },
          {
            "start": {},
            "end": {}
          }
        ],
        "line": 48
      },
      "7": {
        "loc": {
          "start": {
            "line": 48,
            "column": 4
          },
          "end": {
            "line": 48,
            "column": 35
          }
        },
        "type": "binary-expr",
        "locations": [
          {
            "start": {
              "line": 48,
              "column": 4
            },
            "end": {
              "line": 48,
              "column": 19
            }
          },
          {
            "start": {
              "line": 48,
              "column": 23
            },
            "end": {
              "line": 48,
              "column": 35
            }
          }
        ],
        "line": 48
      },
      "8": {
        "loc": {
          "start": {
            "line": 52,
            "column": 6
          },
          "end": {
            "line": 52,
            "column": 31
          }
        },
        "type": "if",
        "locations": [
          {
            "start": {
              "line": 52,
              "column": 6
            },
            "end": {
              "line": 52,
              "column": 31
            }
          },
          {
            "start": {},
            "end": {}
          }
        ],
        "line": 52
      },
      "9": {
        "loc": {
          "start": {
            "line": 54,
            "column": 6
          },
          "end": {
            "line": 54,
            "column": 75
          }
        },
        "type": "if",
        "locations": [
          {
            "start": {
              "line": 54,
              "column": 6
            },
            "end": {
              "line": 54,
              "column": 75
            }
          },
          {
            "start": {},
            "end": {}
          }
        ],
        "line": 54
      }
    },
    "s": {
      "0": 1,
      "1": 1,
      "2": 1,
      "3": 0,
      "4": 1,
      "5": 1,
      "6": 1,
      "7": 1,
      "8": 1,
      "9": 1,
      "10": 1,
      "11": 1,
      "12": 4,
      "13": 4,
      "14": 4,
      "15": 1,
      "16": 4,
      "17": 0,
      "18": 4,
      "19": 1,
      "20": 1,
      "21": 1,
      "22": 54,
      "23": 54,
      "24": 1,
      "25": 1,
      "26": 1,
      "27": 1,
      "28": 1,
      "29": 1,
      "30": 1,
      "31": 1,
      "32": 1,
      "33": 0,
      "34": 0,
      "35": 0,
      "36": 0,
      "37": 0
    },
    "f": {
      "0": 4,
      "1": 1,
      "2": 0,
      "3": 54,
      "4": 1,
      "5": 0
    },
    "b": {
      "0": [
        1,
        0
      ],
      "1": [
        1,
        0
      ],
      "2": [
        1,
        1
      ],
      "3": [
        0,
        1
      ],
      "4": [
        1,
        0
      ],
      "5": [
        1,
        1
      ],
      "6": [
        1,
        0
      ],
      "7": [
        1,
        1
      ],
      "8": [
        0,
        0
      ],
      "9": [
        0,
        0
      ]
    },
    "inputSourceMap": {
      "version": 3,
      "mappings": "AAgBI;;;;;;;;;;;;;;;;;AAhBJ,SAASA,eAAeC,YAAYC,gBAAgB;AAEpD,MAAMC,cAAcH,cAAc;AAE3B,aAAMI,eAAeA,CAAC,EAAEC,SAAS,MAAM;AAAAC,KAAA;AAC5C,QAAM,CAACC,UAAUC,WAAW,IAAIN,SAAS,IAAI;AAE7C,QAAMO,QAAQA,CAACC,SAAS;AACtBF,gBAAYE,IAAI;AAAA,EAClB;AAEA,QAAMC,SAASA,MAAM;AACnBH,gBAAY,IAAI;AAAA,EAClB;AAEA,SACE,uBAAC,YAAY,UAAZ,EAAqB,OAAO,EAAED,UAAUE,OAAOE,OAAO,GACpDN,YADH;AAAA;AAAA;AAAA;AAAA,SAEA;AAEJ;AAAEC,GAhBWF,cAAY;AAAAQ,KAAZR;AAkBN,aAAMS,UAAUA,MAAA;AAAAC,MAAA;AAAA,SAAMb,WAAWE,WAAW;AAAC;AAACW,IAAxCD,SAAO;AAAA,IAAAD;AAAAG,aAAAH,IAAA",
      "names": [
        "createContext",
        "useContext",
        "useState",
        "AuthContext",
        "AuthProvider",
        "children",
        "_s",
        "authData",
        "setAuthData",
        "login",
        "data",
        "logout",
        "_c",
        "useAuth",
        "_s2",
        "$RefreshReg$"
      ],
      "ignoreList": [],
      "sources": [
        "/Users/umar/manufind-1/manufind/frontend/src/Components/AuthContext/AuthContext.jsx"
      ],
      "file": "/Users/umar/manufind-1/manufind/frontend/src/Components/AuthContext/AuthContext.jsx"
    },
    "_coverageSchema": "1a1c01bbd47fc00a2c39e90264f33305004495a9",
    "hash": "d2d8435eb94fe60c7881f4a38a8436848de1c6ca"
  },
  "/Users/umar/manufind-1/manufind/frontend/src/Components/Header/Header.jsx": {
    "path": "/Users/umar/manufind-1/manufind/frontend/src/Components/Header/Header.jsx",
    "statementMap": {
      "0": {
        "start": {
          "line": 3,
          "column": 20
        },
        "end": {
          "line": 3,
          "column": 97
        }
      },
      "1": {
        "start": {
          "line": 6,
          "column": 0
        },
        "end": {
          "line": 16,
          "column": 1
        }
      },
      "2": {
        "start": {
          "line": 7,
          "column": 2
        },
        "end": {
          "line": 11,
          "column": 3
        }
      },
      "3": {
        "start": {
          "line": 8,
          "column": 4
        },
        "end": {
          "line": 10,
          "column": 6
        }
      },
      "4": {
        "start": {
          "line": 12,
          "column": 2
        },
        "end": {
          "line": 12,
          "column": 39
        }
      },
      "5": {
        "start": {
          "line": 13,
          "column": 2
        },
        "end": {
          "line": 13,
          "column": 39
        }
      },
      "6": {
        "start": {
          "line": 14,
          "column": 2
        },
        "end": {
          "line": 14,
          "column": 130
        }
      },
      "7": {
        "start": {
          "line": 15,
          "column": 2
        },
        "end": {
          "line": 15,
          "column": 75
        }
      },
      "8": {
        "start": {
          "line": 17,
          "column": 9
        },
        "end": {
          "line": 17,
          "column": 23
        }
      },
      "9": {
        "start": {
          "line": 22,
          "column": 15
        },
        "end": {
          "line": 126,
          "column": 1
        }
      },
      "10": {
        "start": {
          "line": 23,
          "column": 2
        },
        "end": {
          "line": 23,
          "column": 7
        }
      },
      "11": {
        "start": {
          "line": 24,
          "column": 31
        },
        "end": {
          "line": 24,
          "column": 40
        }
      },
      "12": {
        "start": {
          "line": 25,
          "column": 23
        },
        "end": {
          "line": 27,
          "column": 3
        }
      },
      "13": {
        "start": {
          "line": 26,
          "column": 4
        },
        "end": {
          "line": 26,
          "column": 13
        }
      },
      "14": {
        "start": {
          "line": 28,
          "column": 2
        },
        "end": {
          "line": 125,
          "column": 11
        }
      },
      "15": {
        "start": {
          "line": 127,
          "column": 0
        },
        "end": {
          "line": 129,
          "column": 3
        }
      },
      "16": {
        "start": {
          "line": 128,
          "column": 2
        },
        "end": {
          "line": 128,
          "column": 19
        }
      },
      "17": {
        "start": {
          "line": 130,
          "column": 0
        },
        "end": {
          "line": 130,
          "column": 12
        }
      },
      "18": {
        "start": {
          "line": 133,
          "column": 0
        },
        "end": {
          "line": 133,
          "column": 27
        }
      },
      "19": {
        "start": {
          "line": 134,
          "column": 0
        },
        "end": {
          "line": 137,
          "column": 1
        }
      },
      "20": {
        "start": {
          "line": 135,
          "column": 2
        },
        "end": {
          "line": 135,
          "column": 39
        }
      },
      "21": {
        "start": {
          "line": 136,
          "column": 2
        },
        "end": {
          "line": 136,
          "column": 39
        }
      },
      "22": {
        "start": {
          "line": 138,
          "column": 0
        },
        "end": {
          "line": 147,
          "column": 1
        }
      },
      "23": {
        "start": {
          "line": 139,
          "column": 2
        },
        "end": {
          "line": 146,
          "column": 5
        }
      },
      "24": {
        "start": {
          "line": 140,
          "column": 4
        },
        "end": {
          "line": 140,
          "column": 143
        }
      },
      "25": {
        "start": {
          "line": 141,
          "column": 4
        },
        "end": {
          "line": 145,
          "column": 7
        }
      },
      "26": {
        "start": {
          "line": 142,
          "column": 6
        },
        "end": {
          "line": 142,
          "column": 31
        }
      },
      "27": {
        "start": {
          "line": 142,
          "column": 24
        },
        "end": {
          "line": 142,
          "column": 31
        }
      },
      "28": {
        "start": {
          "line": 143,
          "column": 32
        },
        "end": {
          "line": 143,
          "column": 192
        }
      },
      "29": {
        "start": {
          "line": 144,
          "column": 6
        },
        "end": {
          "line": 144,
          "column": 75
        }
      },
      "30": {
        "start": {
          "line": 144,
          "column": 29
        },
        "end": {
          "line": 144,
          "column": 75
        }
      }
    },
    "fnMap": {
      "0": {
        "name": "(anonymous_0)",
        "decl": {
          "start": {
            "line": 22,
            "column": 15
          },
          "end": {
            "line": 22,
            "column": 16
          }
        },
        "loc": {
          "start": {
            "line": 22,
            "column": 21
          },
          "end": {
            "line": 126,
            "column": 1
          }
        },
        "line": 22
      },
      "1": {
        "name": "(anonymous_1)",
        "decl": {
          "start": {
            "line": 25,
            "column": 23
          },
          "end": {
            "line": 25,
            "column": 24
          }
        },
        "loc": {
          "start": {
            "line": 25,
            "column": 29
          },
          "end": {
            "line": 27,
            "column": 3
          }
        },
        "line": 25
      },
      "2": {
        "name": "(anonymous_2)",
        "decl": {
          "start": {
            "line": 127,
            "column": 50
          },
          "end": {
            "line": 127,
            "column": 51
          }
        },
        "loc": {
          "start": {
            "line": 127,
            "column": 61
          },
          "end": {
            "line": 129,
            "column": 1
          }
        },
        "line": 127
      },
      "3": {
        "name": "(anonymous_3)",
        "decl": {
          "start": {
            "line": 139,
            "column": 52
          },
          "end": {
            "line": 139,
            "column": 53
          }
        },
        "loc": {
          "start": {
            "line": 139,
            "column": 72
          },
          "end": {
            "line": 146,
            "column": 3
          }
        },
        "line": 139
      },
      "4": {
        "name": "(anonymous_4)",
        "decl": {
          "start": {
            "line": 141,
            "column": 27
          },
          "end": {
            "line": 141,
            "column": 28
          }
        },
        "loc": {
          "start": {
            "line": 141,
            "column": 44
          },
          "end": {
            "line": 145,
            "column": 5
          }
        },
        "line": 141
      }
    },
    "branchMap": {
      "0": {
        "loc": {
          "start": {
            "line": 3,
            "column": 20
          },
          "end": {
            "line": 3,
            "column": 97
          }
        },
        "type": "binary-expr",
        "locations": [
          {
            "start": {
              "line": 3,
              "column": 20
            },
            "end": {
              "line": 3,
              "column": 60
            }
          },
          {
            "start": {
              "line": 3,
              "column": 64
            },
            "end": {
              "line": 3,
              "column": 97
            }
          }
        ],
        "line": 3
      },
      "1": {
        "loc": {
          "start": {
            "line": 6,
            "column": 0
          },
          "end": {
            "line": 16,
            "column": 1
          }
        },
        "type": "if",
        "locations": [
          {
            "start": {
              "line": 6,
              "column": 0
            },
            "end": {
              "line": 16,
              "column": 1
            }
          },
          {
            "start": {},
            "end": {}
          }
        ],
        "line": 6
      },
      "2": {
        "loc": {
          "start": {
            "line": 6,
            "column": 4
          },
          "end": {
            "line": 6,
            "column": 35
          }
        },
        "type": "binary-expr",
        "locations": [
          {
            "start": {
              "line": 6,
              "column": 4
            },
            "end": {
              "line": 6,
              "column": 19
            }
          },
          {
            "start": {
              "line": 6,
              "column": 23
            },
            "end": {
              "line": 6,
              "column": 35
            }
          }
        ],
        "line": 6
      },
      "3": {
        "loc": {
          "start": {
            "line": 7,
            "column": 2
          },
          "end": {
            "line": 11,
            "column": 3
          }
        },
        "type": "if",
        "locations": [
          {
            "start": {
              "line": 7,
              "column": 2
            },
            "end": {
              "line": 11,
              "column": 3
            }
          },
          {
            "start": {},
            "end": {}
          }
        ],
        "line": 7
      },
      "4": {
        "loc": {
          "start": {
            "line": 61,
            "column": 6
          },
          "end": {
            "line": 65,
            "column": 14
          }
        },
        "type": "binary-expr",
        "locations": [
          {
            "start": {
              "line": 61,
              "column": 6
            },
            "end": {
              "line": 61,
              "column": 14
            }
          },
          {
            "start": {
              "line": 61,
              "column": 18
            },
            "end": {
              "line": 61,
              "column": 54
            }
          },
          {
            "start": {
              "line": 61,
              "column": 74
            },
            "end": {
              "line": 65,
              "column": 14
            }
          }
        ],
        "line": 61
      },
      "5": {
        "loc": {
          "start": {
            "line": 66,
            "column": 6
          },
          "end": {
            "line": 70,
            "column": 14
          }
        },
        "type": "binary-expr",
        "locations": [
          {
            "start": {
              "line": 66,
              "column": 6
            },
            "end": {
              "line": 66,
              "column": 14
            }
          },
          {
            "start": {
              "line": 66,
              "column": 18
            },
            "end": {
              "line": 66,
              "column": 49
            }
          },
          {
            "start": {
              "line": 66,
              "column": 69
            },
            "end": {
              "line": 70,
              "column": 14
            }
          }
        ],
        "line": 66
      },
      "6": {
        "loc": {
          "start": {
            "line": 76,
            "column": 74
          },
          "end": {
            "line": 116,
            "column": 12
          }
        },
        "type": "cond-expr",
        "locations": [
          {
            "start": {
              "line": 76,
              "column": 101
            },
            "end": {
              "line": 101,
              "column": 12
            }
          },
          {
            "start": {
              "line": 101,
              "column": 31
            },
            "end": {
              "line": 116,
              "column": 12
            }
          }
        ],
        "line": 76
      },
      "7": {
        "loc": {
          "start": {
            "line": 80,
            "column": 14
          },
          "end": {
            "line": 80,
            "column": 83
          }
        },
        "type": "cond-expr",
        "locations": [
          {
            "start": {
              "line": 80,
              "column": 48
            },
            "end": {
              "line": 80,
              "column": 65
            }
          },
          {
            "start": {
              "line": 80,
              "column": 68
            },
            "end": {
              "line": 80,
              "column": 83
            }
          }
        ],
        "line": 80
      },
      "8": {
        "loc": {
          "start": {
            "line": 134,
            "column": 0
          },
          "end": {
            "line": 137,
            "column": 1
          }
        },
        "type": "if",
        "locations": [
          {
            "start": {
              "line": 134,
              "column": 0
            },
            "end": {
              "line": 137,
              "column": 1
            }
          },
          {
            "start": {},
            "end": {}
          }
        ],
        "line": 134
      },
      "9": {
        "loc": {
          "start": {
            "line": 134,
            "column": 4
          },
          "end": {
            "line": 134,
            "column": 35
          }
        },
        "type": "binary-expr",
        "locations": [
          {
            "start": {
              "line": 134,
              "column": 4
            },
            "end": {
              "line": 134,
              "column": 19
            }
          },
          {
            "start": {
              "line": 134,
              "column": 23
            },
            "end": {
              "line": 134,
              "column": 35
            }
          }
        ],
        "line": 134
      },
      "10": {
        "loc": {
          "start": {
            "line": 138,
            "column": 0
          },
          "end": {
            "line": 147,
            "column": 1
          }
        },
        "type": "if",
        "locations": [
          {
            "start": {
              "line": 138,
              "column": 0
            },
            "end": {
              "line": 147,
              "column": 1
            }
          },
          {
            "start": {},
            "end": {}
          }
        ],
        "line": 138
      },
      "11": {
        "loc": {
          "start": {
            "line": 138,
            "column": 4
          },
          "end": {
            "line": 138,
            "column": 35
          }
        },
        "type": "binary-expr",
        "locations": [
          {
            "start": {
              "line": 138,
              "column": 4
            },
            "end": {
              "line": 138,
              "column": 19
            }
          },
          {
            "start": {
              "line": 138,
              "column": 23
            },
            "end": {
              "line": 138,
              "column": 35
            }
          }
        ],
        "line": 138
      },
      "12": {
        "loc": {
          "start": {
            "line": 142,
            "column": 6
          },
          "end": {
            "line": 142,
            "column": 31
          }
        },
        "type": "if",
        "locations": [
          {
            "start": {
              "line": 142,
              "column": 6
            },
            "end": {
              "line": 142,
              "column": 31
            }
          },
          {
            "start": {},
            "end": {}
          }
        ],
        "line": 142
      },
      "13": {
        "loc": {
          "start": {
            "line": 144,
            "column": 6
          },
          "end": {
            "line": 144,
            "column": 75
          }
        },
        "type": "if",
        "locations": [
          {
            "start": {
              "line": 144,
              "column": 6
            },
            "end": {
              "line": 144,
              "column": 75
            }
          },
          {
            "start": {},
            "end": {}
          }
        ],
        "line": 144
      }
    },
    "s": {
      "0": 1,
      "1": 1,
      "2": 1,
      "3": 0,
      "4": 1,
      "5": 1,
      "6": 1,
      "7": 1,
      "8": 1,
      "9": 1,
      "10": 4,
      "11": 4,
      "12": 4,
      "13": 0,
      "14": 4,
      "15": 1,
      "16": 1,
      "17": 1,
      "18": 1,
      "19": 1,
      "20": 1,
      "21": 1,
      "22": 1,
      "23": 1,
      "24": 1,
      "25": 1,
      "26": 0,
      "27": 0,
      "28": 0,
      "29": 0,
      "30": 0
    },
    "f": {
      "0": 4,
      "1": 0,
      "2": 1,
      "3": 1,
      "4": 0
    },
    "b": {
      "0": [
        1,
        0
      ],
      "1": [
        1,
        0
      ],
      "2": [
        1,
        1
      ],
      "3": [
        0,
        1
      ],
      "4": [
        4,
        2,
        0
      ],
      "5": [
        4,
        2,
        2
      ],
      "6": [
        2,
        2
      ],
      "7": [
        2,
        0
      ],
      "8": [
        1,
        0
      ],
      "9": [
        1,
        1
      ],
      "10": [
        1,
        0
      ],
      "11": [
        1,
        1
      ],
      "12": [
        0,
        0
      ],
      "13": [
        0,
        0
      ]
    },
    "inputSourceMap": {
      "version": 3,
      "mappings": "AAeQ,SAoBE,UApBF;;;;;;;;;;;;;;;;;AAfR,OAAO;AACP,SAASA,eAAe;AACxB,OAAOC,UAAU;AACjB,SAASC,eAAe;AAExB,MAAMC,SAASA,MAAM;AAAAC,KAAA;AACnB,QAAM,EAAEC,UAAUC,OAAO,IAAIJ,QAAQ;AAErC,QAAMK,eAAeA,MAAM;AACzBD,WAAO;AAAA,EACT;AAEA,SACE,uBAAC,SAAI,WAAU,UACb;AAAA,2BAAC,SAAI,WAAU,SACb;AAAA,6BAAC,SAAI,KAAKL,MAAM,KAAI,iBAAgB,WAAU,iBAA9C;AAAA;AAAA;AAAA;AAAA,aAA2D;AAAA,MAC3D,uBAAC,WAAQ,IAAI,KAAI,wBAAjB;AAAA;AAAA;AAAA;AAAA,aAEN;AAAA,SAJI;AAAA;AAAA;AAAA;AAAA,WAKA;AAAA,IACA,uBAAC,SAAI,WAAU,aAEnB;AAAA,6BAAC,WAAQ,IAAI,UAAU,wBAAvB;AAAA;AAAA;AAAA;AAAA,aAA+B;AAAA,MAC/B,uBAAC,WAAQ,IAAI,YAAY,uBAAzB;AAAA;AAAA;AAAA;AAAA,aAAgC;AAAA,MAChC,uBAAC,WAAQ,IAAI,aAAa,wBAA1B;AAAA;AAAA;AAAA;AAAA,aAAkC;AAAA,MACjCI,YAAYA,SAASG,KAAKC,SAAS,iBAClC,uBAAC,WAAQ,IAAI,QAAQ,mBAArB;AAAA;AAAA;AAAA;AAAA,aAAwB;AAAA,MAEzBJ,YAAYA,SAASG,KAAKC,SAAS,YAClC,uBAAC,WAAQ,IAAI,oBAAoB,uBAAjC;AAAA;AAAA;AAAA;AAAA,aAAwC;AAAA,SATtC;AAAA;AAAA;AAAA;AAAA,WAWN;AAAA,IAEM,uBAAC,SAAI,WAAU,iBACZJ,qBACC,mCACE;AAAA;AAAA,QAAC;AAAA;AAAA,UACC,IACEA,SAASG,KAAKC,SAAS,WACnB,oBACA;AAAA,UACL;AAAA;AAAA,QALH;AAAA;AAAA;AAAA;AAAA;AAAA;AAAA;AAAA;AAAA,MAQA;AAAA,MACA,uBAAC,YAAO,SAASF,cAAc,WAAU,cAAY,2BAArD;AAAA;AAAA;AAAA;AAAA,aAEA;AAAA,SAZF;AAAA;AAAA;AAAA;AAAA,WAaA,IAEA,mCACE;AAAA,6BAAC,WAAQ,IAAI,UAAU,yBAAvB;AAAA;AAAA;AAAA;AAAA,aAAgC;AAAA,MAChC,uBAAC,WAAQ,IAAI,WAAW,2BAAxB;AAAA;AAAA;AAAA;AAAA,aAAmC;AAAA,SAFrC;AAAA;AAAA;AAAA;AAAA,WAGA,KApBJ;AAAA;AAAA;AAAA;AAAA,WAsBA;AAAA,OA1CF;AAAA;AAAA;AAAA;AAAA,SA2CA;AAEJ;AAAEH,GArDID,QAAM;AAAA,UACmBD,OAAO;AAAA;AAAAQ,KADhCP;AAuDN,eAAeA;AAAO,IAAAO;AAAAC,aAAAD,IAAA",
      "names": [
        "NavLink",
        "logo",
        "useAuth",
        "Header",
        "_s",
        "authData",
        "logout",
        "handleLogout",
        "user",
        "role",
        "_c",
        "$RefreshReg$"
      ],
      "ignoreList": [],
      "sources": [
        "/Users/umar/manufind-1/manufind/frontend/src/Components/Header/Header.jsx"
      ],
      "file": "/Users/umar/manufind-1/manufind/frontend/src/Components/Header/Header.jsx"
    },
    "_coverageSchema": "1a1c01bbd47fc00a2c39e90264f33305004495a9",
    "hash": "975c13d11187a82febdc737005ded0ad18df70c8"
  },
  "/Users/umar/manufind-1/manufind/frontend/src/Components/RootLayout/RootLayout.jsx": {
    "path": "/Users/umar/manufind-1/manufind/frontend/src/Components/RootLayout/RootLayout.jsx",
    "statementMap": {
      "0": {
        "start": {
          "line": 3,
          "column": 20
        },
        "end": {
          "line": 3,
          "column": 97
        }
      },
      "1": {
        "start": {
          "line": 6,
          "column": 0
        },
        "end": {
          "line": 16,
          "column": 1
        }
      },
      "2": {
        "start": {
          "line": 7,
          "column": 2
        },
        "end": {
          "line": 11,
          "column": 3
        }
      },
      "3": {
        "start": {
          "line": 8,
          "column": 4
        },
        "end": {
          "line": 10,
          "column": 6
        }
      },
      "4": {
        "start": {
          "line": 12,
          "column": 2
        },
        "end": {
          "line": 12,
          "column": 39
        }
      },
      "5": {
        "start": {
          "line": 13,
          "column": 2
        },
        "end": {
          "line": 13,
          "column": 39
        }
      },
      "6": {
        "start": {
          "line": 14,
          "column": 2
        },
        "end": {
          "line": 14,
          "column": 138
        }
      },
      "7": {
        "start": {
          "line": 15,
          "column": 2
        },
        "end": {
          "line": 15,
          "column": 75
        }
      },
      "8": {
        "start": {
          "line": 21,
          "column": 19
        },
        "end": {
          "line": 42,
          "column": 1
        }
      },
      "9": {
        "start": {
          "line": 22,
          "column": 2
        },
        "end": {
          "line": 41,
          "column": 11
        }
      },
      "10": {
        "start": {
          "line": 43,
          "column": 0
        },
        "end": {
          "line": 43,
          "column": 16
        }
      },
      "11": {
        "start": {
          "line": 46,
          "column": 0
        },
        "end": {
          "line": 46,
          "column": 31
        }
      },
      "12": {
        "start": {
          "line": 47,
          "column": 0
        },
        "end": {
          "line": 50,
          "column": 1
        }
      },
      "13": {
        "start": {
          "line": 48,
          "column": 2
        },
        "end": {
          "line": 48,
          "column": 39
        }
      },
      "14": {
        "start": {
          "line": 49,
          "column": 2
        },
        "end": {
          "line": 49,
          "column": 39
        }
      },
      "15": {
        "start": {
          "line": 51,
          "column": 0
        },
        "end": {
          "line": 60,
          "column": 1
        }
      },
      "16": {
        "start": {
          "line": 52,
          "column": 2
        },
        "end": {
          "line": 59,
          "column": 5
        }
      },
      "17": {
        "start": {
          "line": 53,
          "column": 4
        },
        "end": {
          "line": 53,
          "column": 151
        }
      },
      "18": {
        "start": {
          "line": 54,
          "column": 4
        },
        "end": {
          "line": 58,
          "column": 7
        }
      },
      "19": {
        "start": {
          "line": 55,
          "column": 6
        },
        "end": {
          "line": 55,
          "column": 31
        }
      },
      "20": {
        "start": {
          "line": 55,
          "column": 24
        },
        "end": {
          "line": 55,
          "column": 31
        }
      },
      "21": {
        "start": {
          "line": 56,
          "column": 32
        },
        "end": {
          "line": 56,
          "column": 200
        }
      },
      "22": {
        "start": {
          "line": 57,
          "column": 6
        },
        "end": {
          "line": 57,
          "column": 75
        }
      },
      "23": {
        "start": {
          "line": 57,
          "column": 29
        },
        "end": {
          "line": 57,
          "column": 75
        }
      }
    },
    "fnMap": {
      "0": {
        "name": "(anonymous_0)",
        "decl": {
          "start": {
            "line": 21,
            "column": 19
          },
          "end": {
            "line": 21,
            "column": 20
          }
        },
        "loc": {
          "start": {
            "line": 21,
            "column": 25
          },
          "end": {
            "line": 42,
            "column": 1
          }
        },
        "line": 21
      },
      "1": {
        "name": "(anonymous_1)",
        "decl": {
          "start": {
            "line": 52,
            "column": 52
          },
          "end": {
            "line": 52,
            "column": 53
          }
        },
        "loc": {
          "start": {
            "line": 52,
            "column": 72
          },
          "end": {
            "line": 59,
            "column": 3
          }
        },
        "line": 52
      },
      "2": {
        "name": "(anonymous_2)",
        "decl": {
          "start": {
            "line": 54,
            "column": 27
          },
          "end": {
            "line": 54,
            "column": 28
          }
        },
        "loc": {
          "start": {
            "line": 54,
            "column": 44
          },
          "end": {
            "line": 58,
            "column": 5
          }
        },
        "line": 54
      }
    },
    "branchMap": {
      "0": {
        "loc": {
          "start": {
            "line": 3,
            "column": 20
          },
          "end": {
            "line": 3,
            "column": 97
          }
        },
        "type": "binary-expr",
        "locations": [
          {
            "start": {
              "line": 3,
              "column": 20
            },
            "end": {
              "line": 3,
              "column": 60
            }
          },
          {
            "start": {
              "line": 3,
              "column": 64
            },
            "end": {
              "line": 3,
              "column": 97
            }
          }
        ],
        "line": 3
      },
      "1": {
        "loc": {
          "start": {
            "line": 6,
            "column": 0
          },
          "end": {
            "line": 16,
            "column": 1
          }
        },
        "type": "if",
        "locations": [
          {
            "start": {
              "line": 6,
              "column": 0
            },
            "end": {
              "line": 16,
              "column": 1
            }
          },
          {
            "start": {},
            "end": {}
          }
        ],
        "line": 6
      },
      "2": {
        "loc": {
          "start": {
            "line": 6,
            "column": 4
          },
          "end": {
            "line": 6,
            "column": 35
          }
        },
        "type": "binary-expr",
        "locations": [
          {
            "start": {
              "line": 6,
              "column": 4
            },
            "end": {
              "line": 6,
              "column": 19
            }
          },
          {
            "start": {
              "line": 6,
              "column": 23
            },
            "end": {
              "line": 6,
              "column": 35
            }
          }
        ],
        "line": 6
      },
      "3": {
        "loc": {
          "start": {
            "line": 7,
            "column": 2
          },
          "end": {
            "line": 11,
            "column": 3
          }
        },
        "type": "if",
        "locations": [
          {
            "start": {
              "line": 7,
              "column": 2
            },
            "end": {
              "line": 11,
              "column": 3
            }
          },
          {
            "start": {},
            "end": {}
          }
        ],
        "line": 7
      },
      "4": {
        "loc": {
          "start": {
            "line": 47,
            "column": 0
          },
          "end": {
            "line": 50,
            "column": 1
          }
        },
        "type": "if",
        "locations": [
          {
            "start": {
              "line": 47,
              "column": 0
            },
            "end": {
              "line": 50,
              "column": 1
            }
          },
          {
            "start": {},
            "end": {}
          }
        ],
        "line": 47
      },
      "5": {
        "loc": {
          "start": {
            "line": 47,
            "column": 4
          },
          "end": {
            "line": 47,
            "column": 35
          }
        },
        "type": "binary-expr",
        "locations": [
          {
            "start": {
              "line": 47,
              "column": 4
            },
            "end": {
              "line": 47,
              "column": 19
            }
          },
          {
            "start": {
              "line": 47,
              "column": 23
            },
            "end": {
              "line": 47,
              "column": 35
            }
          }
        ],
        "line": 47
      },
      "6": {
        "loc": {
          "start": {
            "line": 51,
            "column": 0
          },
          "end": {
            "line": 60,
            "column": 1
          }
        },
        "type": "if",
        "locations": [
          {
            "start": {
              "line": 51,
              "column": 0
            },
            "end": {
              "line": 60,
              "column": 1
            }
          },
          {
            "start": {},
            "end": {}
          }
        ],
        "line": 51
      },
      "7": {
        "loc": {
          "start": {
            "line": 51,
            "column": 4
          },
          "end": {
            "line": 51,
            "column": 35
          }
        },
        "type": "binary-expr",
        "locations": [
          {
            "start": {
              "line": 51,
              "column": 4
            },
            "end": {
              "line": 51,
              "column": 19
            }
          },
          {
            "start": {
              "line": 51,
              "column": 23
            },
            "end": {
              "line": 51,
              "column": 35
            }
          }
        ],
        "line": 51
      },
      "8": {
        "loc": {
          "start": {
            "line": 55,
            "column": 6
          },
          "end": {
            "line": 55,
            "column": 31
          }
        },
        "type": "if",
        "locations": [
          {
            "start": {
              "line": 55,
              "column": 6
            },
            "end": {
              "line": 55,
              "column": 31
            }
          },
          {
            "start": {},
            "end": {}
          }
        ],
        "line": 55
      },
      "9": {
        "loc": {
          "start": {
            "line": 57,
            "column": 6
          },
          "end": {
            "line": 57,
            "column": 75
          }
        },
        "type": "if",
        "locations": [
          {
            "start": {
              "line": 57,
              "column": 6
            },
            "end": {
              "line": 57,
              "column": 75
            }
          },
          {
            "start": {},
            "end": {}
          }
        ],
        "line": 57
      }
    },
    "s": {
      "0": 1,
      "1": 1,
      "2": 1,
      "3": 0,
      "4": 1,
      "5": 1,
      "6": 1,
      "7": 1,
      "8": 1,
      "9": 2,
      "10": 1,
      "11": 1,
      "12": 1,
      "13": 1,
      "14": 1,
      "15": 1,
      "16": 1,
      "17": 1,
      "18": 1,
      "19": 0,
      "20": 0,
      "21": 0,
      "22": 0,
      "23": 0
    },
    "f": {
      "0": 2,
      "1": 1,
      "2": 0
    },
    "b": {
      "0": [
        1,
        0
      ],
      "1": [
        1,
        0
      ],
      "2": [
        1,
        1
      ],
      "3": [
        0,
        1
      ],
      "4": [
        1,
        0
      ],
      "5": [
        1,
        1
      ],
      "6": [
        1,
        0
      ],
      "7": [
        1,
        1
      ],
      "8": [
        0,
        0
      ],
      "9": [
        0,
        0
      ]
    },
    "inputSourceMap": {
      "version": 3,
      "mappings": "AAQM;;;;;;;;;;;;;;;;AARN,OAAOA,WAAW;AAClB,OAAOC,YAAY;AACnB,SAASC,cAAc;AACvB,OAAO;AAEP,MAAMC,aAAaA,MAAM;AACvB,SACE,uBAAC,SAAI,WAAU,iBACb;AAAA,2BAAC,YAAD;AAAA;AAAA;AAAA;AAAA,WAAO;AAAA,IACP,uBAAC,UACC,iCAAC,YAAD;AAAA;AAAA;AAAA;AAAA,WAAO,KADT;AAAA;AAAA;AAAA;AAAA,WAEA;AAAA,OAJF;AAAA;AAAA;AAAA;AAAA,SAKA;AAEJ;AAAEC,KATID;AAWN,eAAeA;AAAW,IAAAC;AAAAC,aAAAD,IAAA",
      "names": [
        "React",
        "Header",
        "Outlet",
        "RootLayout",
        "_c",
        "$RefreshReg$"
      ],
      "ignoreList": [],
      "sources": [
        "/Users/umar/manufind-1/manufind/frontend/src/Components/RootLayout/RootLayout.jsx"
      ],
      "file": "/Users/umar/manufind-1/manufind/frontend/src/Components/RootLayout/RootLayout.jsx"
    },
    "_coverageSchema": "1a1c01bbd47fc00a2c39e90264f33305004495a9",
    "hash": "c9aee28fa00e7a54c83e56aacd74eb006ee3a4c9"
  },
  "/Users/umar/manufind-1/manufind/frontend/src/Components/SearchCard/SearchCard.jsx": {
    "path": "/Users/umar/manufind-1/manufind/frontend/src/Components/SearchCard/SearchCard.jsx",
    "statementMap": {
      "0": {
        "start": {
          "line": 3,
          "column": 20
        },
        "end": {
          "line": 3,
          "column": 97
        }
      },
      "1": {
        "start": {
          "line": 6,
          "column": 0
        },
        "end": {
          "line": 16,
          "column": 1
        }
      },
      "2": {
        "start": {
          "line": 7,
          "column": 2
        },
        "end": {
          "line": 11,
          "column": 3
        }
      },
      "3": {
        "start": {
          "line": 8,
          "column": 4
        },
        "end": {
          "line": 10,
          "column": 6
        }
      },
      "4": {
        "start": {
          "line": 12,
          "column": 2
        },
        "end": {
          "line": 12,
          "column": 39
        }
      },
      "5": {
        "start": {
          "line": 13,
          "column": 2
        },
        "end": {
          "line": 13,
          "column": 39
        }
      },
      "6": {
        "start": {
          "line": 14,
          "column": 2
        },
        "end": {
          "line": 14,
          "column": 138
        }
      },
      "7": {
        "start": {
          "line": 15,
          "column": 2
        },
        "end": {
          "line": 15,
          "column": 75
        }
      },
      "8": {
        "start": {
          "line": 18,
          "column": 19
        },
        "end": {
          "line": 51,
          "column": 1
        }
      },
      "9": {
        "start": {
          "line": 19,
          "column": 2
        },
        "end": {
          "line": 50,
          "column": 11
        }
      },
      "10": {
        "start": {
          "line": 52,
          "column": 0
        },
        "end": {
          "line": 52,
          "column": 16
        }
      },
      "11": {
        "start": {
          "line": 55,
          "column": 0
        },
        "end": {
          "line": 55,
          "column": 31
        }
      },
      "12": {
        "start": {
          "line": 56,
          "column": 0
        },
        "end": {
          "line": 59,
          "column": 1
        }
      },
      "13": {
        "start": {
          "line": 57,
          "column": 2
        },
        "end": {
          "line": 57,
          "column": 39
        }
      },
      "14": {
        "start": {
          "line": 58,
          "column": 2
        },
        "end": {
          "line": 58,
          "column": 39
        }
      },
      "15": {
        "start": {
          "line": 60,
          "column": 0
        },
        "end": {
          "line": 69,
          "column": 1
        }
      },
      "16": {
        "start": {
          "line": 61,
          "column": 2
        },
        "end": {
          "line": 68,
          "column": 5
        }
      },
      "17": {
        "start": {
          "line": 62,
          "column": 4
        },
        "end": {
          "line": 62,
          "column": 151
        }
      },
      "18": {
        "start": {
          "line": 63,
          "column": 4
        },
        "end": {
          "line": 67,
          "column": 7
        }
      },
      "19": {
        "start": {
          "line": 64,
          "column": 6
        },
        "end": {
          "line": 64,
          "column": 31
        }
      },
      "20": {
        "start": {
          "line": 64,
          "column": 24
        },
        "end": {
          "line": 64,
          "column": 31
        }
      },
      "21": {
        "start": {
          "line": 65,
          "column": 32
        },
        "end": {
          "line": 65,
          "column": 200
        }
      },
      "22": {
        "start": {
          "line": 66,
          "column": 6
        },
        "end": {
          "line": 66,
          "column": 75
        }
      },
      "23": {
        "start": {
          "line": 66,
          "column": 29
        },
        "end": {
          "line": 66,
          "column": 75
        }
      }
    },
    "fnMap": {
      "0": {
        "name": "(anonymous_0)",
        "decl": {
          "start": {
            "line": 18,
            "column": 19
          },
          "end": {
            "line": 18,
            "column": 20
          }
        },
        "loc": {
          "start": {
            "line": 18,
            "column": 25
          },
          "end": {
            "line": 51,
            "column": 1
          }
        },
        "line": 18
      },
      "1": {
        "name": "(anonymous_1)",
        "decl": {
          "start": {
            "line": 61,
            "column": 52
          },
          "end": {
            "line": 61,
            "column": 53
          }
        },
        "loc": {
          "start": {
            "line": 61,
            "column": 72
          },
          "end": {
            "line": 68,
            "column": 3
          }
        },
        "line": 61
      },
      "2": {
        "name": "(anonymous_2)",
        "decl": {
          "start": {
            "line": 63,
            "column": 27
          },
          "end": {
            "line": 63,
            "column": 28
          }
        },
        "loc": {
          "start": {
            "line": 63,
            "column": 44
          },
          "end": {
            "line": 67,
            "column": 5
          }
        },
        "line": 63
      }
    },
    "branchMap": {
      "0": {
        "loc": {
          "start": {
            "line": 3,
            "column": 20
          },
          "end": {
            "line": 3,
            "column": 97
          }
        },
        "type": "binary-expr",
        "locations": [
          {
            "start": {
              "line": 3,
              "column": 20
            },
            "end": {
              "line": 3,
              "column": 60
            }
          },
          {
            "start": {
              "line": 3,
              "column": 64
            },
            "end": {
              "line": 3,
              "column": 97
            }
          }
        ],
        "line": 3
      },
      "1": {
        "loc": {
          "start": {
            "line": 6,
            "column": 0
          },
          "end": {
            "line": 16,
            "column": 1
          }
        },
        "type": "if",
        "locations": [
          {
            "start": {
              "line": 6,
              "column": 0
            },
            "end": {
              "line": 16,
              "column": 1
            }
          },
          {
            "start": {},
            "end": {}
          }
        ],
        "line": 6
      },
      "2": {
        "loc": {
          "start": {
            "line": 6,
            "column": 4
          },
          "end": {
            "line": 6,
            "column": 35
          }
        },
        "type": "binary-expr",
        "locations": [
          {
            "start": {
              "line": 6,
              "column": 4
            },
            "end": {
              "line": 6,
              "column": 19
            }
          },
          {
            "start": {
              "line": 6,
              "column": 23
            },
            "end": {
              "line": 6,
              "column": 35
            }
          }
        ],
        "line": 6
      },
      "3": {
        "loc": {
          "start": {
            "line": 7,
            "column": 2
          },
          "end": {
            "line": 11,
            "column": 3
          }
        },
        "type": "if",
        "locations": [
          {
            "start": {
              "line": 7,
              "column": 2
            },
            "end": {
              "line": 11,
              "column": 3
            }
          },
          {
            "start": {},
            "end": {}
          }
        ],
        "line": 7
      },
      "4": {
        "loc": {
          "start": {
            "line": 56,
            "column": 0
          },
          "end": {
            "line": 59,
            "column": 1
          }
        },
        "type": "if",
        "locations": [
          {
            "start": {
              "line": 56,
              "column": 0
            },
            "end": {
              "line": 59,
              "column": 1
            }
          },
          {
            "start": {},
            "end": {}
          }
        ],
        "line": 56
      },
      "5": {
        "loc": {
          "start": {
            "line": 56,
            "column": 4
          },
          "end": {
            "line": 56,
            "column": 35
          }
        },
        "type": "binary-expr",
        "locations": [
          {
            "start": {
              "line": 56,
              "column": 4
            },
            "end": {
              "line": 56,
              "column": 19
            }
          },
          {
            "start": {
              "line": 56,
              "column": 23
            },
            "end": {
              "line": 56,
              "column": 35
            }
          }
        ],
        "line": 56
      },
      "6": {
        "loc": {
          "start": {
            "line": 60,
            "column": 0
          },
          "end": {
            "line": 69,
            "column": 1
          }
        },
        "type": "if",
        "locations": [
          {
            "start": {
              "line": 60,
              "column": 0
            },
            "end": {
              "line": 69,
              "column": 1
            }
          },
          {
            "start": {},
            "end": {}
          }
        ],
        "line": 60
      },
      "7": {
        "loc": {
          "start": {
            "line": 60,
            "column": 4
          },
          "end": {
            "line": 60,
            "column": 35
          }
        },
        "type": "binary-expr",
        "locations": [
          {
            "start": {
              "line": 60,
              "column": 4
            },
            "end": {
              "line": 60,
              "column": 19
            }
          },
          {
            "start": {
              "line": 60,
              "column": 23
            },
            "end": {
              "line": 60,
              "column": 35
            }
          }
        ],
        "line": 60
      },
      "8": {
        "loc": {
          "start": {
            "line": 64,
            "column": 6
          },
          "end": {
            "line": 64,
            "column": 31
          }
        },
        "type": "if",
        "locations": [
          {
            "start": {
              "line": 64,
              "column": 6
            },
            "end": {
              "line": 64,
              "column": 31
            }
          },
          {
            "start": {},
            "end": {}
          }
        ],
        "line": 64
      },
      "9": {
        "loc": {
          "start": {
            "line": 66,
            "column": 6
          },
          "end": {
            "line": 66,
            "column": 75
          }
        },
        "type": "if",
        "locations": [
          {
            "start": {
              "line": 66,
              "column": 6
            },
            "end": {
              "line": 66,
              "column": 75
            }
          },
          {
            "start": {},
            "end": {}
          }
        ],
        "line": 66
      }
    },
    "s": {
      "0": 1,
      "1": 1,
      "2": 1,
      "3": 0,
      "4": 1,
      "5": 1,
      "6": 1,
      "7": 1,
      "8": 1,
      "9": 0,
      "10": 1,
      "11": 1,
      "12": 1,
      "13": 1,
      "14": 1,
      "15": 1,
      "16": 1,
      "17": 1,
      "18": 1,
      "19": 0,
      "20": 0,
      "21": 0,
      "22": 0,
      "23": 0
    },
    "f": {
      "0": 0,
      "1": 1,
      "2": 0
    },
    "b": {
      "0": [
        1,
        0
      ],
      "1": [
        1,
        0
      ],
      "2": [
        1,
        1
      ],
      "3": [
        0,
        1
      ],
      "4": [
        1,
        0
      ],
      "5": [
        1,
        1
      ],
      "6": [
        1,
        0
      ],
      "7": [
        1,
        1
      ],
      "8": [
        0,
        0
      ],
      "9": [
        0,
        0
      ]
    },
    "inputSourceMap": {
      "version": 3,
      "mappings": "AAKM;;;;;;;;;;;;;;;;AALN,OAAO;AAEP,MAAMA,aAAaA,MAAM;AACvB,SACE,uBAAC,SAAI,WAAU,sBACb;AAAA,2BAAC,OAAE,WAAU,sBAAoB,yEAAjC;AAAA;AAAA;AAAA;AAAA,WAEA;AAAA,IACA,uBAAC,SAAI,WAAU,qBACb;AAAA,6BAAC,WAAM,MAAK,QAAO,aAAY,2BAA/B;AAAA;AAAA;AAAA;AAAA,aAAsD;AAAA,MACtD,uBAAC,WAAM,MAAK,QAAO,aAAY,iBAA/B;AAAA;AAAA;AAAA;AAAA,aAA4C;AAAA,MAC5C,uBAAC,YAAO,kBAAR;AAAA;AAAA;AAAA;AAAA,aAAU;AAAA,SAHZ;AAAA;AAAA;AAAA;AAAA,WAIA;AAAA,OARF;AAAA;AAAA;AAAA;AAAA,SASA;AAEJ;AAACC,KAbKD;AAeN,eAAeA;AAAU,IAAAC;AAAAC,aAAAD,IAAA",
      "names": [
        "SearchCard",
        "_c",
        "$RefreshReg$"
      ],
      "ignoreList": [],
      "sources": [
        "/Users/umar/manufind-1/manufind/frontend/src/Components/SearchCard/SearchCard.jsx"
      ],
      "file": "/Users/umar/manufind-1/manufind/frontend/src/Components/SearchCard/SearchCard.jsx"
    },
    "_coverageSchema": "1a1c01bbd47fc00a2c39e90264f33305004495a9",
    "hash": "8e73d892a69426f242355307fcfdfb159a82933e"
  },
  "/Users/umar/manufind-1/manufind/frontend/src/Components/MainPage/MainPage.jsx": {
    "path": "/Users/umar/manufind-1/manufind/frontend/src/Components/MainPage/MainPage.jsx",
    "statementMap": {
      "0": {
        "start": {
          "line": 3,
          "column": 20
        },
        "end": {
          "line": 3,
          "column": 97
        }
      },
      "1": {
        "start": {
          "line": 6,
          "column": 0
        },
        "end": {
          "line": 16,
          "column": 1
        }
      },
      "2": {
        "start": {
          "line": 7,
          "column": 2
        },
        "end": {
          "line": 11,
          "column": 3
        }
      },
      "3": {
        "start": {
          "line": 8,
          "column": 4
        },
        "end": {
          "line": 10,
          "column": 6
        }
      },
      "4": {
        "start": {
          "line": 12,
          "column": 2
        },
        "end": {
          "line": 12,
          "column": 39
        }
      },
      "5": {
        "start": {
          "line": 13,
          "column": 2
        },
        "end": {
          "line": 13,
          "column": 39
        }
      },
      "6": {
        "start": {
          "line": 14,
          "column": 2
        },
        "end": {
          "line": 14,
          "column": 134
        }
      },
      "7": {
        "start": {
          "line": 15,
          "column": 2
        },
        "end": {
          "line": 15,
          "column": 75
        }
      },
      "8": {
        "start": {
          "line": 20,
          "column": 17
        },
        "end": {
          "line": 34,
          "column": 1
        }
      },
      "9": {
        "start": {
          "line": 21,
          "column": 2
        },
        "end": {
          "line": 33,
          "column": 11
        }
      },
      "10": {
        "start": {
          "line": 35,
          "column": 0
        },
        "end": {
          "line": 35,
          "column": 14
        }
      },
      "11": {
        "start": {
          "line": 38,
          "column": 0
        },
        "end": {
          "line": 38,
          "column": 29
        }
      },
      "12": {
        "start": {
          "line": 39,
          "column": 0
        },
        "end": {
          "line": 42,
          "column": 1
        }
      },
      "13": {
        "start": {
          "line": 40,
          "column": 2
        },
        "end": {
          "line": 40,
          "column": 39
        }
      },
      "14": {
        "start": {
          "line": 41,
          "column": 2
        },
        "end": {
          "line": 41,
          "column": 39
        }
      },
      "15": {
        "start": {
          "line": 43,
          "column": 0
        },
        "end": {
          "line": 52,
          "column": 1
        }
      },
      "16": {
        "start": {
          "line": 44,
          "column": 2
        },
        "end": {
          "line": 51,
          "column": 5
        }
      },
      "17": {
        "start": {
          "line": 45,
          "column": 4
        },
        "end": {
          "line": 45,
          "column": 147
        }
      },
      "18": {
        "start": {
          "line": 46,
          "column": 4
        },
        "end": {
          "line": 50,
          "column": 7
        }
      },
      "19": {
        "start": {
          "line": 47,
          "column": 6
        },
        "end": {
          "line": 47,
          "column": 31
        }
      },
      "20": {
        "start": {
          "line": 47,
          "column": 24
        },
        "end": {
          "line": 47,
          "column": 31
        }
      },
      "21": {
        "start": {
          "line": 48,
          "column": 32
        },
        "end": {
          "line": 48,
          "column": 196
        }
      },
      "22": {
        "start": {
          "line": 49,
          "column": 6
        },
        "end": {
          "line": 49,
          "column": 75
        }
      },
      "23": {
        "start": {
          "line": 49,
          "column": 29
        },
        "end": {
          "line": 49,
          "column": 75
        }
      }
    },
    "fnMap": {
      "0": {
        "name": "(anonymous_0)",
        "decl": {
          "start": {
            "line": 20,
            "column": 17
          },
          "end": {
            "line": 20,
            "column": 18
          }
        },
        "loc": {
          "start": {
            "line": 20,
            "column": 23
          },
          "end": {
            "line": 34,
            "column": 1
          }
        },
        "line": 20
      },
      "1": {
        "name": "(anonymous_1)",
        "decl": {
          "start": {
            "line": 44,
            "column": 52
          },
          "end": {
            "line": 44,
            "column": 53
          }
        },
        "loc": {
          "start": {
            "line": 44,
            "column": 72
          },
          "end": {
            "line": 51,
            "column": 3
          }
        },
        "line": 44
      },
      "2": {
        "name": "(anonymous_2)",
        "decl": {
          "start": {
            "line": 46,
            "column": 27
          },
          "end": {
            "line": 46,
            "column": 28
          }
        },
        "loc": {
          "start": {
            "line": 46,
            "column": 44
          },
          "end": {
            "line": 50,
            "column": 5
          }
        },
        "line": 46
      }
    },
    "branchMap": {
      "0": {
        "loc": {
          "start": {
            "line": 3,
            "column": 20
          },
          "end": {
            "line": 3,
            "column": 97
          }
        },
        "type": "binary-expr",
        "locations": [
          {
            "start": {
              "line": 3,
              "column": 20
            },
            "end": {
              "line": 3,
              "column": 60
            }
          },
          {
            "start": {
              "line": 3,
              "column": 64
            },
            "end": {
              "line": 3,
              "column": 97
            }
          }
        ],
        "line": 3
      },
      "1": {
        "loc": {
          "start": {
            "line": 6,
            "column": 0
          },
          "end": {
            "line": 16,
            "column": 1
          }
        },
        "type": "if",
        "locations": [
          {
            "start": {
              "line": 6,
              "column": 0
            },
            "end": {
              "line": 16,
              "column": 1
            }
          },
          {
            "start": {},
            "end": {}
          }
        ],
        "line": 6
      },
      "2": {
        "loc": {
          "start": {
            "line": 6,
            "column": 4
          },
          "end": {
            "line": 6,
            "column": 35
          }
        },
        "type": "binary-expr",
        "locations": [
          {
            "start": {
              "line": 6,
              "column": 4
            },
            "end": {
              "line": 6,
              "column": 19
            }
          },
          {
            "start": {
              "line": 6,
              "column": 23
            },
            "end": {
              "line": 6,
              "column": 35
            }
          }
        ],
        "line": 6
      },
      "3": {
        "loc": {
          "start": {
            "line": 7,
            "column": 2
          },
          "end": {
            "line": 11,
            "column": 3
          }
        },
        "type": "if",
        "locations": [
          {
            "start": {
              "line": 7,
              "column": 2
            },
            "end": {
              "line": 11,
              "column": 3
            }
          },
          {
            "start": {},
            "end": {}
          }
        ],
        "line": 7
      },
      "4": {
        "loc": {
          "start": {
            "line": 39,
            "column": 0
          },
          "end": {
            "line": 42,
            "column": 1
          }
        },
        "type": "if",
        "locations": [
          {
            "start": {
              "line": 39,
              "column": 0
            },
            "end": {
              "line": 42,
              "column": 1
            }
          },
          {
            "start": {},
            "end": {}
          }
        ],
        "line": 39
      },
      "5": {
        "loc": {
          "start": {
            "line": 39,
            "column": 4
          },
          "end": {
            "line": 39,
            "column": 35
          }
        },
        "type": "binary-expr",
        "locations": [
          {
            "start": {
              "line": 39,
              "column": 4
            },
            "end": {
              "line": 39,
              "column": 19
            }
          },
          {
            "start": {
              "line": 39,
              "column": 23
            },
            "end": {
              "line": 39,
              "column": 35
            }
          }
        ],
        "line": 39
      },
      "6": {
        "loc": {
          "start": {
            "line": 43,
            "column": 0
          },
          "end": {
            "line": 52,
            "column": 1
          }
        },
        "type": "if",
        "locations": [
          {
            "start": {
              "line": 43,
              "column": 0
            },
            "end": {
              "line": 52,
              "column": 1
            }
          },
          {
            "start": {},
            "end": {}
          }
        ],
        "line": 43
      },
      "7": {
        "loc": {
          "start": {
            "line": 43,
            "column": 4
          },
          "end": {
            "line": 43,
            "column": 35
          }
        },
        "type": "binary-expr",
        "locations": [
          {
            "start": {
              "line": 43,
              "column": 4
            },
            "end": {
              "line": 43,
              "column": 19
            }
          },
          {
            "start": {
              "line": 43,
              "column": 23
            },
            "end": {
              "line": 43,
              "column": 35
            }
          }
        ],
        "line": 43
      },
      "8": {
        "loc": {
          "start": {
            "line": 47,
            "column": 6
          },
          "end": {
            "line": 47,
            "column": 31
          }
        },
        "type": "if",
        "locations": [
          {
            "start": {
              "line": 47,
              "column": 6
            },
            "end": {
              "line": 47,
              "column": 31
            }
          },
          {
            "start": {},
            "end": {}
          }
        ],
        "line": 47
      },
      "9": {
        "loc": {
          "start": {
            "line": 49,
            "column": 6
          },
          "end": {
            "line": 49,
            "column": 75
          }
        },
        "type": "if",
        "locations": [
          {
            "start": {
              "line": 49,
              "column": 6
            },
            "end": {
              "line": 49,
              "column": 75
            }
          },
          {
            "start": {},
            "end": {}
          }
        ],
        "line": 49
      }
    },
    "s": {
      "0": 1,
      "1": 1,
      "2": 1,
      "3": 0,
      "4": 1,
      "5": 1,
      "6": 1,
      "7": 1,
      "8": 1,
      "9": 0,
      "10": 1,
      "11": 1,
      "12": 1,
      "13": 1,
      "14": 1,
      "15": 1,
      "16": 1,
      "17": 1,
      "18": 1,
      "19": 0,
      "20": 0,
      "21": 0,
      "22": 0,
      "23": 0
    },
    "f": {
      "0": 0,
      "1": 1,
      "2": 0
    },
    "b": {
      "0": [
        1,
        0
      ],
      "1": [
        1,
        0
      ],
      "2": [
        1,
        1
      ],
      "3": [
        0,
        1
      ],
      "4": [
        1,
        0
      ],
      "5": [
        1,
        1
      ],
      "6": [
        1,
        0
      ],
      "7": [
        1,
        1
      ],
      "8": [
        0,
        0
      ],
      "9": [
        0,
        0
      ]
    },
    "inputSourceMap": {
      "version": 3,
      "mappings": "AAQQ;;;;;;;;;;;;;;;;AARR,OAAOA,cAAc;AACrB,OAAOC,gBAAgB;AACvB,OAAO;AAEP,MAAMC,WAAWA,MAAM;AACrB,SACE,uBAAC,SAAI,WAAU,kBACb,iCAAC,SAAI,WAAU,eACb,iCAAC,gBAAD;AAAA;AAAA;AAAA;AAAA,SAAW,KADb;AAAA;AAAA;AAAA;AAAA,SAEA,KAHF;AAAA;AAAA;AAAA;AAAA,SAIA;AAEJ;AAAEC,KARID;AAUN,eAAeA;AAAS,IAAAC;AAAAC,aAAAD,IAAA",
      "names": [
        "usineImg",
        "SearchCard",
        "MainPage",
        "_c",
        "$RefreshReg$"
      ],
      "ignoreList": [],
      "sources": [
        "/Users/umar/manufind-1/manufind/frontend/src/Components/MainPage/MainPage.jsx"
      ],
      "file": "/Users/umar/manufind-1/manufind/frontend/src/Components/MainPage/MainPage.jsx"
    },
    "_coverageSchema": "1a1c01bbd47fc00a2c39e90264f33305004495a9",
    "hash": "ab7de597a496abd1d2d80bf4e1d19ffc0919e523"
  },
  "/Users/umar/manufind-1/manufind/frontend/src/config/api.js": {
    "path": "/Users/umar/manufind-1/manufind/frontend/src/config/api.js",
    "statementMap": {
      "0": {
        "start": {
          "line": 1,
          "column": 21
        },
        "end": {
          "line": 4,
          "column": 68
        }
      }
    },
    "fnMap": {},
    "branchMap": {
      "0": {
        "loc": {
          "start": {
            "line": 1,
            "column": 21
          },
          "end": {
            "line": 4,
[...]
AAa,EAAE;AAAA,MACjB,OAAO;AACL,cAAM0B,MAAM,MAAMR,IAAIS,KAAK;AAC3BvB,mBAAW,iBAAiBsB,IAAIvB,WAAW,mBAAmB;AAAA,MAChE;AAAA,IACF,SAASyB,OAAO;AACdxB,iBAAW,oCAAoC;AAAA,IACjD;AAAA,EACF;AAEA,SACE,uBAAC,SAAI,WAAU,cACb,iCAAC,UAAK,UAAUE,cACd;AAAA,2BAAC,QAAG,kCAAJ;AAAA;AAAA;AAAA;AAAA,WAAsB;AAAA,IAEtB,uBAAC,QAAG,oCAAJ;AAAA;AAAA;AAAA;AAAA,WAAwB;AAAA,IACxB;AAAA,MAAC;AAAA;AAAA,QACC,OAAOf;AAAAA,QACP,UAAU,CAACgB,MAAMf,aAAae,EAAEsB,OAAOC,KAAK;AAAA,QAC5C,UAAQ;AAAA,QAER;AAAA,iCAAC,YAAO,OAAM,IAAG,2CAAjB;AAAA;AAAA;AAAA;AAAA,iBAA4C;AAAA,UAC3CzB,WAAW0B;AAAAA,YAAI,CAACC,KAAKC,MACpB,uBAAC,YAAe,OAAOD,KACpBA,iBADUC,GAAb;AAAA;AAAA;AAAA;AAAA,mBAEA;AAAA,UACD;AAAA;AAAA;AAAA,MAVH;AAAA;AAAA;AAAA;AAAA;AAAA;AAAA;AAAA;AAAA,IAWA;AAAA,IAEA,uBAAC,QAAG,2BAAJ;AAAA;AAAA;AAAA;AAAA,WAAe;AAAA,IACf;AAAA,MAAC;AAAA;AAAA,QACC,MAAK;AAAA,QACL,aAAY;AAAA,QACZ,OAAOxC;AAAAA,QACP,UAAU,CAACc,MAAMb,eAAea,EAAEsB,OAAOC,KAAK;AAAA,QAC9C,UAAQ;AAAA;AAAA,MALV;AAAA;AAAA;AAAA;AAAA;AAAA;AAAA;AAAA;AAAA,IAKU;AAAA,IAGV,uBAAC,QAAG,uBAAJ;AAAA;AAAA;AAAA;AAAA,WAAW;AAAA,IACX;AAAA,MAAC;AAAA;AAAA,QACC,MAAK;AAAA,QACL,aAAY;AAAA,QACZ,OAAOnC;AAAAA,QACP,UAAU,CAACY,MAAMX,WAAWW,EAAEsB,OAAOC,KAAK;AAAA,QAC1C,UAAQ;AAAA;AAAA,MALV;AAAA;AAAA;AAAA;AAAA;AAAA;AAAA;AAAA;AAAA,IAKU;AAAA,IAGV,uBAAC,QAAG,2BAAJ;AAAA;AAAA;AAAA;AAAA,WAAe;AAAA,IACf;AAAA,MAAC;AAAA;AAAA,QACC,MAAK;AAAA,QACL,aAAY;AAAA,QACZ,OAAOjC;AAAAA,QACP,UAAU,CAACU,MAAMT,cAAcS,EAAEsB,OAAOC,KAAK;AAAA,QAC7C,UAAQ;AAAA;AAAA,MALV;AAAA;AAAA;AAAA;AAAA;AAAA;AAAA;AAAA;AAAA,IAKU;AAAA,IAGV,uBAAC,QAAG,yCAAJ;AAAA;AAAA;AAAA;AAAA,WAA6B;AAAA,IAC7B;AAAA,MAAC;AAAA;AAAA,QACC,MAAK;AAAA,QACL,OAAO/B;AAAAA,QACP,UAAU,CAACQ,MAAMP,aAAaO,EAAEsB,OAAOC,KAAK;AAAA;AAAA,MAH9C;AAAA;AAAA;AAAA;AAAA;AAAA;AAAA;AAAA;AAAA,IAGgD;AAAA,IAGhD,uBAAC,QAAG,uCAAJ;AAAA;AAAA;AAAA;AAAA,WAA2B;AAAA,IAC3B;AAAA,MAAC;AAAA;AAAA,QACC,MAAK;AAAA,QACL,OAAO7B;AAAAA,QACP,UAAU,CAACM,MAAML,gBAAgBK,EAAEsB,OAAOC,KAAK;AAAA,QAC/C,KAAI;AAAA,QACJ,KAAI;AAAA;AAAA,MALN;AAAA;AAAA;AAAA;AAAA;AAAA;AAAA;AAAA;AAAA,IAKW;AAAA,IAGX,uBAAC,YAAO,MAAK,UAAS,gCAAtB;AAAA;AAAA;AAAA;AAAA,WAAsC;AAAA,IACrC3B,WAAW,uBAAC,OAAGA,qBAAJ;AAAA;AAAA;AAAA;AAAA,WAAY;AAAA,IAExB,uBAAC,QAAE;AAAA;AAAA,MACmB,uBAAC,WAAQ,IAAG,WAAU,gCAAtB;AAAA;AAAA;AAAA;AAAA,aAAsC;AAAA,SAD5D;AAAA;AAAA;AAAA;AAAA,WAEA;AAAA,IACA,uBAAC,QAAE;AAAA;AAAA,MACa,uBAAC,WAAQ,IAAG,UAAS,6BAArB;AAAA;AAAA;AAAA;AAAA,aAAkC;AAAA,SADlD;AAAA;AAAA;AAAA;AAAA,WAEA;AAAA,OApEF;AAAA;AAAA;AAAA;AAAA,SAqEA,KAtEF;AAAA;AAAA;AAAA;AAAA,SAuEA;AAEJ;AAAEd,GAhJID,aAAW;AAAA,UACMD,OAAO;AAAA;AAAA+C,KADxB9C;AAkJN,eAAeA;AAAY,IAAA8C;AAAAC,aAAAD,IAAA",
      "names": [
        "useState",
        "NavLink",
        "useAuth",
        "RequestCard",
        "_s",
        "authData",
        "categorie",
        "setCategorie",
        "description",
        "setDescription",
        "adresse",
        "setAdresse",
        "codePostal",
        "setCodePostal",
        "dateHeure",
        "setDateHeure",
        "dureeEstimee",
        "setDureeEstimee",
        "message",
        "setMessage",
        "categories",
        "handleSubmit",
        "e",
        "preventDefault",
        "userId",
        "user",
        "id",
        "_id",
        "newRequest",
        "client_id",
        "code_postal",
        "date_heure",
        "duree_estimee",
        "res",
        "fetch",
        "method",
        "headers",
        "body",
        "JSON",
        "stringify",
        "ok",
        "err",
        "json",
        "error",
        "target",
        "value",
        "map",
        "cat",
        "i",
        "_c",
        "$RefreshReg$"
      ],
      "ignoreList": [],
      "sources": [
        "/Users/umar/manufind-1/manufind/frontend/src/Components/RequestCard/RequestCard.jsx"
      ],
      "file": "/Users/umar/manufind-1/manufind/frontend/src/Components/RequestCard/RequestCard.jsx"
    },
    "_coverageSchema": "1a1c01bbd47fc00a2c39e90264f33305004495a9",
    "hash": "a1502998d159a183990f9b25742bcca056d90b0d"
  },
  "/Users/umar/manufind-1/manufind/frontend/src/App.jsx": {
    "path": "/Users/umar/manufind-1/manufind/frontend/src/App.jsx",
    "statementMap": {
      "0": {
        "start": {
          "line": 3,
          "column": 20
        },
        "end": {
          "line": 3,
          "column": 97
        }
      },
      "1": {
        "start": {
          "line": 6,
          "column": 0
        },
        "end": {
          "line": 16,
          "column": 1
        }
      },
      "2": {
        "start": {
          "line": 7,
          "column": 2
        },
        "end": {
          "line": 11,
          "column": 3
        }
      },
      "3": {
        "start": {
          "line": 8,
          "column": 4
        },
        "end": {
          "line": 10,
          "column": 6
        }
      },
      "4": {
        "start": {
          "line": 12,
          "column": 2
        },
        "end": {
          "line": 12,
          "column": 39
        }
      },
      "5": {
        "start": {
          "line": 13,
          "column": 2
        },
        "end": {
          "line": 13,
          "column": 39
        }
      },
      "6": {
        "start": {
          "line": 14,
          "column": 2
        },
        "end": {
          "line": 14,
          "column": 109
        }
      },
      "7": {
        "start": {
          "line": 15,
          "column": 2
        },
        "end": {
          "line": 15,
          "column": 75
        }
      },
      "8": {
        "start": {
          "line": 33,
          "column": 17
        },
        "end": {
          "line": 96,
          "column": 3
        }
      },
      "9": {
        "start": {
          "line": 97,
          "column": 2
        },
        "end": {
          "line": 105,
          "column": 11
        }
      },
      "10": {
        "start": {
          "line": 107,
          "column": 0
        },
        "end": {
          "line": 107,
          "column": 9
        }
      },
      "11": {
        "start": {
          "line": 110,
          "column": 0
        },
        "end": {
          "line": 110,
          "column": 24
        }
      },
      "12": {
        "start": {
          "line": 111,
          "column": 0
        },
        "end": {
          "line": 114,
          "column": 1
        }
      },
      "13": {
        "start": {
          "line": 112,
          "column": 2
        },
        "end": {
          "line": 112,
          "column": 39
        }
      },
      "14": {
        "start": {
          "line": 113,
          "column": 2
        },
        "end": {
          "line": 113,
          "column": 39
        }
      },
      "15": {
        "start": {
          "line": 115,
          "column": 0
        },
        "end": {
          "line": 124,
          "column": 1
        }
      },
      "16": {
        "start": {
          "line": 116,
          "column": 2
        },
        "end": {
          "line": 123,
          "column": 5
        }
      },
      "17": {
        "start": {
          "line": 117,
          "column": 4
        },
        "end": {
          "line": 117,
          "column": 122
        }
      },
      "18": {
        "start": {
          "line": 118,
          "column": 4
        },
        "end": {
          "line": 122,
          "column": 7
        }
      },
      "19": {
        "start": {
          "line": 119,
          "column": 6
        },
        "end": {
          "line": 119,
          "column": 31
        }
      },
      "20": {
        "start": {
          "line": 119,
          "column": 24
        },
        "end": {
          "line": 119,
          "column": 31
        }
      },
      "21": {
        "start": {
          "line": 120,
          "column": 32
        },
        "end": {
          "line": 120,
          "column": 171
        }
      },
      "22": {
        "start": {
          "line": 121,
          "column": 6
        },
        "end": {
          "line": 121,
          "column": 75
        }
      },
      "23": {
        "start": {
          "line": 121,
          "column": 29
        },
        "end": {
          "line": 121,
          "column": 75
        }
      }
    },
    "fnMap": {
      "0": {
        "name": "App",
        "decl": {
          "start": {
            "line": 32,
            "column": 9
          },
          "end": {
            "line": 32,
            "column": 12
          }
        },
        "loc": {
          "start": {
            "line": 32,
            "column": 15
          },
          "end": {
            "line": 106,
            "column": 1
          }
        },
        "line": 32
      },
      "1": {
        "name": "(anonymous_1)",
        "decl": {
          "start": {
            "line": 116,
            "column": 52
          },
          "end": {
            "line": 116,
            "column": 53
          }
        },
        "loc": {
          "start": {
            "line": 116,
            "column": 72
          },
          "end": {
            "line": 123,
            "column": 3
          }
        },
        "line": 116
      },
      "2": {
        "name": "(anonymous_2)",
        "decl": {
          "start": {
            "line": 118,
            "column": 27
          },
          "end": {
            "line": 118,
            "column": 28
          }
        },
        "loc": {
          "start": {
            "line": 118,
            "column": 44
          },
          "end": {
            "line": 122,
            "column": 5
          }
        },
        "line": 118
      }
    },
    "branchMap": {
      "0": {
        "loc": {
          "start": {
            "line": 3,
            "column": 20
          },
          "end": {
            "line": 3,
            "column": 97
          }
        },
        "type": "binary-expr",
        "locations": [
          {
            "start": {
              "line": 3,
              "column": 20
            },
            "end": {
              "line": 3,
              "column": 60
            }
          },
          {
            "start": {
              "line": 3,
              "column": 64
            },
            "end": {
              "line": 3,
              "column": 97
            }
          }
        ],
        "line": 3
      },
      "1": {
        "loc": {
          "start": {
            "line": 6,
            "column": 0
          },
          "end": {
            "line": 16,
            "column": 1
          }
        },
        "type": "if",
        "locations": [
          {
            "start": {
              "line": 6,
              "column": 0
            },
            "end": {
              "line": 16,
              "column": 1
            }
          },
          {
            "start": {},
            "end": {}
          }
        ],
        "line": 6
      },
      "2": {
        "loc": {
          "start": {
            "line": 6,
            "column": 4
          },
          "end": {
            "line": 6,
            "column": 35
          }
        },
        "type": "binary-expr",
        "locations": [
          {
            "start": {
              "line": 6,
              "column": 4
            },
            "end": {
              "line": 6,
              "column": 19
            }
          },
          {
            "start": {
              "line": 6,
              "column": 23
            },
            "end": {
              "line": 6,
              "column": 35
            }
          }
        ],
        "line": 6
      },
      "3": {
        "loc": {
          "start": {
            "line": 7,
            "column": 2
          },
          "end": {
            "line": 11,
            "column": 3
          }
        },
        "type": "if",
        "locations": [
          {
            "start": {
              "line": 7,
              "column": 2
            },
            "end": {
              "line": 11,
              "column": 3
            }
          },
          {
            "start": {},
            "end": {}
          }
        ],
        "line": 7
      },
      "4": {
        "loc": {
          "start": {
            "line": 111,
            "column": 0
          },
          "end": {
            "line": 114,
            "column": 1
          }
        },
        "type": "if",
        "locations": [
          {
            "start": {
              "line": 111,
              "column": 0
            },
            "end": {
              "line": 114,
              "column": 1
            }
          },
          {
            "start": {},
            "end": {}
          }
        ],
        "line": 111
      },
      "5": {
        "loc": {
          "start": {
            "line": 111,
            "column": 4
          },
          "end": {
            "line": 111,
            "column": 35
          }
        },
        "type": "binary-expr",
        "locations": [
          {
            "start": {
              "line": 111,
              "column": 4
            },
            "end": {
              "line": 111,
              "column": 19
            }
          },
          {
            "start": {
              "line": 111,
              "column": 23
            },
            "end": {
              "line": 111,
              "column": 35
            }
          }
        ],
        "line": 111
      },
      "6": {
        "loc": {
          "start": {
            "line": 115,
            "column": 0
          },
          "end": {
            "line": 124,
            "column": 1
          }
        },
        "type": "if",
        "locations": [
          {
            "start": {
              "line": 115,
              "column": 0
            },
            "end": {
              "line": 124,
              "column": 1
            }
          },
          {
            "start": {},
            "end": {}
          }
        ],
        "line": 115
      },
      "7": {
        "loc": {
          "start": {
            "line": 115,
            "column": 4
          },
          "end": {
            "line": 115,
            "column": 35
          }
        },
        "type": "binary-expr",
        "locations": [
          {
            "start": {
              "line": 115,
              "column": 4
            },
            "end": {
              "line": 115,
              "column": 19
            }
          },
          {
            "start": {
              "line": 115,
              "column": 23
            },
            "end": {
              "line": 115,
              "column": 35
            }
          }
        ],
        "line": 115
      },
      "8": {
        "loc": {
          "start": {
            "line": 119,
            "column": 6
          },
          "end": {
            "line": 119,
            "column": 31
          }
        },
        "type": "if",
        "locations": [
          {
            "start": {
              "line": 119,
              "column": 6
            },
            "end": {
              "line": 119,
              "column": 31
            }
          },
          {
            "start": {},
            "end": {}
          }
        ],
        "line": 119
      },
      "9": {
        "loc": {
          "start": {
            "line": 121,
            "column": 6
          },
          "end": {
            "line": 121,
            "column": 75
          }
        },
        "type": "if",
        "locations": [
          {
            "start": {
              "line": 121,
              "column": 6
            },
            "end": {
              "line": 121,
              "column": 75
            }
          },
          {
            "start": {},
            "end": {}
          }
        ],
        "line": 121
      }
    },
    "s": {
      "0": 1,
      "1": 1,
      "2": 1,
      "3": 0,
      "4": 1,
      "5": 1,
      "6": 1,
      "7": 1,
      "8": 2,
      "9": 2,
      "10": 1,
      "11": 1,
      "12": 1,
      "13": 1,
      "14": 1,
      "15": 1,
      "16": 1,
      "17": 1,
      "18": 1,
      "19": 0,
      "20": 0,
      "21": 0,
      "22": 0,
      "23": 0
    },
    "f": {
      "0": 2,
      "1": 1,
      "2": 0
    },
    "b": {
      "0": [
        1,
        0
      ],
      "1": [
        1,
        0
      ],
      "2": [
        1,
        1
      ],
      "3": [
        0,
        1
      ],
      "4": [
        1,
        0
      ],
      "5": [
        1,
        1
      ],
      "6": [
        1,
        0
      ],
      "7": [
        1,
        1
      ],
      "8": [
        0,
        0
      ],
      "9": [
        0,
        0
      ]
    },
    "inputSourceMap": {
      "version": 3,
      "mappings": "AAoBe;;;;;;;;;;;;;;;;AAnBf,OAAO;AACP,SAASA,qBAAqBC,sBAAsB;AACpD,OAAOC,gBAAgB;AACvB,OAAOC,cAAc;AACrB,OAAOC,eAAe;AACtB,OAAOC,gBAAgB;AACvB,OAAOC,eAAe;AACtB,OAAOC,WAAW;AAClB,OAAOC,wBAAwB;AAC/B,OAAOC,mBAAmB;AAC1B,OAAOC,WAAW;AAClB,OAAOC,aAAa;AACpB,OAAOC,cAAc;AACrB,SAASC,oBAAoB;AAC7B,OAAOC,iBAAiB;AACxB,SAASC,MAAM;AACb,QAAMC,SAAShB;AAAAA,IAAoB;AAAA,MACjC;AAAA,QACEiB,MAAM;AAAA,QACNC,SAAS,uBAAC,gBAAD;AAAA;AAAA;AAAA;AAAA,eAAW;AAAA,QACpBC,cAAc,uBAAC,eAAD;AAAA;AAAA;AAAA;AAAA,eAAU;AAAA,QACxBC,UAAU;AAAA,UACR,EAAEH,MAAM,KAAKC,SAAS,uBAAC,WAAD;AAAA;AAAA;AAAA;AAAA,iBAAM,EAAI;AAAA,UAChC,EAAED,MAAM,YAAYC,SAAS,uBAAC,aAAD;AAAA;AAAA;AAAA;AAAA,iBAAQ,EAAI;AAAA,UACzC,EAAED,MAAM,aAAaC,SAAS,uBAAC,cAAD;AAAA;AAAA;AAAA;AAAA,iBAAS,EAAI;AAAA,UAC3C,EAAED,MAAM,UAAUC,SAAS,uBAAC,eAAD;AAAA;AAAA;AAAA;AAAA,iBAAU,EAAI;AAAA,UACzC,EAAED,MAAM,WAAWC,SAAS,uBAAC,gBAAD;AAAA;AAAA;AAAA;AAAA,iBAAW,EAAI;AAAA,UAC3C,EAAED,MAAM,QAAQC,SAAS,uBAAC,WAAD;AAAA;AAAA;AAAA;AAAA,iBAAM,EAAI;AAAA,UACnC,EAAED,MAAM,mBAAmBC,SAAS,uBAAC,mBAAD;AAAA;AAAA;AAAA;AAAA,iBAAc,EAAI;AAAA,UACtD,EAAED,MAAM,iBAAiBC,SAAS,uBAAC,wBAAD;AAAA;AAAA;AAAA;AAAA,iBAAmB,EAAI;AAAA,UACzD,EAAED,MAAM,oBAAoBC,SAAS,uBAAC,iBAAD;AAAA;AAAA;AAAA;AAAA,iBAAY,EAAI;AAAA,QAAC;AAAA,MAG1D;AAAA,IAAC;AAAA,EACF;AAED,SACE,uBAAC,gBACC,iCAAC,kBAAe,UAAhB;AAAA;AAAA;AAAA;AAAA,SAA+B,KADjC;AAAA;AAAA;AAAA;AAAA,SAEA;AAEJ;AAACG,KA1BQN;AA4BT,eAAeA;AAAI,IAAAM;AAAAC,aAAAD,IAAA",
      "names": [
        "createBrowserRouter",
        "RouterProvider",
        "RootLayout",
        "MainPage",
        "LoginForm",
        "SignUpForm",
        "ErrorPage",
        "Carte",
        "ProfilePrestataire",
        "ProfileClient",
        "About",
        "Contact",
        "Services",
        "AuthProvider",
        "RequestCard",
        "App",
        "router",
        "path",
        "element",
        "errorElement",
        "children",
        "_c",
        "$RefreshReg$"
      ],
      "ignoreList": [],
      "sources": [
        "/Users/umar/manufind-1/manufind/frontend/src/App.jsx"
      ],
      "file": "/Users/umar/manufind-1/manufind/frontend/src/App.jsx"
    },
    "_coverageSchema": "1a1c01bbd47fc00a2c39e90264f33305004495a9",
    "hash": "71ac72569472146d7433ca3aa0f251d3a660bfc8"
  },
  "/Users/umar/manufind-1/manufind/frontend/src/main.jsx": {
    "path": "/Users/umar/manufind-1/manufind/frontend/src/main.jsx",
    "statementMap": {
      "0": {
        "start": {
          "line": 6,
          "column": 0
        },
        "end": {
          "line": 16,
          "column": 2
        }
      }
    },
    "fnMap": {},
    "branchMap": {},
    "s": {
      "0": 1
    },
    "f": {},
    "b": {},
    "inputSourceMap": {
      "version": 3,
      "mappings": "AAOI;AAPJ,SAASA,kBAAkB;AAC3B,SAASC,kBAAkB;AAC3B,OAAO;AACP,OAAOC,SAAS;AAEhBD,WAAWE,SAASC,eAAe,MAAM,CAAC,EAAEC;AAAAA,EAC1C,uBAAC,cACC,iCAAC,SAAD;AAAA;AAAA;AAAA;AAAA,SAAI,KADN;AAAA;AAAA;AAAA;AAAA,SAEA;AACF",
      "names": [
        "StrictMode",
        "createRoot",
        "App",
        "document",
        "getElementById",
        "render"
      ],
      "ignoreList": [],
      "sources": [
        "/Users/umar/manufind-1/manufind/frontend/src/main.jsx"
      ],
      "file": "/Users/umar/manufind-1/manufind/frontend/src/main.jsx"
    },
    "_coverageSchema": "1a1c01bbd47fc00a2c39e90264f33305004495a9",
    "hash": "137964b9a44bded2d9e4f5fd1b5b336ba837860d"
  }
}