{"/Users/umar/manufind-1/manufind/frontend/src/App.jsx": {"path":"/Users/umar/manufind-1/manufind/frontend/src/App.jsx","statementMap":{"0":{"start":{"line":18,"column":17},"end":{"line":36,"column":null}},"1":{"start":{"line":38,"column":2},"end":{"line":41,"column":null}},"2":{"start":{"line":43,"column":1},"end":{"line":17,"column":15}},"3":{"start":{"line":45,"column":19},"end":{"line":45,"column":null}}},"fnMap":{"0":{"name":"App","decl":{"start":{"line":17,"column":9},"end":{"line":17,"column":15}},"loc":{"start":{"line":17,"column":15},"end":{"line":43,"column":1}}}},"branchMap":{},"s":{"0":2,"1":2,"2":1,"3":1},"f":{"0":2},"b":{}}
,"/Users/umar/manufind-1/manufind/frontend/src/main.jsx": {"path":"/Users/umar/manufind-1/manufind/frontend/src/main.jsx","statementMap":{"0":{"start":{"line":6,"column":0},"end":{"line":10,"column":null}}},"fnMap":{},"branchMap":{},"s":{"0":1},"f":{},"b":{}}
,"/Users/umar/manufind-1/manufind/frontend/src/Components/About/About.jsx": {"path":"/Users/umar/manufind-1/manufind/frontend/src/Components/About/About.jsx","statementMap":{"0":{"start":{"line":7,"column":14},"end":{"line":77,"column":2}},"1":{"start":{"line":8,"column":2},"end":{"line":75,"column":null}},"2":{"start":{"line":77,"column":2},"end":{"line":7,"column":14}},"3":{"start":{"line":79,"column":21},"end":{"line":79,"column":null}}},"fnMap":{"0":{"name":"(anonymous_0)","decl":{"start":{"line":7,"column":14},"end":{"line":7,"column":20}},"loc":{"start":{"line":7,"column":20},"end":{"line":77,"column":2}}}},"branchMap":{},"s":{"0":1,"1":0,"2":1,"3":1},"f":{"0":0},"b":{}}
,"/Users/umar/manufind-1/manufind/frontend/src/Components/AuthContext/AuthContext.jsx": {"path":"/Users/umar/manufind-1/manufind/frontend/src/Components/AuthContext/AuthContext.jsx","statementMap":{"0":{"start":{"line":3,"column":20},"end":{"line":3,"column":null}},"1":{"start":{"line":5,"column":28},"end":{"line":21,"column":2}},"2":{"start":{"line":5,"column":46},"end":{"line":5,"column":null}},"3":{"start":{"line":6,"column":34},"end":{"line":6,"column":null}},"4":{"start":{"line":8,"column":16},"end":{"line":10,"column":null}},"5":{"start":{"line":9,"column":4},"end":{"line":9,"column":null}},"6":{"start":{"line":12,"column":17},"end":{"line":14,"column":null}},"7":{"start":{"line":13,"column":4},"end":{"line":13,"column":null}},"8":{"start":{"line":16,"column":2},"end":{"line":19,"column":null}},"9":{"start":{"line":21,"column":2},"end":{"line":5,"column":28}},"10":{"start":{"line":5,"column":25},"end":{"line":null,"column":-1}},"11":{"start":{"line":23,"column":23},"end":{"line":23,"column":53}},"12":{"start":{"line":23,"column":23},"end":{"line":23,"column":29}},"13":{"start":{"line":23,"column":23},"end":{"line":23,"column":52}},"14":{"start":{"line":23,"column":53},"end":{"line":23,"column":23}},"15":{"start":{"line":23,"column":20},"end":{"line":23,"column":23}}},"fnMap":{"0":{"name":"(anonymous_0)","decl":{"start":{"line":5,"column":28},"end":{"line":5,"column":29}},"loc":{"start":{"line":5,"column":46},"end":{"line":21,"column":2}}},"1":{"name":"(anonymous_1)","decl":{"start":{"line":8,"column":16},"end":{"line":8,"column":17}},"loc":{"start":{"line":8,"column":26},"end":{"line":10,"column":null}}},"2":{"name":"(anonymous_2)","decl":{"start":{"line":12,"column":17},"end":{"line":12,"column":23}},"loc":{"start":{"line":12,"column":23},"end":{"line":14,"column":null}}},"3":{"name":"(anonymous_3)","decl":{"start":{"line":23,"column":23},"end":{"line":23,"column":29}},"loc":{"start":{"line":23,"column":23},"end":{"line":23,"column":53}}}},"branchMap":{},"s":{"0":1,"1":1,"2":4,"3":4,"4":4,"5":1,"6":4,"7":0,"8":4,"9":1,"10":1,"11":1,"12":54,"13":54,"14":1,"15":1},"f":{"0":4,"1":1,"2":0,"3":54},"b":{}}
,"/Users/umar/manufind-1/manufind/frontend/src/Components/Contact/Contact.jsx": {"path":"/Users/umar/manufind-1/manufind/frontend/src/Components/Contact/Contact.jsx","statementMap":{"0":{"start":{"line":3,"column":16},"end":{"line":7,"column":1}},"1":{"start":{"line":4,"column":4},"end":{"line":6,"column":null}},"2":{"start":{"line":7,"column":1},"end":{"line":3,"column":16}},"3":{"start":{"line":9,"column":23},"end":{"line":9,"column":null}}},"fnMap":{"0":{"name":"(anonymous_0)","decl":{"start":{"line":3,"column":16},"end":{"line":3,"column":22}},"loc":{"start":{"line":3,"column":22},"end":{"line":7,"column":1}}}},"branchMap":{},"s":{"0":1,"1":0,"2":1,"3":1},"f":{"0":0},"b":{}}
,"/Users/umar/manufind-1/manufind/frontend/src/Components/Error/ErrorPage.jsx": {"path":"/Users/umar/manufind-1/manufind/frontend/src/Components/Error/ErrorPage.jsx","statementMap":{"0":{"start":{"line":1,"column":18},"end":{"line":8,"column":1}},"1":{"start":{"line":2,"column":4},"end":{"line":5,"column":null}},"2":{"start":{"line":8,"column":1},"end":{"line":1,"column":18}},"3":{"start":{"line":10,"column":25},"end":{"line":10,"column":null}}},"fnMap":{"0":{"name":"(anonymous_0)","decl":{"start":{"line":1,"column":18},"end":{"line":1,"column":24}},"loc":{"start":{"line":1,"column":24},"end":{"line":8,"column":1}}}},"branchMap":{},"s":{"0":1,"1":0,"2":1,"3":1},"f":{"0":0},"b":{}}
,"/Users/umar/manufind-1/manufind/frontend/src/Components/Header/Header.jsx": {"path":"/Users/umar/manufind-1/manufind/frontend/src/Components/Header/Header.jsx","statementMap":{"0":{"start":{"line":6,"column":15},"end":{"line":59,"column":2}},"1":{"start":{"line":6,"column":21},"end":{"line":6,"column":null}},"2":{"start":{"line":7,"column":31},"end":{"line":7,"column":null}},"3":{"start":{"line":9,"column":23},"end":{"line":11,"column":null}},"4":{"start":{"line":10,"column":4},"end":{"line":10,"column":null}},"5":{"start":{"line":13,"column":2},"end":{"line":57,"column":null}},"6":{"start":{"line":59,"column":2},"end":{"line":7,"column":39}},"7":{"start":{"line":6,"column":12},"end":{"line":7,"column":39}},"8":{"start":{"line":7,"column":38},"end":{"line":6,"column":12}},"9":{"start":{"line":61,"column":22},"end":{"line":61,"column":null}}},"fnMap":{"0":{"name":"(anonymous_0)","decl":{"start":{"line":6,"column":15},"end":{"line":6,"column":21}},"loc":{"start":{"line":6,"column":21},"end":{"line":59,"column":2}}},"1":{"name":"(anonymous_1)","decl":{"start":{"line":9,"column":23},"end":{"line":9,"column":29}},"loc":{"start":{"line":9,"column":29},"end":{"line":11,"column":null}}},"2":{"name":"(anonymous_2)","decl":{"start":{"line":6,"column":12},"end":{"line":6,"column":15}},"loc":{"start":{"line":6,"column":12},"end":{"line":7,"column":39}}}},"branchMap":{"0":{"loc":{"start":{"line":26,"column":3},"end":{"line":27,"column":null}},"type":"binary-expr","locations":[{"start":{"line":26,"column":3},"end":{"line":26,"column":15}},{"start":{"line":26,"column":15},"end":{"line":26,"column":null}},{"start":{"line":27,"column":4},"end":{"line":27,"column":null}}]},"1":{"loc":{"start":{"line":29,"column":3},"end":{"line":30,"column":null}},"type":"binary-expr","locations":[{"start":{"line":29,"column":3},"end":{"line":29,"column":15}},{"start":{"line":29,"column":15},"end":{"line":29,"column":null}},{"start":{"line":30,"column":4},"end":{"line":30,"column":null}}]},"2":{"loc":{"start":{"line":35,"column":9},"end":{"line":54,"column":null}},"type":"cond-expr","locations":[{"start":{"line":36,"column":10},"end":{"line":49,"column":null}},{"start":{"line":51,"column":10},"end":{"line":54,"column":null}}]},"3":{"loc":{"start":{"line":39,"column":16},"end":{"line":41,"column":null}},"type":"cond-expr","locations":[{"start":{"line":40,"column":20},"end":{"line":40,"column":null}},{"start":{"line":41,"column":20},"end":{"line":41,"column":null}}]}},"s":{"0":1,"1":4,"2":4,"3":4,"4":0,"5":4,"6":1,"7":1,"8":1,"9":1},"f":{"0":4,"1":0,"2":1},"b":{"0":[4,2,0],"1":[4,2,2],"2":[2,2],"3":[2,0]}}
,"/Users/umar/manufind-1/manufind/frontend/src/Components/LoginForm/LoginForm.jsx": {"path":"/Users/umar/manufind-1/manufind/frontend/src/Components/LoginForm/LoginForm.jsx","statementMap":{"0":{"start":{"line":7,"column":18},"end":{"line":102,"column":2}},"1":{"start":{"line":7,"column":24},"end":{"line":7,"column":null}},"2":{"start":{"line":8,"column":28},"end":{"line":8,"column":null}},"3":{"start":{"line":9,"column":38},"end":{"line":9,"column":null}},"4":{"start":{"line":10,"column":32},"end":{"line":10,"column":null}},"5":{"start":{"line":11,"column":19},"end":{"line":11,"column":null}},"6":{"start":{"line":12,"column":20},"end":{"line":12,"column":null}},"7":{"start":{"line":15,"column":4},"end":{"line":15,"column":null}},"8":{"start":{"line":17,"column":4},"end":{"line":33,"column":null}},"9":{"start":{"line":18,"column":18},"end":{"line":22,"column":null}},"10":{"start":{"line":24,"column":19},"end":{"line":24,"column":null}},"11":{"start":{"line":25,"column":6},"end":{"line":30,"column":null}},"12":{"start":{"line":26,"column":8},"end":{"line":26,"column":null}},"13":{"start":{"line":27,"column":8},"end":{"line":29,"column":null}},"14":{"start":{"line":30,"column":13},"end":{"line":30,"column":null}},"15":{"start":{"line":32,"column":6},"end":{"line":32,"column":null}},"16":{"start":{"line":36,"column":2},"end":{"line":100,"column":null}},"17":{"start":{"line":54,"column":29},"end":{"line":54,"column":null}},"18":{"start":{"line":64,"column":29},"end":{"line":64,"column":null}},"19":{"start":{"line":102,"column":2},"end":{"line":12,"column":28}},"20":{"start":{"line":7,"column":15},"end":{"line":12,"column":28}},"21":{"start":{"line":12,"column":27},"end":{"line":7,"column":15}},"22":{"start":{"line":104,"column":25},"end":{"line":104,"column":null}}},"fnMap":{"0":{"name":"(anonymous_0)","decl":{"start":{"line":7,"column":18},"end":{"line":7,"column":24}},"loc":{"start":{"line":7,"column":24},"end":{"line":102,"column":2}}},"1":{"name":"handleSubmit","decl":{"start":{"line":14,"column":17},"end":{"line":14,"column":30}},"loc":{"start":{"line":14,"column":33},"end":{"line":34,"column":null}}},"2":{"name":"(anonymous_2)","decl":{"start":{"line":54,"column":22},"end":{"line":54,"column":23}},"loc":{"start":{"line":54,"column":29},"end":{"line":54,"column":null}}},"3":{"name":"(anonymous_3)","decl":{"start":{"line":64,"column":22},"end":{"line":64,"column":23}},"loc":{"start":{"line":64,"column":29},"end":{"line":64,"column":null}}},"4":{"name":"(anonymous_4)","decl":{"start":{"line":7,"column":15},"end":{"line":7,"column":18}},"loc":{"start":{"line":7,"column":15},"end":{"line":12,"column":28}}}},"branchMap":{"0":{"loc":{"start":{"line":25,"column":6},"end":{"line":30,"column":null}},"type":"if","locations":[{"start":{"line":25,"column":6},"end":{"line":30,"column":null}},{"start":{"line":30,"column":13},"end":{"line":30,"column":null}}]},"1":{"loc":{"start":{"line":28,"column":10},"end":{"line":28,"column":null}},"type":"cond-expr","locations":[{"start":{"line":28,"column":40},"end":{"line":28,"column":60}},{"start":{"line":28,"column":60},"end":{"line":28,"column":null}}]},"2":{"loc":{"start":{"line":30,"column":24},"end":{"line":30,"column":63}},"type":"binary-expr","locations":[{"start":{"line":30,"column":24},"end":{"line":30,"column":38}},{"start":{"line":30,"column":38},"end":{"line":30,"column":63}}]},"3":{"loc":{"start":{"line":69,"column":11},"end":{"line":72,"column":null}},"type":"binary-expr","locations":[{"start":{"line":69,"column":11},"end":{"line":69,"column":null}},{"start":{"line":70,"column":12},"end":{"line":72,"column":null}}]}},"s":{"0":1,"1":48,"2":48,"3":48,"4":48,"5":48,"6":48,"7":1,"8":1,"9":1,"10":1,"11":1,"12":1,"13":1,"14":0,"15":0,"16":48,"17":15,"18":7,"19":1,"20":1,"21":1,"22":1},"f":{"0":48,"1":1,"2":15,"3":7,"4":1},"b":{"0":[1,0],"1":[1,0],"2":[0,0],"3":[48,0]}}
,"/Users/umar/manufind-1/manufind/frontend/src/Components/MainPage/MainPage.jsx": {"path":"/Users/umar/manufind-1/manufind/frontend/src/Components/MainPage/MainPage.jsx","statementMap":{"0":{"start":{"line":5,"column":17},"end":{"line":13,"column":2}},"1":{"start":{"line":6,"column":2},"end":{"line":11,"column":null}},"2":{"start":{"line":13,"column":2},"end":{"line":5,"column":17}},"3":{"start":{"line":15,"column":24},"end":{"line":15,"column":null}}},"fnMap":{"0":{"name":"(anonymous_0)","decl":{"start":{"line":5,"column":17},"end":{"line":5,"column":23}},"loc":{"start":{"line":5,"column":23},"end":{"line":13,"column":2}}}},"branchMap":{},"s":{"0":1,"1":0,"2":1,"3":1},"f":{"0":0},"b":{}}
,"/Users/umar/manufind-1/manufind/frontend/src/Components/Map/map.jsx": {"path":"/Users/umar/manufind-1/manufind/frontend/src/Components/Map/map.jsx","statementMap":{"0":{"start":{"line":8,"column":19},"end":{"line":14,"column":null}},"1":{"start":{"line":16,"column":20},"end":{"line":22,"column":null}},"2":{"start":{"line":24,"column":35},"end":{"line":24,"column":null}},"3":{"start":{"line":25,"column":14},"end":{"line":25,"column":null}},"4":{"start":{"line":26,"column":2},"end":{"line":42,"column":null}},"5":{"start":{"line":27,"column":4},"end":{"line":41,"column":null}},"6":{"start":{"line":28,"column":6},"end":{"line":32,"column":null}},"7":{"start":{"line":34,"column":22},"end":{"line":34,"column":null}},"8":{"start":{"line":35,"column":6},"end":{"line":35,"column":null}},"9":{"start":{"line":36,"column":6},"end":{"line":36,"column":null}},"10":{"start":{"line":38,"column":6},"end":{"line":40,"column":null}},"11":{"start":{"line":39,"column":8},"end":{"line":39,"column":null}},"12":{"start":{"line":44,"column":2},"end":{"line":44,"column":null}},"13":{"start":{"line":45,"column":1},"end":{"line":25,"column":21}},"14":{"start":{"line":24,"column":20},"end":{"line":25,"column":21}},"15":{"start":{"line":25,"column":20},"end":{"line":24,"column":20}},"16":{"start":{"line":47,"column":14},"end":{"line":199,"column":2}},"17":{"start":{"line":47,"column":20},"end":{"line":47,"column":null}},"18":{"start":{"line":48,"column":32},"end":{"line":48,"column":null}},"19":{"start":{"line":49,"column":34},"end":{"line":49,"column":null}},"20":{"start":{"line":50,"column":30},"end":{"line":50,"column":null}},"21":{"start":{"line":51,"column":42},"end":{"line":51,"column":null}},"22":{"start":{"line":52,"column":32},"end":{"line":52,"column":null}},"23":{"start":{"line":54,"column":2},"end":{"line":56,"column":null}},"24":{"start":{"line":55,"column":4},"end":{"line":55,"column":null}},"25":{"start":{"line":58,"column":24},"end":{"line":80,"column":null}},"26":{"start":{"line":59,"column":4},"end":{"line":79,"column":null}},"27":{"start":{"line":60,"column":23},"end":{"line":60,"column":null}},"28":{"start":{"line":61,"column":19},"end":{"line":61,"column":null}},"29":{"start":{"line":63,"column":6},"end":{"line":74,"column":null}},"30":{"start":{"line":64,"column":35},"end":{"line":72,"column":null}},"31":{"start":{"line":66,"column":12},"end":{"line":69,"column":null}},"32":{"start":{"line":67,"column":29},"end":{"line":67,"column":null}},"33":{"start":{"line":68,"column":14},"end":{"line":68,"column":null}},"34":{"start":{"line":70,"column":12},"end":{"line":70,"column":null}},"35":{"start":{"line":73,"column":8},"end":{"line":73,"column":null}},"36":{"start":{"line":73,"column":53},"end":{"line":73,"column":66}},"37":{"start":{"line":76,"column":6},"end":{"line":76,"column":null}},"38":{"start":{"line":78,"column":6},"end":{"line":78,"column":null}},"39":{"start":{"line":82,"column":25},"end":{"line":100,"column":null}},"40":{"start":{"line":83,"column":4},"end":{"line":98,"column":null}},"41":{"start":{"line":84,"column":18},"end":{"line":86,"column":null}},"42":{"start":{"line":87,"column":23},"end":{"line":87,"column":null}},"43":{"start":{"line":88,"column":19},"end":{"line":88,"column":null}},"44":{"start":{"line":90,"column":6},"end":{"line":95,"column":null}},"45":{"start":{"line":91,"column":8},"end":{"line":94,"column":null}},"46":{"start":{"line":97,"column":6},"end":{"line":97,"column":null}},"47":{"start":{"line":99,"column":4},"end":{"line":99,"column":null}},"48":{"start":{"line":102,"column":23},"end":{"line":125,"column":null}},"49":{"start":{"line":103,"column":4},"end":{"line":103,"column":null}},"50":{"start":{"line":104,"column":4},"end":{"line":104,"column":null}},"51":{"start":{"line":104,"column":17},"end":{"line":104,"column":null}},"52":{"start":{"line":106,"column":16},"end":{"line":108,"column":null}},"53":{"start":{"line":110,"column":4},"end":{"line":124,"column":null}},"54":{"start":{"line":111,"column":18},"end":{"line":111,"column":null}},"55":{"start":{"line":112,"column":19},"end":{"line":112,"column":null}},"56":{"start":{"line":114,"column":6},"end":{"line":121,"column":null}},"57":{"start":{"line":115,"column":29},"end":{"line":115,"column":null}},"58":{"start":{"line":116,"column":23},"end":{"line":116,"column":null}},"59":{"start":{"line":117,"column":8},"end":{"line":117,"column":null}},"60":{"start":{"line":117,"column":29},"end":{"line":117,"column":46}},"61":{"start":{"line":118,"column":8},"end":{"line":118,"column":null}},"62":{"start":{"line":120,"column":8},"end":{"line":120,"column":null}},"63":{"start":{"line":123,"column":6},"end":{"line":123,"column":null}},"64":{"start":{"line":127,"column":21},"end":{"line":129,"column":null}},"65":{"start":{"line":128,"column":4},"end":{"line":128,"column":null}},"66":{"start":{"line":131,"column":25},"end":{"line":144,"column":null}},"67":{"start":{"line":132,"column":4},"end":{"line":143,"column":null}},"68":{"start":{"line":134,"column":8},"end":{"line":134,"column":null}},"69":{"start":{"line":136,"column":8},"end":{"line":136,"column":null}},"70":{"start":{"line":138,"column":8},"end":{"line":138,"column":null}},"71":{"start":{"line":140,"column":8},"end":{"line":140,"column":null}},"72":{"start":{"line":142,"column":8},"end":{"line":142,"column":null}},"73":{"start":{"line":146,"column":2},"end":{"line":197,"column":null}},"74":{"start":{"line":153,"column":27},"end":{"line":153,"column":53}},"75":{"start":{"line":176,"column":10},"end":{"line":176,"column":null}},"76":{"start":{"line":180,"column":10},"end":{"line":190,"column":null}},"77":{"start":{"line":199,"column":2},"end":{"line":47,"column":14}},"78":{"start":{"line":47,"column":11},"end":{"line":null,"column":-1}},"79":{"start":{"line":201,"column":21},"end":{"line":201,"column":null}}},"fnMap":{"0":{"name":"RecenterMap","decl":{"start":{"line":24,"column":9},"end":{"line":24,"column":20}},"loc":{"start":{"line":24,"column":35},"end":{"line":45,"column":1}}},"1":{"name":"(anonymous_1)","decl":{"start":{"line":26,"column":12},"end":{"line":26,"column":18}},"loc":{"start":{"line":26,"column":18},"end":{"line":42,"column":5}}},"2":{"name":"(anonymous_2)","decl":{"start":{"line":38,"column":17},"end":{"line":38,"column":23}},"loc":{"start":{"line":38,"column":23},"end":{"line":40,"column":9}}},"3":{"name":"(anonymous_3)","decl":{"start":{"line":24,"column":20},"end":{"line":24,"column":21}},"loc":{"start":{"line":24,"column":20},"end":{"line":25,"column":21}}},"4":{"name":"(anonymous_4)","decl":{"start":{"line":47,"column":14},"end":{"line":47,"column":20}},"loc":{"start":{"line":47,"column":20},"end":{"line":199,"column":2}}},"5":{"name":"(anonymous_5)","decl":{"start":{"line":54,"column":12},"end":{"line":54,"column":18}},"loc":{"start":{"line":54,"column":18},"end":{"line":56,"column":5}}},"6":{"name":"(anonymous_6)","decl":{"start":{"line":58,"column":24},"end":{"line":58,"column":36}},"loc":{"start":{"line":58,"column":36},"end":{"line":80,"column":null}}},"7":{"name":"(anonymous_7)","decl":{"start":{"line":65,"column":28},"end":{"line":65,"column":35}},"loc":{"start":{"line":65,"column":47},"end":{"line":71,"column":11}}},"8":{"name":"(anonymous_8)","decl":{"start":{"line":73,"column":46},"end":{"line":73,"column":47}},"loc":{"start":{"line":73,"column":53},"end":{"line":73,"column":66}}},"9":{"name":"(anonymous_9)","decl":{"start":{"line":82,"column":25},"end":{"line":82,"column":32}},"loc":{"start":{"line":82,"column":44},"end":{"line":100,"column":null}}},"10":{"name":"(anonymous_10)","decl":{"start":{"line":102,"column":23},"end":{"line":102,"column":30}},"loc":{"start":{"line":102,"column":36},"end":{"line":125,"column":null}}},"11":{"name":"(anonymous_11)","decl":{"start":{"line":117,"column":19},"end":{"line":117,"column":20}},"loc":{"start":{"line":117,"column":29},"end":{"line":117,"column":46}}},"12":{"name":"(anonymous_12)","decl":{"start":{"line":127,"column":21},"end":{"line":127,"column":22}},"loc":{"start":{"line":127,"column":37},"end":{"line":129,"column":null}}},"13":{"name":"(anonymous_13)","decl":{"start":{"line":131,"column":25},"end":{"line":131,"column":26}},"loc":{"start":{"line":131,"column":37},"end":{"line":144,"column":null}}},"14":{"name":"(anonymous_14)","decl":{"start":{"line":153,"column":20},"end":{"line":153,"column":21}},"loc":{"start":{"line":153,"column":27},"end":{"line":153,"column":53}}},"15":{"name":"(anonymous_15)","decl":{"start":{"line":175,"column":21},"end":{"line":175,"column":22}},"loc":{"start":{"line":176,"column":10},"end":{"line":176,"column":null}}},"16":{"name":"(anonymous_16)","decl":{"start":{"line":179,"column":22},"end":{"line":179,"column":23}},"loc":{"start":{"line":180,"column":10},"end":{"line":190,"column":null}}}},"branchMap":{"0":{"loc":{"start":{"line":27,"column":4},"end":{"line":41,"column":null}},"type":"if","locations":[{"start":{"line":27,"column":4},"end":{"line":41,"column":null}}]},"1":{"loc":{"start":{"line":27,"column":8},"end":{"line":27,"column":20}},"type":"binary-expr","locations":[{"start":{"line":27,"column":8},"end":{"line":27,"column":15}},{"start":{"line":27,"column":15},"end":{"line":27,"column":20}}]},"2":{"loc":{"start":{"line":63,"column":6},"end":{"line":74,"column":null}},"type":"if","locations":[{"start":{"line":63,"column":6},"end":{"line":74,"column":null}}]},"3":{"loc":{"start":{"line":66,"column":12},"end":{"line":69,"column":null}},"type":"if","locations":[{"start":{"line":66,"column":12},"end":{"line":69,"column":null}}]},"4":{"loc":{"start":{"line":90,"column":6},"end":{"line":95,"column":null}},"type":"if","locations":[{"start":{"line":90,"column":6},"end":{"line":95,"column":null}}]},"5":{"loc":{"start":{"line":104,"column":4},"end":{"line":104,"column":null}},"type":"if","locations":[{"start":{"line":104,"column":4},"end":{"line":104,"column":null}}]},"6":{"loc":{"start":{"line":114,"column":6},"end":{"line":121,"column":null}},"type":"if","locations":[{"start":{"line":114,"column":6},"end":{"line":121,"column":null}},{"start":{"line":119,"column":13},"end":{"line":121,"column":null}}]},"7":{"loc":{"start":{"line":132,"column":4},"end":{"line":143,"column":null}},"type":"switch","locations":[{"start":{"line":133,"column":6},"end":{"line":134,"column":null}},{"start":{"line":135,"column":6},"end":{"line":136,"column":null}},{"start":{"line":137,"column":6},"end":{"line":138,"column":null}},{"start":{"line":139,"column":6},"end":{"line":140,"column":null}},{"start":{"line":141,"column":6},"end":{"line":142,"column":null}}]},"8":{"loc":{"start":{"line":158,"column":7},"end":{"line":161,"column":null}},"type":"binary-expr","locations":[{"start":{"line":158,"column":7},"end":{"line":158,"column":null}},{"start":{"line":159,"column":8},"end":{"line":161,"column":null}}]},"9":{"loc":{"start":{"line":193,"column":9},"end":{"line":194,"column":null}},"type":"binary-expr","locations":[{"start":{"line":193,"column":9},"end":{"line":193,"column":null}},{"start":{"line":194,"column":10},"end":{"line":194,"column":null}}]}},"s":{"0":1,"1":1,"2":0,"3":0,"4":0,"5":0,"6":0,"7":0,"8":0,"9":0,"10":0,"11":0,"12":0,"13":1,"14":0,"15":1,"16":1,"17":0,"18":0,"19":0,"20":0,"21":0,"22":0,"23":0,"24":0,"25":0,"26":0,"27":0,"28":0,"29":0,"30":0,"31":0,"32":0,"33":0,"34":0,"35":0,"36":0,"37":0,"38":0,"39":0,"40":0,"41":0,"42":0,"43":0,"44":0,"45":0,"46":0,"47":0,"48":0,"49":0,"50":0,"51":0,"52":0,"53":0,"54":0,"55":0,"56":0,"57":0,"58":0,"59":0,"60":0,"61":0,"62":0,"63":0,"64":0,"65":0,"66":0,"67":0,"68":0,"69":0,"70":0,"71":0,"72":0,"73":0,"74":0,"75":0,"76":0,"77":1,"78":1,"79":2},"f":{"0":0,"1":0,"2":0,"3":0,"4":0,"5":0,"6":0,"7":0,"8":0,"9":0,"10":0,"11":0,"12":0,"13":0,"14":0,"15":0,"16":0},"b":{"0":[0],"1":[0,0],"2":[0],"3":[0],"4":[0],"5":[0],"6":[0,0],"7":[0,0,0,0,0],"8":[0,0],"9":[0,0]}}
,"/Users/umar/manufind-1/manufind/frontend/src/Components/ProfileClient/ProfileClient.jsx": {"path":"/Users/umar/manufind-1/manufind/frontend/src/Components/ProfileClient/ProfileClient.jsx","statementMap":{"0":{"start":{"line":6,"column":22},"end":{"line":54,"column":2}},"1":{"start":{"line":6,"column":28},"end":{"line":6,"column":null}},"2":{"start":{"line":7,"column":30},"end":{"line":7,"column":null}},"3":{"start":{"line":8,"column":24},"end":{"line":8,"column":null}},"4":{"start":{"line":9,"column":28},"end":{"line":9,"column":null}},"5":{"start":{"line":10,"column":32},"end":{"line":10,"column":null}},"6":{"start":{"line":12,"column":2},"end":{"line":12,"column":null}},"7":{"start":{"line":12,"column":17},"end":{"line":12,"column":null}},"8":{"start":{"line":15,"column":4},"end":{"line":15,"column":null}},"9":{"start":{"line":16,"column":4},"end":{"line":32,"column":null}},"10":{"start":{"line":17,"column":23},"end":{"line":21,"column":null}},"11":{"start":{"line":23,"column":19},"end":{"line":23,"column":null}},"12":{"start":{"line":24,"column":6},"end":{"line":29,"column":null}},"13":{"start":{"line":25,"column":8},"end":{"line":25,"column":null}},"14":{"start":{"line":26,"column":8},"end":{"line":26,"column":null}},"15":{"start":{"line":28,"column":8},"end":{"line":28,"column":null}},"16":{"start":{"line":31,"column":6},"end":{"line":31,"column":null}},"17":{"start":{"line":35,"column":2},"end":{"line":52,"column":null}},"18":{"start":{"line":43,"column":44},"end":{"line":43,"column":67}},"19":{"start":{"line":46,"column":46},"end":{"line":46,"column":71}},"20":{"start":{"line":54,"column":2},"end":{"line":7,"column":38}},"21":{"start":{"line":6,"column":19},"end":{"line":7,"column":38}},"22":{"start":{"line":7,"column":37},"end":{"line":6,"column":19}},"23":{"start":{"line":56,"column":29},"end":{"line":56,"column":null}}},"fnMap":{"0":{"name":"(anonymous_0)","decl":{"start":{"line":6,"column":22},"end":{"line":6,"column":28}},"loc":{"start":{"line":6,"column":28},"end":{"line":54,"column":2}}},"1":{"name":"handleUpdate","decl":{"start":{"line":14,"column":17},"end":{"line":14,"column":30}},"loc":{"start":{"line":14,"column":33},"end":{"line":33,"column":null}}},"2":{"name":"(anonymous_2)","decl":{"start":{"line":43,"column":37},"end":{"line":43,"column":38}},"loc":{"start":{"line":43,"column":44},"end":{"line":43,"column":67}}},"3":{"name":"(anonymous_3)","decl":{"start":{"line":46,"column":39},"end":{"line":46,"column":40}},"loc":{"start":{"line":46,"column":46},"end":{"line":46,"column":71}}},"4":{"name":"(anonymous_4)","decl":{"start":{"line":6,"column":19},"end":{"line":6,"column":22}},"loc":{"start":{"line":6,"column":19},"end":{"line":7,"column":38}}}},"branchMap":{"0":{"loc":{"start":{"line":8,"column":33},"end":{"line":8,"column":57}},"type":"binary-expr","locations":[{"start":{"line":8,"column":33},"end":{"line":8,"column":55}},{"start":{"line":8,"column":55},"end":{"line":8,"column":57}}]},"1":{"loc":{"start":{"line":9,"column":37},"end":{"line":9,"column":63}},"type":"binary-expr","locations":[{"start":{"line":9,"column":37},"end":{"line":9,"column":61}},{"start":{"line":9,"column":61},"end":{"line":9,"column":63}}]},"2":{"loc":{"start":{"line":12,"column":2},"end":{"line":12,"column":null}},"type":"if","locations":[{"start":{"line":12,"column":2},"end":{"line":12,"column":null}}]},"3":{"loc":{"start":{"line":24,"column":6},"end":{"line":29,"column":null}},"type":"if","locations":[{"start":{"line":24,"column":6},"end":{"line":29,"column":null}},{"start":{"line":27,"column":13},"end":{"line":29,"column":null}}]},"4":{"loc":{"start":{"line":51,"column":7},"end":{"line":51,"column":null}},"type":"binary-expr","locations":[{"start":{"line":51,"column":7},"end":{"line":51,"column":18}},{"start":{"line":51,"column":18},"end":{"line":51,"column":null}}]}},"s":{"0":1,"1":2,"2":2,"3":2,"4":2,"5":2,"6":2,"7":0,"8":0,"9":0,"10":0,"11":0,"12":0,"13":0,"14":0,"15":0,"16":0,"17":2,"18":0,"19":0,"20":1,"21":1,"22":1,"23":1},"f":{"0":2,"1":0,"2":0,"3":0,"4":1},"b":{"0":[2,0],"1":[2,0],"2":[0],"3":[0,0],"4":[2,0]}}
,"/Users/umar/manufind-1/manufind/frontend/src/Components/ProfilePrestataire/ProfilePrestataire.jsx": {"path":"/Users/umar/manufind-1/manufind/frontend/src/Components/ProfilePrestataire/ProfilePrestataire.jsx","statementMap":{"0":{"start":{"line":6,"column":27},"end":{"line":54,"column":2}},"1":{"start":{"line":6,"column":33},"end":{"line":6,"column":null}},"2":{"start":{"line":7,"column":30},"end":{"line":7,"column":null}},"3":{"start":{"line":8,"column":24},"end":{"line":8,"column":null}},"4":{"start":{"line":9,"column":28},"end":{"line":9,"column":null}},"5":{"start":{"line":10,"column":32},"end":{"line":10,"column":null}},"6":{"start":{"line":12,"column":2},"end":{"line":12,"column":null}},"7":{"start":{"line":12,"column":17},"end":{"line":12,"column":null}},"8":{"start":{"line":15,"column":4},"end":{"line":15,"column":null}},"9":{"start":{"line":16,"column":4},"end":{"line":32,"column":null}},"10":{"start":{"line":17,"column":23},"end":{"line":21,"column":null}},"11":{"start":{"line":23,"column":19},"end":{"line":23,"column":null}},"12":{"start":{"line":24,"column":6},"end":{"line":29,"column":null}},"13":{"start":{"line":25,"column":8},"end":{"line":25,"column":null}},"14":{"start":{"line":26,"column":8},"end":{"line":26,"column":null}},"15":{"start":{"line":28,"column":8},"end":{"line":28,"column":null}},"16":{"start":{"line":31,"column":6},"end":{"line":31,"column":null}},"17":{"start":{"line":35,"column":2},"end":{"line":52,"column":null}},"18":{"start":{"line":43,"column":44},"end":{"line":43,"column":67}},"19":{"start":{"line":46,"column":46},"end":{"line":46,"column":71}},"20":{"start":{"line":54,"column":2},"end":{"line":7,"column":38}},"21":{"start":{"line":6,"column":24},"end":{"line":7,"column":38}},"22":{"start":{"line":7,"column":37},"end":{"line":6,"column":24}},"23":{"start":{"line":56,"column":34},"end":{"line":56,"column":null}}},"fnMap":{"0":{"name":"(anonymous_0)","decl":{"start":{"line":6,"column":27},"end":{"line":6,"column":33}},"loc":{"start":{"line":6,"column":33},"end":{"line":54,"column":2}}},"1":{"name":"handleUpdate","decl":{"start":{"line":14,"column":17},"end":{"line":14,"column":30}},"loc":{"start":{"line":14,"column":33},"end":{"line":33,"column":null}}},"2":{"name":"(anonymous_2)","decl":{"start":{"line":43,"column":37},"end":{"line":43,"column":38}},"loc":{"start":{"line":43,"column":44},"end":{"line":43,"column":67}}},"3":{"name":"(anonymous_3)","decl":{"start":{"line":46,"column":39},"end":{"line":46,"column":40}},"loc":{"start":{"line":46,"column":46},"end":{"line":46,"column":71}}},"4":{"name":"(anonymous_4)","decl":{"start":{"line":6,"column":24},"end":{"line":6,"column":27}},"loc":{"start":{"line":6,"column":24},"end":{"line":7,"column":38}}}},"branchMap":{"0":{"loc":{"start":{"line":8,"column":33},"end":{"line":8,"column":57}},"type":"binary-expr","locations":[{"start":{"line":8,"column":33},"end":{"line":8,"column":55}},{"start":{"line":8,"column":55},"end":{"line":8,"column":57}}]},"1":{"loc":{"start":{"line":9,"column":37},"end":{"line":9,"column":63}},"type":"binary-expr","locations":[{"start":{"line":9,"column":37},"end":{"line":9,"column":61}},{"start":{"line":9,"column":61},"end":{"line":9,"column":63}}]},"2":{"loc":{"start":{"line":12,"column":2},"end":{"line":12,"column":null}},"type":"if","locations":[{"start":{"line":12,"column":2},"end":{"line":12,"column":null}}]},"3":{"loc":{"start":{"line":24,"column":6},"end":{"line":29,"column":null}},"type":"if","locations":[{"start":{"line":24,"column":6},"end":{"line":29,"column":null}},{"start":{"line":27,"column":13},"end":{"line":29,"column":null}}]},"4":{"loc":{"start":{"line":51,"column":7},"end":{"line":51,"column":null}},"type":"binary-expr","locations":[{"start":{"line":51,"column":7},"end":{"line":51,"column":18}},{"start":{"line":51,"column":18},"end":{"line":51,"column":null}}]}},"s":{"0":1,"1":0,"2":0,"3":0,"4":0,"5":0,"6":0,"7":0,"8":0,"9":0,"10":0,"11":0,"12":0,"13":0,"14":0,"15":0,"16":0,"17":0,"18":0,"19":0,"20":1,"21":0,"22":1,"23":1},"f":{"0":0,"1":0,"2":0,"3":0,"4":0},"b":{"0":[0,0],"1":[0,0],"2":[0],"3":[0,0],"4":[0,0]}}
,"/Users/umar/manufind-1/manufind/frontend/src/Components/RequestCard/RequestCard.jsx": {"path":"/Users/umar/manufind-1/manufind/frontend/src/Components/RequestCard/RequestCard.jsx","statementMap":{"0":{"start":{"line":5,"column":20},"end":{"line":149,"column":2}},"1":{"start":{"line":5,"column":26},"end":{"line":5,"column":null}},"2":{"start":{"line":6,"column":23},"end":{"line":6,"column":null}},"3":{"start":{"line":7,"column":36},"end":{"line":7,"column":null}},"4":{"start":{"line":8,"column":40},"end":{"line":8,"column":null}},"5":{"start":{"line":9,"column":32},"end":{"line":9,"column":null}},"6":{"start":{"line":10,"column":38},"end":{"line":10,"column":null}},"7":{"start":{"line":11,"column":36},"end":{"line":11,"column":null}},"8":{"start":{"line":12,"column":42},"end":{"line":12,"column":null}},"9":{"start":{"line":13,"column":32},"end":{"line":13,"column":null}},"10":{"start":{"line":15,"column":21},"end":{"line":30,"column":null}},"11":{"start":{"line":33,"column":23},"end":{"line":73,"column":null}},"12":{"start":{"line":34,"column":4},"end":{"line":34,"column":null}},"13":{"start":{"line":36,"column":19},"end":{"line":36,"column":null}},"14":{"start":{"line":37,"column":4},"end":{"line":40,"column":null}},"15":{"start":{"line":38,"column":6},"end":{"line":38,"column":null}},"16":{"start":{"line":39,"column":6},"end":{"line":39,"column":null}},"17":{"start":{"line":42,"column":23},"end":{"line":50,"column":null}},"18":{"start":{"line":52,"column":4},"end":{"line":72,"column":null}},"19":{"start":{"line":53,"column":18},"end":{"line":57,"column":null}},"20":{"start":{"line":59,"column":6},"end":{"line":69,"column":null}},"21":{"start":{"line":60,"column":8},"end":{"line":60,"column":null}},"22":{"start":{"line":61,"column":8},"end":{"line":61,"column":null}},"23":{"start":{"line":62,"column":8},"end":{"line":62,"column":null}},"24":{"start":{"line":63,"column":8},"end":{"line":63,"column":null}},"25":{"start":{"line":64,"column":8},"end":{"line":64,"column":null}},"26":{"start":{"line":65,"column":8},"end":{"line":65,"column":null}},"27":{"start":{"line":67,"column":20},"end":{"line":67,"column":null}},"28":{"start":{"line":68,"column":8},"end":{"line":68,"column":null}},"29":{"start":{"line":71,"column":6},"end":{"line":71,"column":null}},"30":{"start":{"line":75,"column":2},"end":{"line":147,"column":null}},"31":{"start":{"line":83,"column":27},"end":{"line":83,"column":null}},"32":{"start":{"line":88,"column":12},"end":{"line":90,"column":null}},"33":{"start":{"line":99,"column":27},"end":{"line":99,"column":null}},"34":{"start":{"line":108,"column":27},"end":{"line":108,"column":null}},"35":{"start":{"line":117,"column":27},"end":{"line":117,"column":null}},"36":{"start":{"line":125,"column":27},"end":{"line":125,"column":56}},"37":{"start":{"line":132,"column":27},"end":{"line":132,"column":null}},"38":{"start":{"line":149,"column":2},"end":{"line":6,"column":31}},"39":{"start":{"line":5,"column":17},"end":{"line":6,"column":31}},"40":{"start":{"line":6,"column":30},"end":{"line":5,"column":17}},"41":{"start":{"line":151,"column":27},"end":{"line":151,"column":null}}},"fnMap":{"0":{"name":"(anonymous_0)","decl":{"start":{"line":5,"column":20},"end":{"line":5,"column":26}},"loc":{"start":{"line":5,"column":26},"end":{"line":149,"column":2}}},"1":{"name":"(anonymous_1)","decl":{"start":{"line":33,"column":23},"end":{"line":33,"column":30}},"loc":{"start":{"line":33,"column":36},"end":{"line":73,"column":null}}},"2":{"name":"(anonymous_2)","decl":{"start":{"line":83,"column":20},"end":{"line":83,"column":21}},"loc":{"start":{"line":83,"column":27},"end":{"line":83,"column":null}}},"3":{"name":"(anonymous_3)","decl":{"start":{"line":87,"column":26},"end":{"line":87,"column":27}},"loc":{"start":{"line":88,"column":12},"end":{"line":90,"column":null}}},"4":{"name":"(anonymous_4)","decl":{"start":{"line":99,"column":20},"end":{"line":99,"column":21}},"loc":{"start":{"line":99,"column":27},"end":{"line":99,"column":null}}},"5":{"name":"(anonymous_5)","decl":{"start":{"line":108,"column":20},"end":{"line":108,"column":21}},"loc":{"start":{"line":108,"column":27},"end":{"line":108,"column":null}}},"6":{"name":"(anonymous_6)","decl":{"start":{"line":117,"column":20},"end":{"line":117,"column":21}},"loc":{"start":{"line":117,"column":27},"end":{"line":117,"column":null}}},"7":{"name":"(anonymous_7)","decl":{"start":{"line":125,"column":20},"end":{"line":125,"column":21}},"loc":{"start":{"line":125,"column":27},"end":{"line":125,"column":56}}},"8":{"name":"(anonymous_8)","decl":{"start":{"line":132,"column":20},"end":{"line":132,"column":21}},"loc":{"start":{"line":132,"column":27},"end":{"line":132,"column":null}}},"9":{"name":"(anonymous_9)","decl":{"start":{"line":5,"column":17},"end":{"line":5,"column":20}},"loc":{"start":{"line":5,"column":17},"end":{"line":6,"column":31}}}},"branchMap":{"0":{"loc":{"start":{"line":36,"column":19},"end":{"line":36,"column":null}},"type":"binary-expr","locations":[{"start":{"line":36,"column":19},"end":{"line":36,"column":41}},{"start":{"line":36,"column":41},"end":{"line":36,"column":null}}]},"1":{"loc":{"start":{"line":37,"column":4},"end":{"line":40,"column":null}},"type":"if","locations":[{"start":{"line":37,"column":4},"end":{"line":40,"column":null}}]},"2":{"loc":{"start":{"line":48,"column":18},"end":{"line":48,"column":null}},"type":"binary-expr","locations":[{"start":{"line":48,"column":18},"end":{"line":48,"column":31}},{"start":{"line":48,"column":31},"end":{"line":48,"column":null}}]},"3":{"loc":{"start":{"line":49,"column":21},"end":{"line":49,"column":null}},"type":"binary-expr","locations":[{"start":{"line":49,"column":21},"end":{"line":49,"column":37}},{"start":{"line":49,"column":37},"end":{"line":49,"column":null}}]},"4":{"loc":{"start":{"line":59,"column":6},"end":{"line":69,"column":null}},"type":"if","locations":[{"start":{"line":59,"column":6},"end":{"line":69,"column":null}},{"start":{"line":66,"column":13},"end":{"line":69,"column":null}}]},"5":{"loc":{"start":{"line":68,"column":36},"end":{"line":68,"column":70}},"type":"binary-expr","locations":[{"start":{"line":68,"column":36},"end":{"line":68,"column":51}},{"start":{"line":68,"column":51},"end":{"line":68,"column":70}}]},"6":{"loc":{"start":{"line":138,"column":9},"end":{"line":138,"column":null}},"type":"binary-expr","locations":[{"start":{"line":138,"column":9},"end":{"line":138,"column":20}},{"start":{"line":138,"column":20},"end":{"line":138,"column":null}}]}},"s":{"0":1,"1":0,"2":0,"3":0,"4":0,"5":0,"6":0,"7":0,"8":0,"9":0,"10":0,"11":0,"12":0,"13":0,"14":0,"15":0,"16":0,"17":0,"18":0,"19":0,"20":0,"21":0,"22":0,"23":0,"24":0,"25":0,"26":0,"27":0,"28":0,"29":0,"30":0,"31":0,"32":0,"33":0,"34":0,"35":0,"36":0,"37":0,"38":1,"39":0,"40":1,"41":1},"f":{"0":0,"1":0,"2":0,"3":0,"4":0,"5":0,"6":0,"7":0,"8":0,"9":0},"b":{"0":[0,0],"1":[0],"2":[0,0],"3":[0,0],"4":[0,0],"5":[0,0],"6":[0,0]}}
,"/Users/umar/manufind-1/manufind/frontend/src/Components/RequestModal/RequestModal.jsx": {"path":"/Users/umar/manufind-1/manufind/frontend/src/Components/RequestModal/RequestModal.jsx","statementMap":{"0":{"start":{"line":4,"column":21},"end":{"line":21,"column":2}},"1":{"start":{"line":5,"column":2},"end":{"line":5,"column":null}},"2":{"start":{"line":5,"column":16},"end":{"line":5,"column":null}},"3":{"start":{"line":7,"column":2},"end":{"line":19,"column":null}},"4":{"start":{"line":21,"column":2},"end":{"line":4,"column":21}},"5":{"start":{"line":23,"column":28},"end":{"line":23,"column":null}}},"fnMap":{"0":{"name":"(anonymous_0)","decl":{"start":{"line":4,"column":21},"end":{"line":4,"column":22}},"loc":{"start":{"line":4,"column":38},"end":{"line":21,"column":2}}}},"branchMap":{"0":{"loc":{"start":{"line":5,"column":2},"end":{"line":5,"column":null}},"type":"if","locations":[{"start":{"line":5,"column":2},"end":{"line":5,"column":null}}]}},"s":{"0":1,"1":0,"2":0,"3":0,"4":1,"5":1},"f":{"0":0},"b":{"0":[0]}}
,"/Users/umar/manufind-1/manufind/frontend/src/Components/RootLayout/RootLayout.jsx": {"path":"/Users/umar/manufind-1/manufind/frontend/src/Components/RootLayout/RootLayout.jsx","statementMap":{"0":{"start":{"line":6,"column":19},"end":{"line":15,"column":2}},"1":{"start":{"line":7,"column":2},"end":{"line":13,"column":null}},"2":{"start":{"line":15,"column":2},"end":{"line":6,"column":19}},"3":{"start":{"line":17,"column":26},"end":{"line":17,"column":null}}},"fnMap":{"0":{"name":"(anonymous_0)","decl":{"start":{"line":6,"column":19},"end":{"line":6,"column":25}},"loc":{"start":{"line":6,"column":25},"end":{"line":15,"column":2}}}},"branchMap":{},"s":{"0":1,"1":2,"2":1,"3":1},"f":{"0":2},"b":{}}
,"/Users/umar/manufind-1/manufind/frontend/src/Components/SearchCard/SearchCard.jsx": {"path":"/Users/umar/manufind-1/manufind/frontend/src/Components/SearchCard/SearchCard.jsx","statementMap":{"0":{"start":{"line":3,"column":19},"end":{"line":16,"column":1}},"1":{"start":{"line":4,"column":2},"end":{"line":14,"column":null}},"2":{"start":{"line":16,"column":1},"end":{"line":3,"column":19}},"3":{"start":{"line":18,"column":25},"end":{"line":18,"column":null}}},"fnMap":{"0":{"name":"(anonymous_0)","decl":{"start":{"line":3,"column":19},"end":{"line":3,"column":25}},"loc":{"start":{"line":3,"column":25},"end":{"line":16,"column":1}}}},"branchMap":{},"s":{"0":1,"1":0,"2":1,"3":1},"f":{"0":0},"b":{}}
,"/Users/umar/manufind-1/manufind/frontend/src/Components/Services/Services.jsx": {"path":"/Users/umar/manufind-1/manufind/frontend/src/Components/Services/Services.jsx","statementMap":{"0":{"start":{"line":3,"column":17},"end":{"line":7,"column":1}},"1":{"start":{"line":4,"column":4},"end":{"line":6,"column":null}},"2":{"start":{"line":7,"column":1},"end":{"line":3,"column":17}},"3":{"start":{"line":9,"column":24},"end":{"line":9,"column":null}}},"fnMap":{"0":{"name":"(anonymous_0)","decl":{"start":{"line":3,"column":17},"end":{"line":3,"column":23}},"loc":{"start":{"line":3,"column":23},"end":{"line":7,"column":1}}}},"branchMap":{},"s":{"0":1,"1":0,"2":1,"3":1},"f":{"0":0},"b":{}}
,"/Users/umar/manufind-1/manufind/frontend/src/Components/SignupForm/SignupForm.jsx": {"path":"/Users/umar/manufind-1/manufind/frontend/src/Components/SignupForm/SignupForm.jsx","statementMap":{"0":{"start":{"line":6,"column":19},"end":{"line":110,"column":2}},"1":{"start":{"line":6,"column":25},"end":{"line":6,"column":null}},"2":{"start":{"line":7,"column":24},"end":{"line":7,"column":null}},"3":{"start":{"line":8,"column":28},"end":{"line":8,"column":null}},"4":{"start":{"line":9,"column":38},"end":{"line":9,"column":null}},"5":{"start":{"line":10,"column":38},"end":{"line":10,"column":null}},"6":{"start":{"line":11,"column":26},"end":{"line":11,"column":null}},"7":{"start":{"line":12,"column":32},"end":{"line":12,"column":null}},"8":{"start":{"line":13,"column":19},"end":{"line":13,"column":null}},"9":{"start":{"line":16,"column":4},"end":{"line":16,"column":null}},"10":{"start":{"line":18,"column":4},"end":{"line":21,"column":null}},"11":{"start":{"line":19,"column":6},"end":{"line":19,"column":null}},"12":{"start":{"line":20,"column":6},"end":{"line":20,"column":null}},"13":{"start":{"line":23,"column":4},"end":{"line":35,"column":null}},"14":{"start":{"line":24,"column":18},"end":{"line":28,"column":null}},"15":{"start":{"line":30,"column":19},"end":{"line":30,"column":null}},"16":{"start":{"line":31,"column":6},"end":{"line":32,"column":null}},"17":{"start":{"line":31,"column":18},"end":{"line":31,"column":null}},"18":{"start":{"line":32,"column":11},"end":{"line":32,"column":null}},"19":{"start":{"line":34,"column":6},"end":{"line":34,"column":null}},"20":{"start":{"line":38,"column":2},"end":{"line":108,"column":null}},"21":{"start":{"line":52,"column":29},"end":{"line":52,"column":null}},"22":{"start":{"line":60,"column":29},"end":{"line":60,"column":null}},"23":{"start":{"line":68,"column":29},"end":{"line":68,"column":null}},"24":{"start":{"line":76,"column":29},"end":{"line":76,"column":null}},"25":{"start":{"line":81,"column":48},"end":{"line":81,"column":null}},"26":{"start":{"line":110,"column":2},"end":{"line":13,"column":31}},"27":{"start":{"line":6,"column":16},"end":{"line":13,"column":31}},"28":{"start":{"line":13,"column":30},"end":{"line":6,"column":16}},"29":{"start":{"line":112,"column":26},"end":{"line":112,"column":null}}},"fnMap":{"0":{"name":"(anonymous_0)","decl":{"start":{"line":6,"column":19},"end":{"line":6,"column":25}},"loc":{"start":{"line":6,"column":25},"end":{"line":110,"column":2}}},"1":{"name":"handleSubmit","decl":{"start":{"line":15,"column":17},"end":{"line":15,"column":30}},"loc":{"start":{"line":15,"column":33},"end":{"line":36,"column":null}}},"2":{"name":"(anonymous_2)","decl":{"start":{"line":52,"column":22},"end":{"line":52,"column":23}},"loc":{"start":{"line":52,"column":29},"end":{"line":52,"column":null}}},"3":{"name":"(anonymous_3)","decl":{"start":{"line":60,"column":22},"end":{"line":60,"column":23}},"loc":{"start":{"line":60,"column":29},"end":{"line":60,"column":null}}},"4":{"name":"(anonymous_4)","decl":{"start":{"line":68,"column":22},"end":{"line":68,"column":23}},"loc":{"start":{"line":68,"column":29},"end":{"line":68,"column":null}}},"5":{"name":"(anonymous_5)","decl":{"start":{"line":76,"column":22},"end":{"line":76,"column":23}},"loc":{"start":{"line":76,"column":29},"end":{"line":76,"column":null}}},"6":{"name":"(anonymous_6)","decl":{"start":{"line":81,"column":41},"end":{"line":81,"column":42}},"loc":{"start":{"line":81,"column":48},"end":{"line":81,"column":null}}},"7":{"name":"(anonymous_7)","decl":{"start":{"line":6,"column":16},"end":{"line":6,"column":19}},"loc":{"start":{"line":6,"column":16},"end":{"line":13,"column":31}}}},"branchMap":{"0":{"loc":{"start":{"line":18,"column":4},"end":{"line":21,"column":null}},"type":"if","locations":[{"start":{"line":18,"column":4},"end":{"line":21,"column":null}}]},"1":{"loc":{"start":{"line":31,"column":6},"end":{"line":32,"column":null}},"type":"if","locations":[{"start":{"line":31,"column":6},"end":{"line":32,"column":null}},{"start":{"line":32,"column":11},"end":{"line":32,"column":null}}]},"2":{"loc":{"start":{"line":32,"column":22},"end":{"line":32,"column":67}},"type":"binary-expr","locations":[{"start":{"line":32,"column":22},"end":{"line":32,"column":36}},{"start":{"line":32,"column":36},"end":{"line":32,"column":67}}]},"3":{"loc":{"start":{"line":86,"column":11},"end":{"line":86,"column":null}},"type":"binary-expr","locations":[{"start":{"line":86,"column":11},"end":{"line":86,"column":22}},{"start":{"line":86,"column":22},"end":{"line":86,"column":null}}]}},"s":{"0":1,"1":0,"2":0,"3":0,"4":0,"5":0,"6":0,"7":0,"8":0,"9":0,"10":0,"11":0,"12":0,"13":0,"14":0,"15":0,"16":0,"17":0,"18":0,"19":0,"20":0,"21":0,"22":0,"23":0,"24":0,"25":0,"26":1,"27":0,"28":1,"29":1},"f":{"0":0,"1":0,"2":0,"3":0,"4":0,"5":0,"6":0,"7":0},"b":{"0":[0],"1":[0,0],"2":[0,0],"3":[0,0]}}
,"/Users/umar/manufind-1/manufind/frontend/src/config/api.js": {"path":"/Users/umar/manufind-1/manufind/frontend/src/config/api.js","statementMap":{"0":{"start":{"line":1,"column":21},"end":{"line":4,"column":68}}},"fnMap":{},"branchMap":{"0":{"loc":{"start":{"line":1,"column":21},"end":{"line":4,"column":68}},"type":"cond-expr","locations":[{"start":{"line":2,"column":4},"end":{"line":3,"column":null}},{"start":{"line":4,"column":4},"end":{"line":4,"column":68}}]},"1":{"loc":{"start":{"line":2,"column":4},"end":{"line":3,"column":null}},"type":"binary-expr","locations":[{"start":{"line":2,"column":4},"end":{"line":2,"column":42}},{"start":{"line":3,"column":4},"end":{"line":3,"column":null}}]},"2":{"loc":{"start":{"line":4,"column":4},"end":{"line":4,"column":68}},"type":"binary-expr","locations":[{"start":{"line":4,"column":4},"end":{"line":4,"column":41}},{"start":{"line":4,"column":45},"end":{"line":4,"column":68}}]}},"s":{"0":1},"f":{},"b":{"0":[0,1],"1":[0,0],"2":[1,1]}}
}
