TN:
SF:manufind/frontend/src/App.jsx
FN:17,App
FNF:1
FNH:1
FNDA:2,App
DA:18,2
DA:38,2
DA:43,1
DA:45,1
LF:4
LH:4
BRF:0
BRH:0
end_of_record
TN:
SF:manufind/frontend/src/main.jsx
FNF:0
FNH:0
DA:6,1
LF:1
LH:1
BRF:0
BRH:0
end_of_record
TN:
SF:manufind/frontend/src/Components/About/About.jsx
FN:7,(anonymous_0)
FNF:1
FNH:0
FNDA:0,(anonymous_0)
DA:7,1
DA:8,0
DA:77,1
DA:79,1
LF:4
LH:3
BRF:0
BRH:0
end_of_record
TN:
SF:manufind/frontend/src/Components/AuthContext/AuthContext.jsx
FN:5,(anonymous_0)
FN:8,(anonymous_1)
FN:12,(anonymous_2)
FN:23,(anonymous_3)
FNF:4
FNH:3
FNDA:4,(anonymous_0)
FNDA:1,(anonymous_1)
FNDA:0,(anonymous_2)
FNDA:54,(anonymous_3)
DA:3,1
DA:5,4
DA:6,4
DA:8,4
DA:9,1
DA:12,4
DA:13,0
DA:16,4
DA:21,1
DA:23,54
LF:10
LH:9
BRF:0
BRH:0
end_of_record
TN:
SF:manufind/frontend/src/Components/Contact/Contact.jsx
FN:3,(anonymous_0)
FNF:1
FNH:0
FNDA:0,(anonymous_0)
DA:3,1
DA:4,0
DA:7,1
DA:9,1
LF:4
LH:3
BRF:0
BRH:0
end_of_record
TN:
SF:manufind/frontend/src/Components/Error/ErrorPage.jsx
FN:1,(anonymous_0)
FNF:1
FNH:0
FNDA:0,(anonymous_0)
DA:1,1
DA:2,0
DA:8,1
DA:10,1
LF:4
LH:3
BRF:0
BRH:0
end_of_record
TN:
SF:manufind/frontend/src/Components/Header/Header.jsx
FN:6,(anonymous_0)
FN:9,(anonymous_1)
FN:6,(anonymous_2)
FNF:3
FNH:2
FNDA:4,(anonymous_0)
FNDA:0,(anonymous_1)
FNDA:1,(anonymous_2)
DA:6,4
DA:7,4
DA:9,4
DA:10,0
DA:13,4
DA:59,1
DA:61,1
LF:7
LH:6
BRDA:26,0,0,4
BRDA:26,0,1,2
BRDA:26,0,2,0
BRDA:29,1,0,4
BRDA:29,1,1,2
BRDA:29,1,2,2
BRDA:35,2,0,2
BRDA:35,2,1,2
BRDA:39,3,0,2
BRDA:39,3,1,0
BRF:10
BRH:8
end_of_record
TN:
SF:manufind/frontend/src/Components/LoginForm/LoginForm.jsx
FN:7,(anonymous_0)
FN:14,handleSubmit
FN:54,(anonymous_2)
FN:64,(anonymous_3)
FN:7,(anonymous_4)
FNF:5
FNH:5
FNDA:48,(anonymous_0)
FNDA:1,handleSubmit
FNDA:15,(anonymous_2)
FNDA:7,(anonymous_3)
FNDA:1,(anonymous_4)
DA:7,48
DA:8,48
DA:9,48
DA:10,48
DA:11,48
DA:12,48
DA:15,1
DA:17,1
DA:18,1
DA:24,1
DA:25,1
DA:26,1
DA:27,1
DA:30,0
DA:32,0
DA:36,48
DA:54,15
DA:64,7
DA:102,1
DA:104,1
LF:20
LH:18
BRDA:25,0,0,1
BRDA:25,0,1,0
BRDA:28,1,0,1
BRDA:28,1,1,0
BRDA:30,2,0,0
BRDA:30,2,1,0
BRDA:69,3,0,48
BRDA:69,3,1,0
BRF:8
BRH:3
end_of_record
TN:
SF:manufind/frontend/src/Components/MainPage/MainPage.jsx
FN:5,(anonymous_0)
FNF:1
FNH:0
FNDA:0,(anonymous_0)
DA:5,1
DA:6,0
DA:13,1
DA:15,1
LF:4
LH:3
BRF:0
BRH:0
end_of_record
TN:
SF:manufind/frontend/src/Components/Map/map.jsx
FN:24,RecenterMap
FN:26,(anonymous_1)
FN:38,(anonymous_2)
FN:24,(anonymous_3)
FN:47,(anonymous_4)
FN:54,(anonymous_5)
FN:58,(anonymous_6)
FN:65,(anonymous_7)
FN:73,(anonymous_8)
FN:82,(anonymous_9)
FN:102,(anonymous_10)
FN:117,(anonymous_11)
FN:127,(anonymous_12)
FN:131,(anonymous_13)
FN:153,(anonymous_14)
FN:175,(anonymous_15)
FN:179,(anonymous_16)
FNF:17
FNH:0
FNDA:0,RecenterMap
FNDA:0,(anonymous_1)
FNDA:0,(anonymous_2)
FNDA:0,(anonymous_3)
FNDA:0,(anonymous_4)
FNDA:0,(anonymous_5)
FNDA:0,(anonymous_6)
FNDA:0,(anonymous_7)
FNDA:0,(anonymous_8)
FNDA:0,(anonymous_9)
FNDA:0,(anonymous_10)
FNDA:0,(anonymous_11)
FNDA:0,(anonymous_12)
FNDA:0,(anonymous_13)
FNDA:0,(anonymous_14)
FNDA:0,(anonymous_15)
FNDA:0,(anonymous_16)
DA:8,1
DA:16,1
DA:24,0
DA:25,1
DA:26,0
DA:27,0
DA:28,0
DA:34,0
DA:35,0
DA:36,0
DA:38,0
DA:39,0
DA:44,0
DA:45,1
DA:47,1
DA:48,0
DA:49,0
DA:50,0
DA:51,0
DA:52,0
DA:54,0
DA:55,0
DA:58,0
DA:59,0
DA:60,0
DA:61,0
DA:63,0
DA:64,0
DA:66,0
DA:67,0
DA:68,0
DA:70,0
DA:73,0
DA:76,0
DA:78,0
DA:82,0
DA:83,0
DA:84,0
DA:87,0
DA:88,0
DA:90,0
DA:91,0
DA:97,0
DA:99,0
DA:102,0
DA:103,0
DA:104,0
DA:106,0
DA:110,0
DA:111,0
DA:112,0
DA:114,0
DA:115,0
DA:116,0
DA:117,0
DA:118,0
DA:120,0
DA:123,0
DA:127,0
DA:128,0
DA:131,0
DA:132,0
DA:134,0
DA:136,0
DA:138,0
DA:140,0
DA:142,0
DA:146,0
DA:153,0
DA:176,0
DA:180,0
DA:199,1
DA:201,2
LF:73
LH:7
BRDA:27,0,0,0
BRDA:27,1,0,0
BRDA:27,1,1,0
BRDA:63,2,0,0
BRDA:66,3,0,0
BRDA:90,4,0,0
BRDA:104,5,0,0
BRDA:114,6,0,0
BRDA:114,6,1,0
BRDA:132,7,0,0
BRDA:132,7,1,0
BRDA:132,7,2,0
BRDA:132,7,3,0
BRDA:132,7,4,0
BRDA:158,8,0,0
BRDA:158,8,1,0
BRDA:193,9,0,0
BRDA:193,9,1,0
BRF:18
BRH:0
end_of_record
TN:
SF:manufind/frontend/src/Components/ProfileClient/ProfileClient.jsx
FN:6,(anonymous_0)
FN:14,handleUpdate
FN:43,(anonymous_2)
FN:46,(anonymous_3)
FN:6,(anonymous_4)
FNF:5
FNH:2
FNDA:2,(anonymous_0)
FNDA:0,handleUpdate
FNDA:0,(anonymous_2)
FNDA:0,(anonymous_3)
FNDA:1,(anonymous_4)
DA:6,2
DA:7,2
DA:8,2
DA:9,2
DA:10,2
DA:12,2
DA:15,0
DA:16,0
DA:17,0
DA:23,0
DA:24,0
DA:25,0
DA:26,0
DA:28,0
DA:31,0
DA:35,2
DA:43,0
DA:46,0
DA:54,1
DA:56,1
LF:20
LH:9
BRDA:8,0,0,2
BRDA:8,0,1,0
BRDA:9,1,0,2
BRDA:9,1,1,0
BRDA:12,2,0,0
BRDA:24,3,0,0
BRDA:24,3,1,0
BRDA:51,4,0,2
BRDA:51,4,1,0
BRF:9
BRH:3
end_of_record
TN:
SF:manufind/frontend/src/Components/ProfilePrestataire/ProfilePrestataire.jsx
FN:6,(anonymous_0)
FN:14,handleUpdate
FN:43,(anonymous_2)
FN:46,(anonymous_3)
FN:6,(anonymous_4)
FNF:5
FNH:0
FNDA:0,(anonymous_0)
FNDA:0,handleUpdate
FNDA:0,(anonymous_2)
FNDA:0,(anonymous_3)
FNDA:0,(anonymous_4)
DA:6,1
DA:7,1
DA:8,0
DA:9,0
DA:10,0
DA:12,0
DA:15,0
DA:16,0
DA:17,0
DA:23,0
DA:24,0
DA:25,0
DA:26,0
DA:28,0
DA:31,0
DA:35,0
DA:43,0
DA:46,0
DA:54,1
DA:56,1
LF:20
LH:4
BRDA:8,0,0,0
BRDA:8,0,1,0
BRDA:9,1,0,0
BRDA:9,1,1,0
BRDA:12,2,0,0
BRDA:24,3,0,0
BRDA:24,3,1,0
BRDA:51,4,0,0
BRDA:51,4,1,0
BRF:9
BRH:0
end_of_record
TN:
SF:manufind/frontend/src/Components/RequestCard/RequestCard.jsx
FN:5,(anonymous_0)
FN:33,(anonymous_1)
FN:83,(anonymous_2)
FN:87,(anonymous_3)
FN:99,(anonymous_4)
FN:108,(anonymous_5)
FN:117,(anonymous_6)
FN:125,(anonymous_7)
FN:132,(anonymous_8)
FN:5,(anonymous_9)
FNF:10
FNH:0
FNDA:0,(anonymous_0)
FNDA:0,(anonymous_1)
FNDA:0,(anonymous_2)
FNDA:0,(anonymous_3)
FNDA:0,(anonymous_4)
FNDA:0,(anonymous_5)
FNDA:0,(anonymous_6)
FNDA:0,(anonymous_7)
FNDA:0,(anonymous_8)
FNDA:0,(anonymous_9)
DA:5,1
DA:6,1
DA:7,0
DA:8,0
DA:9,0
DA:10,0
DA:11,0
DA:12,0
DA:13,0
DA:15,0
DA:33,0
DA:34,0
DA:36,0
DA:37,0
DA:38,0
DA:39,0
DA:42,0
DA:52,0
DA:53,0
DA:59,0
DA:60,0
DA:61,0
DA:62,0
DA:63,0
DA:64,0
DA:65,0
DA:67,0
DA:68,0
DA:71,0
DA:75,0
DA:83,0
DA:88,0
DA:99,0
DA:108,0
DA:117,0
DA:125,0
DA:132,0
DA:149,1
DA:151,1
LF:39
LH:4
BRDA:36,0,0,0
BRDA:36,0,1,0
BRDA:37,1,0,0
BRDA:48,2,0,0
BRDA:48,2,1,0
BRDA:49,3,0,0
BRDA:49,3,1,0
BRDA:59,4,0,0
BRDA:59,4,1,0
BRDA:68,5,0,0
BRDA:68,5,1,0
BRDA:138,6,0,0
BRDA:138,6,1,0
BRF:13
BRH:0
end_of_record
TN:
SF:manufind/frontend/src/Components/RequestModal/RequestModal.jsx
FN:4,(anonymous_0)
FNF:1
FNH:0
FNDA:0,(anonymous_0)
DA:4,1
DA:5,0
DA:7,0
DA:21,1
DA:23,1
LF:5
LH:3
BRDA:5,0,0,0
BRF:1
BRH:0
end_of_record
TN:
SF:manufind/frontend/src/Components/RootLayout/RootLayout.jsx
FN:6,(anonymous_0)
FNF:1
FNH:1
FNDA:2,(anonymous_0)
DA:6,1
DA:7,2
DA:15,1
DA:17,1
LF:4
LH:4
BRF:0
BRH:0
end_of_record
TN:
SF:manufind/frontend/src/Components/SearchCard/SearchCard.jsx
FN:3,(anonymous_0)
FNF:1
FNH:0
FNDA:0,(anonymous_0)
DA:3,1
DA:4,0
DA:16,1
DA:18,1
LF:4
LH:3
BRF:0
BRH:0
end_of_record
TN:
SF:manufind/frontend/src/Components/Services/Services.jsx
FN:3,(anonymous_0)
FNF:1
FNH:0
FNDA:0,(anonymous_0)
DA:3,1
DA:4,0
DA:7,1
DA:9,1
LF:4
LH:3
BRF:0
BRH:0
end_of_record
TN:
SF:manufind/frontend/src/Components/SignupForm/SignupForm.jsx
FN:6,(anonymous_0)
FN:15,handleSubmit
FN:52,(anonymous_2)
FN:60,(anonymous_3)
FN:68,(anonymous_4)
FN:76,(anonymous_5)
FN:81,(anonymous_6)
FN:6,(anonymous_7)
FNF:8
FNH:0
FNDA:0,(anonymous_0)
FNDA:0,handleSubmit
FNDA:0,(anonymous_2)
FNDA:0,(anonymous_3)
FNDA:0,(anonymous_4)
FNDA:0,(anonymous_5)
FNDA:0,(anonymous_6)
FNDA:0,(anonymous_7)
DA:6,1
DA:7,0
DA:8,0
DA:9,0
DA:10,0
DA:11,0
DA:12,0
DA:13,1
DA:16,0
DA:18,0
DA:19,0
DA:20,0
DA:23,0
DA:24,0
DA:30,0
DA:31,0
DA:32,0
DA:34,0
DA:38,0
DA:52,0
DA:60,0
DA:68,0
DA:76,0
DA:81,0
DA:110,1
DA:112,1
LF:26
LH:4
BRDA:18,0,0,0
BRDA:31,1,0,0
BRDA:31,1,1,0
BRDA:32,2,0,0
BRDA:32,2,1,0
BRDA:86,3,0,0
BRDA:86,3,1,0
BRF:7
BRH:0
end_of_record
TN:
SF:manufind/frontend/src/config/api.js
FNF:0
FNH:0
DA:1,1
LF:1
LH:1
BRDA:1,0,0,0
BRDA:1,0,1,1
BRDA:2,1,0,0
BRDA:2,1,1,0
BRDA:4,2,0,1
BRDA:4,2,1,1
BRF:6
BRH:3
end_of_record
